Sat May 03 07:11:33 Saved as file D:\SOUND LEVEL METER PROJECT\MO PHONG_SOUND LEVEL METER_V3\SOUND LEVEL METER_OK\BOARD_NOISE LEVEL METER\GERBER\NOISE LEVEL METER-11.MAX
Sat May 03 07:20:33 Saved as file BACKUP1.MAX
Sat May 03 07:50:04 Loaded file D:\SOUND LEVEL METER PROJECT\MO PHONG_SOUND LEVEL METER_V3\SOUND LEVEL METER_OK\BOARD_NOISE LEVEL METER\GERBER\NOISE LEVEL METER-11.MAX
Sat May 03 21:26:33 Saved as file D:\SOUND LEVEL METER PROJECT\MO PHONG_SOUND LEVEL METER_V3\SOUND LEVEL METER_OK\BOARD_NOISE LEVEL METER\GERBER\NOISE LEVEL METER-11.MAX
Sat May 03 21:26:43 Loaded file D:\SOUND LEVEL METER PROJECT\MO PHONG_SOUND LEVEL METER_V3\SOUND LEVEL METER_OK\BOARD_NOISE LEVEL METER\GERBER\NOISE LEVEL METER-11.MAX
Sat May 03 21:36:37 Saved as file BACKUP1.MAX
Sat May 03 21:46:37 Saved as file BACKUP1.MAX
Sat May 03 21:48:20 Loaded file C:\OrCAD\OrCAD_10.5\tools\Layout_Plus\data\template.imp
Sat May 03 21:48:20 Loaded file C:\OrCAD\OrCAD_10.5\tools\Layout_Plus\data\template.imp
Sat May 03 21:48:21 Loaded file D:\MN_THU VIEN ORCARD\1.MN_DIP_LIBRARY ORCAD.LLB
Sat May 03 21:48:23 Loaded file C:\OrCAD\OrCAD_10.5\tools\Layout_Plus\data\template.imp
Sat May 03 21:48:26 Loaded file C:\OrCAD\OrCAD_10.5\tools\Layout_Plus\data\template.imp
Sat May 03 21:48:27 Loaded file C:\OrCAD\OrCAD_10.5\tools\Layout_Plus\data\template.imp
Sat May 03 21:48:35 Saved as file ~undo.max
Sat May 03 21:48:53 Saved as file ~undo.max
Sat May 03 21:49:17 Saved as file D:\SOUND LEVEL METER PROJECT\MO PHONG_SOUND LEVEL METER_V3\SOUND LEVEL METER_OK\BOARD_NOISE LEVEL METER\GERBER\NOISE LEVEL METER-11.MAX
Sat May 03 21:53:15 Saved as file D:\SOUND LEVEL METER PROJECT\MO PHONG_SOUND LEVEL METER_V3\SOUND LEVEL METER_OK\BOARD_NOISE LEVEL METER\GERBER\NOISE LEVEL METER-11.MAX
Sat May 03 21:56:38 Saved as file BACKUP1.MAX
Sat May 03 21:58:50 Saved as file D:\SOUND LEVEL METER PROJECT\MO PHONG_SOUND LEVEL METER_V3\SOUND LEVEL METER_OK\BOARD_NOISE LEVEL METER\GERBER\NOISE LEVEL METER-11.MAX
Sat May 03 21:58:57 Saved as file ~undo.max
Sat May 03 22:04:20 Saved as file D:\SOUND LEVEL METER PROJECT\MO PHONG_SOUND LEVEL METER_V3\SOUND LEVEL METER_OK\BOARD_NOISE LEVEL METER\GERBER\NOISE LEVEL METER-11.MAX
Sat May 03 22:04:25 Saved as file D:\SOUND LEVEL METER PROJECT\MO PHONG_SOUND LEVEL METER_V3\SOUND LEVEL METER_OK\BOARD_NOISE LEVEL METER\GERBER\NOISE LEVEL METER-11.MAX
Sat May 03 22:04:30 Saved as file D:\SOUND LEVEL METER PROJECT\MO PHONG_SOUND LEVEL METER_V3\SOUND LEVEL METER_OK\BOARD_NOISE LEVEL METER\GERBER\NOISE LEVEL METER-11.MAX
Sat May 03 22:04:45 Saved as file D:\SOUND LEVEL METER PROJECT\MO PHONG_SOUND LEVEL METER_V3\SOUND LEVEL METER_OK\BOARD_NOISE LEVEL METER\GERBER\NOISE LEVEL METER-11.MAX
Sat May 03 22:06:02 Saved as file D:\SOUND LEVEL METER PROJECT\MO PHONG_SOUND LEVEL METER_V3\SOUND LEVEL METER_OK\BOARD_NOISE LEVEL METER\GERBER\NOISE LEVEL METER-11.MAX
Sat May 03 22:06:38 Saved as file BACKUP1.MAX
Sat May 03 22:08:19 Saved as file D:\SOUND LEVEL METER PROJECT\MO PHONG_SOUND LEVEL METER_V3\SOUND LEVEL METER_OK\BOARD_NOISE LEVEL METER\GERBER\NOISE LEVEL METER-11.MAX
Sat May 03 22:08:45 Saved as file D:\SOUND LEVEL METER PROJECT\MO PHONG_SOUND LEVEL METER_V3\SOUND LEVEL METER_OK\BOARD_NOISE LEVEL METER\GERBER\NOISE LEVEL METER-11.MAX
Sat May 03 22:08:50 Saved as file ~undo.max
Sat May 03 22:10:08 Saved as file D:\SOUND LEVEL METER PROJECT\MO PHONG_SOUND LEVEL METER_V3\SOUND LEVEL METER_OK\BOARD_NOISE LEVEL METER\GERBER\NOISE LEVEL METER-11.MAX
Sat May 03 22:14:28 Saved as file ~undo.max
Sat May 03 22:16:11 Saved as file ~undo.max
Sat May 03 22:16:15 Saved as file D:\SOUND LEVEL METER PROJECT\MO PHONG_SOUND LEVEL METER_V3\SOUND LEVEL METER_OK\BOARD_NOISE LEVEL METER\GERBER\NOISE LEVEL METER-11.MAX
Sat May 03 22:16:38 Saved as file BACKUP1.MAX
Sat May 03 22:17:15 Saved as file D:\SOUND LEVEL METER PROJECT\MO PHONG_SOUND LEVEL METER_V3\SOUND LEVEL METER_OK\BOARD_NOISE LEVEL METER\GERBER\NOISE LEVEL METER-11.MAX
Sat May 03 22:18:02 Saved as file ~undo.max
Sat May 03 22:18:08 Saved as file ~undo.max
Sat May 03 22:20:21 Saved as file D:\SOUND LEVEL METER PROJECT\MO PHONG_SOUND LEVEL METER_V3\SOUND LEVEL METER_OK\BOARD_NOISE LEVEL METER\GERBER\NOISE LEVEL METER-11.MAX
Sat May 03 22:20:24 Saved as file ~undo.max
Sat May 03 22:21:09 Saved as file D:\SOUND LEVEL METER PROJECT\MO PHONG_SOUND LEVEL METER_V3\SOUND LEVEL METER_OK\BOARD_NOISE LEVEL METER\GERBER\NOISE LEVEL METER-11.MAX
Sat May 03 22:21:11 Saved as file D:\SOUND LEVEL METER PROJECT\MO PHONG_SOUND LEVEL METER_V3\SOUND LEVEL METER_OK\BOARD_NOISE LEVEL METER\GERBER\NOISE LEVEL METER-11.MAX
Sat May 03 22:21:40 Saved as file D:\SOUND LEVEL METER PROJECT\MO PHONG_SOUND LEVEL METER_V3\SOUND LEVEL METER_OK\BOARD_NOISE LEVEL METER\GERBER\NOISE LEVEL METER-11.MAX
Sat May 03 22:22:50 Saved as file D:\SOUND LEVEL METER PROJECT\MO PHONG_SOUND LEVEL METER_V3\SOUND LEVEL METER_OK\BOARD_NOISE LEVEL METER\GERBER\NOISE LEVEL METER-11.MAX
Sat May 03 22:24:19 Loaded file D:\SOUND LEVEL METER PROJECT\MO PHONG_SOUND LEVEL METER_V3\SOUND LEVEL METER_OK\BOARD_NOISE LEVEL METER\GERBER\NOISE LEVEL METER-11.MAX
Sat May 03 22:24:45 Saved as file D:\SOUND LEVEL METER PROJECT\MO PHONG_SOUND LEVEL METER_V3\SOUND LEVEL METER_OK\BOARD_NOISE LEVEL METER\GERBER\NOISE LEVEL METER-12.MAX
Sat May 03 22:27:08 Saved as file BACKUP1.MAX
Sat May 03 22:27:33 Saved as file D:\SOUND LEVEL METER PROJECT\MO PHONG_SOUND LEVEL METER_V3\SOUND LEVEL METER_OK\BOARD_NOISE LEVEL METER\GERBER\NOISE LEVEL METER-12.MAX
Sat May 03 22:27:40 Saved as file D:\SOUND LEVEL METER PROJECT\MO PHONG_SOUND LEVEL METER_V3\SOUND LEVEL METER_OK\BOARD_NOISE LEVEL METER\GERBER\NOISE LEVEL METER-13.MAX
Sat May 03 22:28:58 Saved as file D:\SOUND LEVEL METER PROJECT\MO PHONG_SOUND LEVEL METER_V3\SOUND LEVEL METER_OK\BOARD_NOISE LEVEL METER\GERBER\NOISE LEVEL METER-13.MAX
Sat May 03 22:29:06 Loaded file D:\SOUND LEVEL METER PROJECT\MO PHONG_SOUND LEVEL METER_V3\SOUND LEVEL METER_OK\BOARD_NOISE LEVEL METER\GERBER\NOISE LEVEL METER-12.MAX
Sat May 03 22:29:13 Loaded file D:\SOUND LEVEL METER PROJECT\MO PHONG_SOUND LEVEL METER_V3\SOUND LEVEL METER_OK\BOARD_NOISE LEVEL METER\GERBER\NOISE LEVEL METER-11.MAX
Sat May 03 22:29:48 Saved as file D:\SOUND LEVEL METER PROJECT\MO PHONG_SOUND LEVEL METER_V3\SOUND LEVEL METER_OK\BOARD_NOISE LEVEL METER\GERBER\NOISE LEVEL METER-12.MAX
Sat May 03 22:30:00 Saved as file D:\SOUND LEVEL METER PROJECT\MO PHONG_SOUND LEVEL METER_V3\SOUND LEVEL METER_OK\BOARD_NOISE LEVEL METER\GERBER\NOISE LEVEL METER-13.MAX
Sat May 03 22:31:37 Saved as file D:\SOUND LEVEL METER PROJECT\MO PHONG_SOUND LEVEL METER_V3\SOUND LEVEL METER_OK\BOARD_NOISE LEVEL METER\GERBER\NOISE LEVEL METER-13.MAX
Sat May 03 22:32:52 Saved as file D:\SOUND LEVEL METER PROJECT\MO PHONG_SOUND LEVEL METER_V3\SOUND LEVEL METER_OK\BOARD_NOISE LEVEL METER\GERBER\NOISE LEVEL METER-13.MAX
Sat May 03 22:32:59 Saved as file D:\SOUND LEVEL METER PROJECT\MO PHONG_SOUND LEVEL METER_V3\SOUND LEVEL METER_OK\BOARD_NOISE LEVEL METER\GERBER\NOISE LEVEL METER-14.MAX
Sat May 03 22:33:56 Saved as file D:\SOUND LEVEL METER PROJECT\MO PHONG_SOUND LEVEL METER_V3\SOUND LEVEL METER_OK\BOARD_NOISE LEVEL METER\GERBER\NOISE LEVEL METER-14.MAX
Sat May 03 22:35:23 Saved as file D:\SOUND LEVEL METER PROJECT\MO PHONG_SOUND LEVEL METER_V3\SOUND LEVEL METER_OK\BOARD_NOISE LEVEL METER\GERBER\NOISE LEVEL METER-14.MAX
Sat May 03 22:36:07 Saved as file D:\SOUND LEVEL METER PROJECT\MO PHONG_SOUND LEVEL METER_V3\SOUND LEVEL METER_OK\BOARD_NOISE LEVEL METER\GERBER\NOISE LEVEL METER-14.MAX
Sat May 03 22:36:14 Saved as file D:\SOUND LEVEL METER PROJECT\MO PHONG_SOUND LEVEL METER_V3\SOUND LEVEL METER_OK\BOARD_NOISE LEVEL METER\GERBER\NOISE LEVEL METER-15.MAX
Sat May 03 22:38:09 Saved as file BACKUP1.MAX
Sat May 03 22:40:43 Saved as file D:\SOUND LEVEL METER PROJECT\MO PHONG_SOUND LEVEL METER_V3\SOUND LEVEL METER_OK\BOARD_NOISE LEVEL METER\GERBER\NOISE LEVEL METER-15.MAX
Sat May 03 22:41:15 Saved as file D:\SOUND LEVEL METER PROJECT\MO PHONG_SOUND LEVEL METER_V3\SOUND LEVEL METER_OK\BOARD_NOISE LEVEL METER\GERBER\NOISE LEVEL METER-15.MAX
Sat May 03 22:41:16 Saved as file D:\SOUND LEVEL METER PROJECT\MO PHONG_SOUND LEVEL METER_V3\SOUND LEVEL METER_OK\BOARD_NOISE LEVEL METER\GERBER\NOISE LEVEL METER-15.MAX
Sat May 03 22:42:43 Saved as file D:\SOUND LEVEL METER PROJECT\MO PHONG_SOUND LEVEL METER_V3\SOUND LEVEL METER_OK\BOARD_NOISE LEVEL METER\GERBER\NOISE LEVEL METER-15.MAX
Sat May 03 22:48:36 Saved as file ~undo.max
Sat May 03 22:48:39 Saved as file BACKUP1.MAX
Sat May 03 22:49:59 Saved as file D:\SOUND LEVEL METER PROJECT\MO PHONG_SOUND LEVEL METER_V3\SOUND LEVEL METER_OK\BOARD_NOISE LEVEL METER\GERBER\NOISE LEVEL METER-15.MAX
Sat May 03 22:50:04 Saved as file D:\SOUND LEVEL METER PROJECT\MO PHONG_SOUND LEVEL METER_V3\SOUND LEVEL METER_OK\BOARD_NOISE LEVEL METER\GERBER\NOISE LEVEL METER-15.MAX
Sat May 03 22:56:34 Saved as file D:\SOUND LEVEL METER PROJECT\MO PHONG_SOUND LEVEL METER_V3\SOUND LEVEL METER_OK\BOARD_NOISE LEVEL METER\GERBER\NOISE LEVEL METER-16.MAX
Sun May 04 16:41:35 Saved as file ~undo.max
Sun May 04 16:41:54 Saved as file D:\SOUND LEVEL METER PROJECT\MO PHONG_SOUND LEVEL METER_V3\SOUND LEVEL METER_OK\BOARD_NOISE LEVEL METER\GERBER\NOISE LEVEL METER-16.MAX
Sun May 04 16:43:58 Saved as file ~undo.max
Sun May 04 16:44:29 Saved as file BACKUP1.MAX
Sun May 04 16:46:03 Saved as file D:\SOUND LEVEL METER PROJECT\MO PHONG_SOUND LEVEL METER_V3\SOUND LEVEL METER_OK\BOARD_NOISE LEVEL METER\GERBER\NOISE LEVEL METER-17.MAX
Sun May 04 16:48:46 Saved as file D:\SOUND LEVEL METER PROJECT\MO PHONG_SOUND LEVEL METER_V3\SOUND LEVEL METER_OK\BOARD_NOISE LEVEL METER\GERBER\NOISE LEVEL METER-17.MAX
Sun May 04 16:49:22 Saved as file D:\SOUND LEVEL METER PROJECT\MO PHONG_SOUND LEVEL METER_V3\SOUND LEVEL METER_OK\BOARD_NOISE LEVEL METER\GERBER\NOISE LEVEL METER-18.MAX
Sun May 04 16:49:42 Saved as file D:\SOUND LEVEL METER PROJECT\MO PHONG_SOUND LEVEL METER_V3\SOUND LEVEL METER_OK\BOARD_NOISE LEVEL METER\GERBER\NOISE LEVEL METER-18.MAX
Sun May 04 16:53:38 Saved as file D:\SOUND LEVEL METER PROJECT\MO PHONG_SOUND LEVEL METER_V3\SOUND LEVEL METER_OK\BOARD_NOISE LEVEL METER\GERBER\NOISE LEVEL METER-19.MAX
Sun May 04 19:09:07 Loaded file D:\SOUND LEVEL METER PROJECT\MO PHONG_SOUND LEVEL METER_V3\SOUND LEVEL METER_OK\BOARD_NOISE LEVEL METER\GERBER\NOISE LEVEL METER-13.MAX
Sun May 04 19:09:21 Loaded file D:\SOUND LEVEL METER PROJECT\MO PHONG_SOUND LEVEL METER_V3\SOUND LEVEL METER_OK\BOARD_NOISE LEVEL METER\GERBER\NOISE LEVEL METER-18.MAX
Sun May 04 19:10:00 Loaded file D:\SOUND LEVEL METER PROJECT\MO PHONG_SOUND LEVEL METER_V3\SOUND LEVEL METER_OK\BOARD_NOISE LEVEL METER\GERBER\NOISE LEVEL METER-19.MAX
Thu Jul 10 23:01:39 Saved as file BACKUP1.MAX
Thu Jul 10 23:11:39 Saved as file BACKUP1.MAX
