Post Processor Report
OrCAD FILE: D:\SOUND LEVEL METER PROJECT\MO PHONG_SOUND LEVEL METER_V3\SOUND LEVEL METER_OK\BOARD_NOISE LEVEL METER\GERBER\NOISE LEVEL METER-15.MAX
Sat May 03 22:51:23 2014

*********************************************************

Output file: D:\SOUND LEVEL METER PROJECT\MO PHONG_SOUND LEVEL METER_V3\SOUND LEVEL METER_OK\BOARD_NOISE LEVEL METER\GERBER\NOISE LEVEL METER-15.TOP

Aperture totals for D:\SOUND LEVEL METER PROJECT\MO PHONG_SOUND LEVEL METER_V3\SOUND LEVEL METER_OK\BOARD_NOISE LEVEL METER\GERBER\NOISE LEVEL METER-15.TOP:
---------------------------------------------------------
D10:  0.0600 ROUND  --       0 Draws,      11 Flashes
D11:  0.0600 SQUARE --       0 Draws,      11 Flashes
D12:  0.0800 ROUND  --       0 Draws,       1 Flashes
D13:  0.0800 SQUARE --       0 Draws,       1 Flashes
D14:  0.1000 SQUARE --       0 Draws,       1 Flashes
D15:  0.1000 ROUND  --       0 Draws,      11 Flashes
D16:  0.0950 x 0.0650 OBLONG    -----      19 Flashes
D17:  0.0950 x 0.0650 RECTANGLE -----       7 Flashes
D18:  0.0800 x 0.0600 OBLONG    -----      42 Flashes
D19:  0.0800 x 0.0600 RECTANGLE -----       2 Flashes
D20:  0.1400 x 0.1900 RECTANGLE -----       2 Flashes
D21:  0.0700 ROUND  --       0 Draws,       8 Flashes
D22:  0.0700 SQUARE --       0 Draws,       1 Flashes
D23:  0.1575 ROUND  --       0 Draws,       4 Flashes
D24:  0.0750 x 0.0900 OBLONG    -----      15 Flashes
D25:  0.0750 x 0.0900 RECTANGLE -----       1 Flashes
D26:  0.0900 x 0.0800 OBLONG    -----       1 Flashes
D27:  0.0800 x 0.0900 OBLONG    -----       1 Flashes
D28:  0.0900 x 0.0800 RECTANGLE -----       1 Flashes
D29:  0.4000 x 0.3000 OBLONG    -----       1 Flashes
D30:  0.4000 x 0.3000 RECTANGLE -----       1 Flashes
D31:  0.0650 x 0.0950 RECTANGLE -----       7 Flashes
D32:  0.1180 ROUND  --       0 Draws,       6 Flashes
D33:  0.0650 x 0.0950 OBLONG    -----       9 Flashes
D34:  0.0590 x 0.0394 RECTANGLE -----      12 Flashes
D35:  0.0394 x 0.0590 RECTANGLE -----      34 Flashes
D36:  0.0790 ROUND  --       0 Draws,      16 Flashes
D37:  0.1181 x 0.1575 OBLONG    -----       2 Flashes
D38:  0.1181 x 0.1575 RECTANGLE -----       1 Flashes
D39:  0.0700 x 0.0850 OBLONG    -----       2 Flashes
D40:  0.0700 x 0.0850 RECTANGLE -----       1 Flashes
D41:  0.0500 ROUND  --       0 Draws,       1 Flashes
D42:  0.0500 SQUARE --       0 Draws,      20 Flashes
D43:  0.0480 x 0.0740 RECTANGLE -----       4 Flashes
D44:  0.0512 x 0.0590 RECTANGLE -----      12 Flashes
D45:  0.1500 x 0.0800 OBLONG    -----       4 Flashes
D46:  0.0850 x 0.0650 OBLONG    -----       6 Flashes
D47:  0.0850 x 0.0650 RECTANGLE -----       2 Flashes
D48:  0.0149 x 0.0590 OBLONG    -----      56 Flashes
D49:  0.0300 ROUND  --      99 Draws,       0 Flashes
D50:  0.0200 ROUND  --     779 Draws,       0 Flashes
D51:  0.0100 ROUND  --     142 Draws,       0 Flashes
D52:  0.0350 ROUND  --    2264 Draws,       0 Flashes
D53:  0.0500 ROUND  --       0 Draws,      54 Flashes
D54:  0.0250 ROUND  --     134 Draws,       0 Flashes
D55:  0.0150 ROUND  --     252 Draws,       0 Flashes
D56:  0.0500 ROUND  --       1 Draws,       0 Flashes
---------------------------------------------------------
 47 D-Codes      -----    3671 Draws,     391 Flashes

*********************************************************

Output file: D:\SOUND LEVEL METER PROJECT\MO PHONG_SOUND LEVEL METER_V3\SOUND LEVEL METER_OK\BOARD_NOISE LEVEL METER\GERBER\NOISE LEVEL METER-15.BOT

Aperture totals for D:\SOUND LEVEL METER PROJECT\MO PHONG_SOUND LEVEL METER_V3\SOUND LEVEL METER_OK\BOARD_NOISE LEVEL METER\GERBER\NOISE LEVEL METER-15.BOT:
---------------------------------------------------------
D10:  0.0600 ROUND  --       0 Draws,      11 Flashes
D11:  0.0600 SQUARE --       0 Draws,      11 Flashes
D12:  0.0800 ROUND  --       0 Draws,       1 Flashes
D13:  0.0800 SQUARE --       0 Draws,       1 Flashes
D14:  0.1000 SQUARE --       0 Draws,       1 Flashes
D15:  0.1000 ROUND  --       0 Draws,      11 Flashes
D16:  0.0950 x 0.0650 OBLONG    -----      19 Flashes
D17:  0.0950 x 0.0650 RECTANGLE -----       7 Flashes
D18:  0.0800 x 0.0600 OBLONG    -----      42 Flashes
D19:  0.0800 x 0.0600 RECTANGLE -----       2 Flashes
D20:  0.1400 x 0.1900 RECTANGLE -----       2 Flashes
D21:  0.0700 ROUND  --       0 Draws,       8 Flashes
D22:  0.0700 SQUARE --       0 Draws,       1 Flashes
D23:  0.1575 ROUND  --       0 Draws,       4 Flashes
D24:  0.0750 x 0.0900 OBLONG    -----      15 Flashes
D25:  0.0750 x 0.0900 RECTANGLE -----       1 Flashes
D26:  0.0900 x 0.0800 OBLONG    -----       1 Flashes
D27:  0.0800 x 0.0900 OBLONG    -----       1 Flashes
D28:  0.0900 x 0.0800 RECTANGLE -----       1 Flashes
D29:  0.4000 x 0.3000 OBLONG    -----       1 Flashes
D30:  0.4000 x 0.3000 RECTANGLE -----       1 Flashes
D31:  0.0650 x 0.0950 RECTANGLE -----       7 Flashes
D32:  0.1180 ROUND  --       0 Draws,       6 Flashes
D33:  0.0650 x 0.0950 OBLONG    -----       9 Flashes
D37:  0.1181 x 0.1575 OBLONG    -----       2 Flashes
D38:  0.1181 x 0.1575 RECTANGLE -----       1 Flashes
D39:  0.0700 x 0.0850 OBLONG    -----       2 Flashes
D40:  0.0700 x 0.0850 RECTANGLE -----       1 Flashes
D41:  0.0500 ROUND  --       0 Draws,       1 Flashes
D45:  0.1500 x 0.0800 OBLONG    -----       4 Flashes
D46:  0.0850 x 0.0650 OBLONG    -----       6 Flashes
D47:  0.0850 x 0.0650 RECTANGLE -----       2 Flashes
D49:  0.0300 ROUND  --      87 Draws,       0 Flashes
D50:  0.0200 ROUND  --    1148 Draws,       0 Flashes
D51:  0.0100 ROUND  --     137 Draws,       0 Flashes
D52:  0.0350 ROUND  --    1747 Draws,       0 Flashes
D53:  0.0500 ROUND  --       0 Draws,      54 Flashes
D54:  0.0250 ROUND  --      76 Draws,       0 Flashes
D55:  0.0150 ROUND  --      26 Draws,       0 Flashes
D57:  0.0787 ROUND  --       0 Draws,      16 Flashes
D58:  0.0400 ROUND  --       3 Draws,       0 Flashes
D59:  0.0065 ROUND  --     116 Draws,       0 Flashes
D60:  0.0060 ROUND  --      36 Draws,       0 Flashes
D61:  0.0070 ROUND  --     110 Draws,       0 Flashes
D62:  0.0080 ROUND  --      54 Draws,       0 Flashes
---------------------------------------------------------
 45 D-Codes      -----    3540 Draws,     253 Flashes

*********************************************************

Output file: D:\SOUND LEVEL METER PROJECT\MO PHONG_SOUND LEVEL METER_V3\SOUND LEVEL METER_OK\BOARD_NOISE LEVEL METER\GERBER\NOISE LEVEL METER-15.GND

Aperture totals for D:\SOUND LEVEL METER PROJECT\MO PHONG_SOUND LEVEL METER_V3\SOUND LEVEL METER_OK\BOARD_NOISE LEVEL METER\GERBER\NOISE LEVEL METER-15.GND:
---------------------------------------------------------
D10:  0.0600 ROUND  --       0 Draws,      11 Flashes
D11:  0.0600 SQUARE --       0 Draws,      11 Flashes
D12:  0.0800 ROUND  --       0 Draws,       1 Flashes
D13:  0.0800 SQUARE --       0 Draws,       1 Flashes
D14:  0.1000 SQUARE --       0 Draws,       1 Flashes
D15:  0.1000 ROUND  --       0 Draws,      11 Flashes
D16:  0.0950 x 0.0650 OBLONG    -----      19 Flashes
D17:  0.0950 x 0.0650 RECTANGLE -----       7 Flashes
D18:  0.0800 x 0.0600 OBLONG    -----      42 Flashes
D19:  0.0800 x 0.0600 RECTANGLE -----       2 Flashes
D20:  0.1400 x 0.1900 RECTANGLE -----       2 Flashes
D23:  0.1575 ROUND  --       0 Draws,       4 Flashes
D24:  0.0750 x 0.0900 OBLONG    -----      15 Flashes
D25:  0.0750 x 0.0900 RECTANGLE -----       1 Flashes
D26:  0.0900 x 0.0800 OBLONG    -----       1 Flashes
D27:  0.0800 x 0.0900 OBLONG    -----       1 Flashes
D28:  0.0900 x 0.0800 RECTANGLE -----       1 Flashes
D29:  0.4000 x 0.3000 OBLONG    -----       1 Flashes
D30:  0.4000 x 0.3000 RECTANGLE -----       1 Flashes
D31:  0.0650 x 0.0950 RECTANGLE -----       7 Flashes
D32:  0.1180 ROUND  --       0 Draws,       6 Flashes
D33:  0.0650 x 0.0950 OBLONG    -----       9 Flashes
D37:  0.1181 x 0.1575 OBLONG    -----       2 Flashes
D38:  0.1181 x 0.1575 RECTANGLE -----       1 Flashes
D39:  0.0700 x 0.0850 OBLONG    -----       2 Flashes
D40:  0.0700 x 0.0850 RECTANGLE -----       1 Flashes
D41:  0.0500 ROUND  --       0 Draws,       1 Flashes
D46:  0.0850 x 0.0650 OBLONG    -----       6 Flashes
D47:  0.0850 x 0.0650 RECTANGLE -----       2 Flashes
D49:  0.0300 ROUND  --       8 Draws,       0 Flashes
D50:  0.0200 ROUND  --      10 Draws,       0 Flashes
D57:  0.0787 ROUND  --       0 Draws,      16 Flashes
D63:  0.0830 ROUND  --       0 Draws,       8 Flashes
D64:  0.0830 SQUARE --       0 Draws,       1 Flashes
D65:  0.0590 x 0.0669 RECTANGLE -----      12 Flashes
D66:  0.1600 x 0.0900 OBLONG    -----       4 Flashes
D67:  0.0500 ROUND  --       0 Draws,      54 Flashes
---------------------------------------------------------
 37 D-Codes      -----      18 Draws,     265 Flashes

*********************************************************

Output file: D:\SOUND LEVEL METER PROJECT\MO PHONG_SOUND LEVEL METER_V3\SOUND LEVEL METER_OK\BOARD_NOISE LEVEL METER\GERBER\NOISE LEVEL METER-15.PWR

Aperture totals for D:\SOUND LEVEL METER PROJECT\MO PHONG_SOUND LEVEL METER_V3\SOUND LEVEL METER_OK\BOARD_NOISE LEVEL METER\GERBER\NOISE LEVEL METER-15.PWR:
---------------------------------------------------------
D10:  0.0600 ROUND  --       0 Draws,      11 Flashes
D11:  0.0600 SQUARE --       0 Draws,      11 Flashes
D12:  0.0800 ROUND  --       0 Draws,       1 Flashes
D13:  0.0800 SQUARE --       0 Draws,       1 Flashes
D14:  0.1000 SQUARE --       0 Draws,       1 Flashes
D15:  0.1000 ROUND  --       0 Draws,      11 Flashes
D16:  0.0950 x 0.0650 OBLONG    -----      19 Flashes
D17:  0.0950 x 0.0650 RECTANGLE -----       7 Flashes
D18:  0.0800 x 0.0600 OBLONG    -----      42 Flashes
D19:  0.0800 x 0.0600 RECTANGLE -----       2 Flashes
D20:  0.1400 x 0.1900 RECTANGLE -----       2 Flashes
D23:  0.1575 ROUND  --       0 Draws,       4 Flashes
D24:  0.0750 x 0.0900 OBLONG    -----      15 Flashes
D25:  0.0750 x 0.0900 RECTANGLE -----       1 Flashes
D26:  0.0900 x 0.0800 OBLONG    -----       1 Flashes
D27:  0.0800 x 0.0900 OBLONG    -----       1 Flashes
D28:  0.0900 x 0.0800 RECTANGLE -----       1 Flashes
D29:  0.4000 x 0.3000 OBLONG    -----       1 Flashes
D30:  0.4000 x 0.3000 RECTANGLE -----       1 Flashes
D31:  0.0650 x 0.0950 RECTANGLE -----       7 Flashes
D32:  0.1180 ROUND  --       0 Draws,       6 Flashes
D33:  0.0650 x 0.0950 OBLONG    -----       9 Flashes
D37:  0.1181 x 0.1575 OBLONG    -----       2 Flashes
D38:  0.1181 x 0.1575 RECTANGLE -----       1 Flashes
D39:  0.0700 x 0.0850 OBLONG    -----       2 Flashes
D40:  0.0700 x 0.0850 RECTANGLE -----       1 Flashes
D41:  0.0500 ROUND  --       0 Draws,       1 Flashes
D46:  0.0850 x 0.0650 OBLONG    -----       6 Flashes
D47:  0.0850 x 0.0650 RECTANGLE -----       2 Flashes
D49:  0.0300 ROUND  --       8 Draws,       0 Flashes
D50:  0.0200 ROUND  --      10 Draws,       0 Flashes
D57:  0.0787 ROUND  --       0 Draws,      16 Flashes
D63:  0.0830 ROUND  --       0 Draws,       8 Flashes
D64:  0.0830 SQUARE --       0 Draws,       1 Flashes
D65:  0.0590 x 0.0669 RECTANGLE -----      12 Flashes
D66:  0.1600 x 0.0900 OBLONG    -----       4 Flashes
D67:  0.0500 ROUND  --       0 Draws,      54 Flashes
---------------------------------------------------------
 37 D-Codes      -----      18 Draws,     265 Flashes

*********************************************************

Output file: D:\SOUND LEVEL METER PROJECT\MO PHONG_SOUND LEVEL METER_V3\SOUND LEVEL METER_OK\BOARD_NOISE LEVEL METER\GERBER\NOISE LEVEL METER-15.SMT

Aperture totals for D:\SOUND LEVEL METER PROJECT\MO PHONG_SOUND LEVEL METER_V3\SOUND LEVEL METER_OK\BOARD_NOISE LEVEL METER\GERBER\NOISE LEVEL METER-15.SMT:
---------------------------------------------------------
D32:  0.1180 ROUND  --       0 Draws,       6 Flashes
D65:  0.0590 x 0.0669 RECTANGLE -----      12 Flashes
D68:  0.0680 ROUND  --       0 Draws,      11 Flashes
D69:  0.0680 SQUARE --       0 Draws,      11 Flashes
D70:  0.0880 ROUND  --       0 Draws,       1 Flashes
D71:  0.0880 SQUARE --       0 Draws,       1 Flashes
D72:  0.1080 SQUARE --       0 Draws,       1 Flashes
D73:  0.1080 ROUND  --       0 Draws,      11 Flashes
D74:  0.1030 x 0.0730 OBLONG    -----      19 Flashes
D75:  0.1030 x 0.0730 RECTANGLE -----       7 Flashes
D76:  0.0880 x 0.0680 OBLONG    -----      42 Flashes
D77:  0.0880 x 0.0680 RECTANGLE -----       2 Flashes
D78:  0.1480 x 0.1980 RECTANGLE -----       2 Flashes
D79:  0.0780 ROUND  --       0 Draws,       8 Flashes
D80:  0.0780 SQUARE --       0 Draws,       1 Flashes
D81:  0.1650 ROUND  --       0 Draws,       4 Flashes
D82:  0.0830 x 0.0980 OBLONG    -----      15 Flashes
D83:  0.0830 x 0.0980 RECTANGLE -----       1 Flashes
D84:  0.0980 x 0.0880 OBLONG    -----       1 Flashes
D85:  0.0880 x 0.0980 OBLONG    -----       1 Flashes
D86:  0.0980 x 0.0880 RECTANGLE -----       1 Flashes
D87:  0.4080 x 0.3080 OBLONG    -----       1 Flashes
D88:  0.4080 x 0.3080 RECTANGLE -----       1 Flashes
D89:  0.0730 x 0.1030 RECTANGLE -----       7 Flashes
D90:  0.0730 x 0.1030 OBLONG    -----       9 Flashes
D91:  0.0680 x 0.0480 RECTANGLE -----      12 Flashes
D92:  0.0480 x 0.0680 RECTANGLE -----      34 Flashes
D93:  0.0870 ROUND  --       0 Draws,      16 Flashes
D94:  0.1260 x 0.1650 OBLONG    -----       2 Flashes
D95:  0.1260 x 0.1650 RECTANGLE -----       1 Flashes
D96:  0.0780 x 0.0950 OBLONG    -----       2 Flashes
D97:  0.0780 x 0.0930 RECTANGLE -----       1 Flashes
D98:  0.0550 ROUND  --       0 Draws,       1 Flashes
D99:  0.0580 SQUARE --       0 Draws,      20 Flashes
D100: 0.0560 x 0.0820 RECTANGLE -----       4 Flashes
D101: 0.1580 x 0.0880 OBLONG    -----       4 Flashes
D102: 0.0930 x 0.0730 OBLONG    -----       6 Flashes
D103: 0.0930 x 0.0730 RECTANGLE -----       2 Flashes
D104: 0.0230 x 0.0670 OBLONG    -----      56 Flashes
D105: 0.0550 ROUND  --       0 Draws,      54 Flashes
---------------------------------------------------------
 40 D-Codes      -----       0 Draws,     391 Flashes

*********************************************************

Output file: D:\SOUND LEVEL METER PROJECT\MO PHONG_SOUND LEVEL METER_V3\SOUND LEVEL METER_OK\BOARD_NOISE LEVEL METER\GERBER\NOISE LEVEL METER-15.SMB

Aperture totals for D:\SOUND LEVEL METER PROJECT\MO PHONG_SOUND LEVEL METER_V3\SOUND LEVEL METER_OK\BOARD_NOISE LEVEL METER\GERBER\NOISE LEVEL METER-15.SMB:
---------------------------------------------------------
D32:  0.1180 ROUND  --       0 Draws,       6 Flashes
D68:  0.0680 ROUND  --       0 Draws,      11 Flashes
D69:  0.0680 SQUARE --       0 Draws,      11 Flashes
D70:  0.0880 ROUND  --       0 Draws,       1 Flashes
D71:  0.0880 SQUARE --       0 Draws,       1 Flashes
D72:  0.1080 SQUARE --       0 Draws,       1 Flashes
D73:  0.1080 ROUND  --       0 Draws,      11 Flashes
D74:  0.1030 x 0.0730 OBLONG    -----      19 Flashes
D75:  0.1030 x 0.0730 RECTANGLE -----       7 Flashes
D76:  0.0880 x 0.0680 OBLONG    -----      42 Flashes
D77:  0.0880 x 0.0680 RECTANGLE -----       2 Flashes
D78:  0.1480 x 0.1980 RECTANGLE -----       2 Flashes
D79:  0.0780 ROUND  --       0 Draws,       8 Flashes
D80:  0.0780 SQUARE --       0 Draws,       1 Flashes
D81:  0.1650 ROUND  --       0 Draws,       4 Flashes
D82:  0.0830 x 0.0980 OBLONG    -----      15 Flashes
D83:  0.0830 x 0.0980 RECTANGLE -----       1 Flashes
D84:  0.0980 x 0.0880 OBLONG    -----       1 Flashes
D85:  0.0880 x 0.0980 OBLONG    -----       1 Flashes
D86:  0.0980 x 0.0880 RECTANGLE -----       1 Flashes
D87:  0.4080 x 0.3080 OBLONG    -----       1 Flashes
D88:  0.4080 x 0.3080 RECTANGLE -----       1 Flashes
D89:  0.0730 x 0.1030 RECTANGLE -----       7 Flashes
D90:  0.0730 x 0.1030 OBLONG    -----       9 Flashes
D93:  0.0870 ROUND  --       0 Draws,      16 Flashes
D94:  0.1260 x 0.1650 OBLONG    -----       2 Flashes
D95:  0.1260 x 0.1650 RECTANGLE -----       1 Flashes
D96:  0.0780 x 0.0950 OBLONG    -----       2 Flashes
D97:  0.0780 x 0.0930 RECTANGLE -----       1 Flashes
D98:  0.0550 ROUND  --       0 Draws,       1 Flashes
D101: 0.1580 x 0.0880 OBLONG    -----       4 Flashes
D102: 0.0930 x 0.0730 OBLONG    -----       6 Flashes
D103: 0.0930 x 0.0730 RECTANGLE -----       2 Flashes
D105: 0.0550 ROUND  --       0 Draws,      54 Flashes
---------------------------------------------------------
 34 D-Codes      -----       0 Draws,     253 Flashes

*********************************************************

Output file: D:\SOUND LEVEL METER PROJECT\MO PHONG_SOUND LEVEL METER_V3\SOUND LEVEL METER_OK\BOARD_NOISE LEVEL METER\GERBER\NOISE LEVEL METER-15.SST

Aperture totals for D:\SOUND LEVEL METER PROJECT\MO PHONG_SOUND LEVEL METER_V3\SOUND LEVEL METER_OK\BOARD_NOISE LEVEL METER\GERBER\NOISE LEVEL METER-15.SST:
---------------------------------------------------------
D51:  0.0100 ROUND  --     603 Draws,       0 Flashes
D60:  0.0060 ROUND  --    1549 Draws,       0 Flashes
D62:  0.0080 ROUND  --     652 Draws,       0 Flashes
D106: 0.0004 ROUND  --       0 Draws,       6 Flashes
D107: 0.0050 ROUND  --      29 Draws,       0 Flashes
D108: 0.0020 ROUND  --     569 Draws,       0 Flashes
D109: 0.0079 ROUND  --     728 Draws,       0 Flashes
D110: 0.0118 ROUND  --     965 Draws,       0 Flashes
D111: 0.0039 ROUND  --      87 Draws,       0 Flashes
D112: 0.0010 ROUND  --      18 Draws,       0 Flashes
D113: 0.0012 ROUND  --      30 Draws,       0 Flashes
D114: 0.0394 ROUND  --       8 Draws,       0 Flashes
---------------------------------------------------------
 12 D-Codes      -----    5238 Draws,       6 Flashes

*********************************************************

Output file: D:\SOUND LEVEL METER PROJECT\MO PHONG_SOUND LEVEL METER_V3\SOUND LEVEL METER_OK\BOARD_NOISE LEVEL METER\GERBER\NOISE LEVEL METER-15.AST

Aperture totals for D:\SOUND LEVEL METER PROJECT\MO PHONG_SOUND LEVEL METER_V3\SOUND LEVEL METER_OK\BOARD_NOISE LEVEL METER\GERBER\NOISE LEVEL METER-15.AST:
---------------------------------------------------------
D10:  0.0600 ROUND  --       0 Draws,       8 Flashes
D14:  0.1000 SQUARE --       0 Draws,       1 Flashes
D15:  0.1000 ROUND  --       0 Draws,       1 Flashes
D34:  0.0590 x 0.0394 RECTANGLE -----      12 Flashes
D35:  0.0394 x 0.0590 RECTANGLE -----      34 Flashes
D42:  0.0500 SQUARE --       0 Draws,      20 Flashes
D43:  0.0480 x 0.0740 RECTANGLE -----       4 Flashes
D48:  0.0149 x 0.0590 OBLONG    -----      56 Flashes
D49:  0.0300 ROUND  --       8 Draws,       0 Flashes
D50:  0.0200 ROUND  --      10 Draws,       0 Flashes
D51:  0.0100 ROUND  --     175 Draws,       0 Flashes
D57:  0.0787 ROUND  --       0 Draws,      16 Flashes
D60:  0.0060 ROUND  --      48 Draws,       0 Flashes
D62:  0.0080 ROUND  --     271 Draws,       0 Flashes
D98:  0.0550 ROUND  --       0 Draws,       4 Flashes
D115: 0.1200 SQUARE --       0 Draws,       1 Flashes
D116: 0.1200 ROUND  --       0 Draws,       5 Flashes
D117: 0.0990 x 0.0670 OBLONG    -----      19 Flashes
D118: 0.0800 x 0.0580 OBLONG    -----      42 Flashes
D119: 0.0800 x 0.0580 RECTANGLE -----       2 Flashes
D120: 0.0630 ROUND  --       0 Draws,       8 Flashes
D121: 0.0630 SQUARE --       0 Draws,       1 Flashes
D122: 0.0670 x 0.0990 OBLONG    -----      10 Flashes
D123: 0.0710 ROUND  --       0 Draws,       2 Flashes
D124: 0.0710 SQUARE --       0 Draws,       1 Flashes
---------------------------------------------------------
 25 D-Codes      -----     512 Draws,     247 Flashes

*********************************************************

Output file: D:\SOUND LEVEL METER PROJECT\MO PHONG_SOUND LEVEL METER_V3\SOUND LEVEL METER_OK\BOARD_NOISE LEVEL METER\GERBER\NOISE LEVEL METER-15.DRD

Aperture totals for D:\SOUND LEVEL METER PROJECT\MO PHONG_SOUND LEVEL METER_V3\SOUND LEVEL METER_OK\BOARD_NOISE LEVEL METER\GERBER\NOISE LEVEL METER-15.DRD:
---------------------------------------------------------
D49:  0.0300 ROUND  --       8 Draws,       0 Flashes
D50:  0.0200 ROUND  --      10 Draws,       0 Flashes
D51:  0.0100 ROUND  --    1729 Draws,       0 Flashes
D125: 0.0800 x 0.0320 OBLONG    -----       4 Flashes
---------------------------------------------------------
  4 D-Codes      -----    1747 Draws,       4 Flashes

*********************************************************

Output file: D:\SOUND LEVEL METER PROJECT\MO PHONG_SOUND LEVEL METER_V3\SOUND LEVEL METER_OK\BOARD_NOISE LEVEL METER\GERBER\NOISE LEVEL METER-15.FAB

Aperture totals for D:\SOUND LEVEL METER PROJECT\MO PHONG_SOUND LEVEL METER_V3\SOUND LEVEL METER_OK\BOARD_NOISE LEVEL METER\GERBER\NOISE LEVEL METER-15.FAB:
---------------------------------------------------------
D49:  0.0300 ROUND  --       8 Draws,       0 Flashes
D50:  0.0200 ROUND  --      10 Draws,       0 Flashes
D126: 0.0280 ROUND  --       0 Draws,       1 Flashes
D127: 0.0280 ROUND  --       0 Draws,      54 Flashes
---------------------------------------------------------
  4 D-Codes      -----      18 Draws,      55 Flashes


*********************************************************

Aperture totals for entire project:
---------------------------------------------------------
D10:  0.0600 ROUND  --       0 Draws,      52 Flashes
D11:  0.0600 SQUARE --       0 Draws,      44 Flashes
D12:  0.0800 ROUND  --       0 Draws,       4 Flashes
D13:  0.0800 SQUARE --       0 Draws,       4 Flashes
D14:  0.1000 SQUARE --       0 Draws,       5 Flashes
D15:  0.1000 ROUND  --       0 Draws,      45 Flashes
D16:  0.0950 x 0.0650 OBLONG    -----      76 Flashes
D17:  0.0950 x 0.0650 RECTANGLE -----      28 Flashes
D18:  0.0800 x 0.0600 OBLONG    -----     168 Flashes
D19:  0.0800 x 0.0600 RECTANGLE -----       8 Flashes
D20:  0.1400 x 0.1900 RECTANGLE -----       8 Flashes
D21:  0.0700 ROUND  --       0 Draws,      16 Flashes
D22:  0.0700 SQUARE --       0 Draws,       2 Flashes
D23:  0.1575 ROUND  --       0 Draws,      16 Flashes
D24:  0.0750 x 0.0900 OBLONG    -----      60 Flashes
D25:  0.0750 x 0.0900 RECTANGLE -----       4 Flashes
D26:  0.0900 x 0.0800 OBLONG    -----       4 Flashes
D27:  0.0800 x 0.0900 OBLONG    -----       4 Flashes
D28:  0.0900 x 0.0800 RECTANGLE -----       4 Flashes
D29:  0.4000 x 0.3000 OBLONG    -----       4 Flashes
D30:  0.4000 x 0.3000 RECTANGLE -----       4 Flashes
D31:  0.0650 x 0.0950 RECTANGLE -----      28 Flashes
D32:  0.1180 ROUND  --       0 Draws,      36 Flashes
D33:  0.0650 x 0.0950 OBLONG    -----      36 Flashes
D34:  0.0590 x 0.0394 RECTANGLE -----      24 Flashes
D35:  0.0394 x 0.0590 RECTANGLE -----      68 Flashes
D36:  0.0790 ROUND  --       0 Draws,      16 Flashes
D37:  0.1181 x 0.1575 OBLONG    -----       8 Flashes
D38:  0.1181 x 0.1575 RECTANGLE -----       4 Flashes
D39:  0.0700 x 0.0850 OBLONG    -----       8 Flashes
D40:  0.0700 x 0.0850 RECTANGLE -----       4 Flashes
D41:  0.0500 ROUND  --       0 Draws,       4 Flashes
D42:  0.0500 SQUARE --       0 Draws,      40 Flashes
D43:  0.0480 x 0.0740 RECTANGLE -----       8 Flashes
D44:  0.0512 x 0.0590 RECTANGLE -----      12 Flashes
D45:  0.1500 x 0.0800 OBLONG    -----       8 Flashes
D46:  0.0850 x 0.0650 OBLONG    -----      24 Flashes
D47:  0.0850 x 0.0650 RECTANGLE -----       8 Flashes
D48:  0.0149 x 0.0590 OBLONG    -----     112 Flashes
D49:  0.0300 ROUND  --     226 Draws,       0 Flashes
D50:  0.0200 ROUND  --    1977 Draws,       0 Flashes
D51:  0.0100 ROUND  --    2786 Draws,       0 Flashes
D52:  0.0350 ROUND  --    4011 Draws,       0 Flashes
D53:  0.0500 ROUND  --       0 Draws,     108 Flashes
D54:  0.0250 ROUND  --     210 Draws,       0 Flashes
D55:  0.0150 ROUND  --     278 Draws,       0 Flashes
D56:  0.0500 ROUND  --       1 Draws,       0 Flashes
D57:  0.0787 ROUND  --       0 Draws,      64 Flashes
D58:  0.0400 ROUND  --       3 Draws,       0 Flashes
D59:  0.0065 ROUND  --     116 Draws,       0 Flashes
D60:  0.0060 ROUND  --    1633 Draws,       0 Flashes
D61:  0.0070 ROUND  --     110 Draws,       0 Flashes
D62:  0.0080 ROUND  --     977 Draws,       0 Flashes
D63:  0.0830 ROUND  --       0 Draws,      16 Flashes
D64:  0.0830 SQUARE --       0 Draws,       2 Flashes
D65:  0.0590 x 0.0669 RECTANGLE -----      36 Flashes
D66:  0.1600 x 0.0900 OBLONG    -----       8 Flashes
D67:  0.0500 ROUND  --       0 Draws,     108 Flashes
D68:  0.0680 ROUND  --       0 Draws,      22 Flashes
D69:  0.0680 SQUARE --       0 Draws,      22 Flashes
D70:  0.0880 ROUND  --       0 Draws,       2 Flashes
D71:  0.0880 SQUARE --       0 Draws,       2 Flashes
D72:  0.1080 SQUARE --       0 Draws,       2 Flashes
D73:  0.1080 ROUND  --       0 Draws,      22 Flashes
D74:  0.1030 x 0.0730 OBLONG    -----      38 Flashes
D75:  0.1030 x 0.0730 RECTANGLE -----      14 Flashes
D76:  0.0880 x 0.0680 OBLONG    -----      84 Flashes
D77:  0.0880 x 0.0680 RECTANGLE -----       4 Flashes
D78:  0.1480 x 0.1980 RECTANGLE -----       4 Flashes
D79:  0.0780 ROUND  --       0 Draws,      16 Flashes
D80:  0.0780 SQUARE --       0 Draws,       2 Flashes
D81:  0.1650 ROUND  --       0 Draws,       8 Flashes
D82:  0.0830 x 0.0980 OBLONG    -----      30 Flashes
D83:  0.0830 x 0.0980 RECTANGLE -----       2 Flashes
D84:  0.0980 x 0.0880 OBLONG    -----       2 Flashes
D85:  0.0880 x 0.0980 OBLONG    -----       2 Flashes
D86:  0.0980 x 0.0880 RECTANGLE -----       2 Flashes
D87:  0.4080 x 0.3080 OBLONG    -----       2 Flashes
D88:  0.4080 x 0.3080 RECTANGLE -----       2 Flashes
D89:  0.0730 x 0.1030 RECTANGLE -----      14 Flashes
D90:  0.0730 x 0.1030 OBLONG    -----      18 Flashes
D91:  0.0680 x 0.0480 RECTANGLE -----      12 Flashes
D92:  0.0480 x 0.0680 RECTANGLE -----      34 Flashes
D93:  0.0870 ROUND  --       0 Draws,      32 Flashes
D94:  0.1260 x 0.1650 OBLONG    -----       4 Flashes
D95:  0.1260 x 0.1650 RECTANGLE -----       2 Flashes
D96:  0.0780 x 0.0950 OBLONG    -----       4 Flashes
D97:  0.0780 x 0.0930 RECTANGLE -----       2 Flashes
D98:  0.0550 ROUND  --       0 Draws,       6 Flashes
D99:  0.0580 SQUARE --       0 Draws,      20 Flashes
D100: 0.0560 x 0.0820 RECTANGLE -----       4 Flashes
D101: 0.1580 x 0.0880 OBLONG    -----       8 Flashes
D102: 0.0930 x 0.0730 OBLONG    -----      12 Flashes
D103: 0.0930 x 0.0730 RECTANGLE -----       4 Flashes
D104: 0.0230 x 0.0670 OBLONG    -----      56 Flashes
D105: 0.0550 ROUND  --       0 Draws,     108 Flashes
D106: 0.0004 ROUND  --       0 Draws,       6 Flashes
D107: 0.0050 ROUND  --      29 Draws,       0 Flashes
D108: 0.0020 ROUND  --     569 Draws,       0 Flashes
D109: 0.0079 ROUND  --     728 Draws,       0 Flashes
D110: 0.0118 ROUND  --     965 Draws,       0 Flashes
D111: 0.0039 ROUND  --      87 Draws,       0 Flashes
D112: 0.0010 ROUND  --      18 Draws,       0 Flashes
D113: 0.0012 ROUND  --      30 Draws,       0 Flashes
D114: 0.0394 ROUND  --       8 Draws,       0 Flashes
D115: 0.1200 SQUARE --       0 Draws,       1 Flashes
D116: 0.1200 ROUND  --       0 Draws,       5 Flashes
D117: 0.0990 x 0.0670 OBLONG    -----      19 Flashes
D118: 0.0800 x 0.0580 OBLONG    -----      42 Flashes
D119: 0.0800 x 0.0580 RECTANGLE -----       2 Flashes
D120: 0.0630 ROUND  --       0 Draws,       8 Flashes
D121: 0.0630 SQUARE --       0 Draws,       1 Flashes
D122: 0.0670 x 0.0990 OBLONG    -----      10 Flashes
D123: 0.0710 ROUND  --       0 Draws,       2 Flashes
D124: 0.0710 SQUARE --       0 Draws,       1 Flashes
D125: 0.0800 x 0.0320 OBLONG    -----       4 Flashes
D126: 0.0280 ROUND  --       0 Draws,       1 Flashes
D127: 0.0280 ROUND  --       0 Draws,      54 Flashes
---------------------------------------------------------
118 D-Codes      -----   14762 Draws,    2130 Flashes


No warnings or errors.
