Post Processor Report
OrCAD FILE: D:\SOUND LEVEL METER PROJECT\MO PHONG_SOUND LEVEL METER_V3\SOUND LEVEL METER_OK\BOARD_NOISE LEVEL METER\GERBER\NOISE LEVEL METER-18.MAX
Sun May 04 16:50:08 2014

*********************************************************

Output file: D:\SOUND LEVEL METER PROJECT\MO PHONG_SOUND LEVEL METER_V3\SOUND LEVEL METER_OK\BOARD_NOISE LEVEL METER\GERBER\NOISE LEVEL METER-18.TOP

Aperture totals for D:\SOUND LEVEL METER PROJECT\MO PHONG_SOUND LEVEL METER_V3\SOUND LEVEL METER_OK\BOARD_NOISE LEVEL METER\GERBER\NOISE LEVEL METER-18.TOP:
---------------------------------------------------------
D10:  0.0600 ROUND  --       0 Draws,     131 Flashes
D11:  0.0600 SQUARE --       0 Draws,      19 Flashes
D12:  0.0800 ROUND  --       0 Draws,       1 Flashes
D13:  0.0800 SQUARE --       0 Draws,       1 Flashes
D14:  0.1000 SQUARE --       0 Draws,       1 Flashes
D15:  0.1000 ROUND  --       0 Draws,      11 Flashes
D16:  0.0950 x 0.0650 OBLONG    -----      19 Flashes
D17:  0.0950 x 0.0650 RECTANGLE -----       7 Flashes
D18:  0.0800 x 0.0600 OBLONG    -----      42 Flashes
D19:  0.0800 x 0.0600 RECTANGLE -----       2 Flashes
D20:  0.1400 x 0.1900 RECTANGLE -----       2 Flashes
D21:  0.0700 ROUND  --       0 Draws,       8 Flashes
D22:  0.0700 SQUARE --       0 Draws,       1 Flashes
D23:  0.1575 ROUND  --       0 Draws,       4 Flashes
D24:  0.0750 x 0.0900 OBLONG    -----      15 Flashes
D25:  0.0750 x 0.0900 RECTANGLE -----       1 Flashes
D26:  0.0900 x 0.0800 OBLONG    -----       1 Flashes
D27:  0.0800 x 0.0900 OBLONG    -----       1 Flashes
D28:  0.0900 x 0.0800 RECTANGLE -----       1 Flashes
D29:  0.4000 x 0.3000 OBLONG    -----       1 Flashes
D30:  0.4000 x 0.3000 RECTANGLE -----       1 Flashes
D31:  0.0650 x 0.0950 RECTANGLE -----       7 Flashes
D32:  0.1180 ROUND  --       0 Draws,       6 Flashes
D33:  0.0650 x 0.0950 OBLONG    -----       9 Flashes
D34:  0.0590 x 0.0394 RECTANGLE -----      12 Flashes
D35:  0.0394 x 0.0590 RECTANGLE -----      34 Flashes
D36:  0.0790 ROUND  --       0 Draws,      16 Flashes
D37:  0.1181 x 0.1575 OBLONG    -----       2 Flashes
D38:  0.1181 x 0.1575 RECTANGLE -----       1 Flashes
D39:  0.0700 x 0.0850 OBLONG    -----       2 Flashes
D40:  0.0700 x 0.0850 RECTANGLE -----       1 Flashes
D41:  0.0500 ROUND  --       0 Draws,       1 Flashes
D42:  0.0500 SQUARE --       0 Draws,      20 Flashes
D43:  0.0480 x 0.0740 RECTANGLE -----       4 Flashes
D44:  0.0512 x 0.0590 RECTANGLE -----      12 Flashes
D45:  0.1500 x 0.0800 OBLONG    -----       4 Flashes
D46:  0.0850 x 0.0650 OBLONG    -----       6 Flashes
D47:  0.0850 x 0.0650 RECTANGLE -----       2 Flashes
D48:  0.0149 x 0.0590 OBLONG    -----      56 Flashes
D49:  0.0787 x 0.0157 OBLONG    -----      64 Flashes
D50:  0.0157 x 0.0787 OBLONG    -----      62 Flashes
D51:  0.0157 x 0.0787 RECTANGLE -----       2 Flashes
D52:  0.0300 ROUND  --      99 Draws,       0 Flashes
D53:  0.0100 ROUND  --     320 Draws,       0 Flashes
D54:  0.0350 ROUND  --    2258 Draws,       0 Flashes
D55:  0.0200 ROUND  --     787 Draws,       0 Flashes
D57:  0.0500 ROUND  --       0 Draws,      54 Flashes
D58:  0.0150 ROUND  --     705 Draws,       0 Flashes
D59:  0.0250 ROUND  --     134 Draws,       0 Flashes
D60:  0.0500 ROUND  --       9 Draws,       0 Flashes
---------------------------------------------------------
 50 D-Codes      -----    4312 Draws,     647 Flashes

*********************************************************

Output file: D:\SOUND LEVEL METER PROJECT\MO PHONG_SOUND LEVEL METER_V3\SOUND LEVEL METER_OK\BOARD_NOISE LEVEL METER\GERBER\NOISE LEVEL METER-18.BOT

Aperture totals for D:\SOUND LEVEL METER PROJECT\MO PHONG_SOUND LEVEL METER_V3\SOUND LEVEL METER_OK\BOARD_NOISE LEVEL METER\GERBER\NOISE LEVEL METER-18.BOT:
---------------------------------------------------------
D10:  0.0600 ROUND  --       0 Draws,      11 Flashes
D11:  0.0600 SQUARE --       0 Draws,      11 Flashes
D12:  0.0800 ROUND  --       0 Draws,     121 Flashes
D13:  0.0800 SQUARE --       0 Draws,       9 Flashes
D14:  0.1000 SQUARE --       0 Draws,       1 Flashes
D15:  0.1000 ROUND  --       0 Draws,      11 Flashes
D16:  0.0950 x 0.0650 OBLONG    -----      19 Flashes
D17:  0.0950 x 0.0650 RECTANGLE -----       7 Flashes
D18:  0.0800 x 0.0600 OBLONG    -----      42 Flashes
D19:  0.0800 x 0.0600 RECTANGLE -----       2 Flashes
D20:  0.1400 x 0.1900 RECTANGLE -----       2 Flashes
D21:  0.0700 ROUND  --       0 Draws,       8 Flashes
D22:  0.0700 SQUARE --       0 Draws,       1 Flashes
D23:  0.1575 ROUND  --       0 Draws,       4 Flashes
D24:  0.0750 x 0.0900 OBLONG    -----      15 Flashes
D25:  0.0750 x 0.0900 RECTANGLE -----       1 Flashes
D26:  0.0900 x 0.0800 OBLONG    -----       1 Flashes
D27:  0.0800 x 0.0900 OBLONG    -----       1 Flashes
D28:  0.0900 x 0.0800 RECTANGLE -----       1 Flashes
D29:  0.4000 x 0.3000 OBLONG    -----       1 Flashes
D30:  0.4000 x 0.3000 RECTANGLE -----       1 Flashes
D31:  0.0650 x 0.0950 RECTANGLE -----       7 Flashes
D32:  0.1180 ROUND  --       0 Draws,       6 Flashes
D33:  0.0650 x 0.0950 OBLONG    -----       9 Flashes
D37:  0.1181 x 0.1575 OBLONG    -----       2 Flashes
D38:  0.1181 x 0.1575 RECTANGLE -----       1 Flashes
D39:  0.0700 x 0.0850 OBLONG    -----       2 Flashes
D40:  0.0700 x 0.0850 RECTANGLE -----       1 Flashes
D41:  0.0500 ROUND  --       0 Draws,       2 Flashes
D45:  0.1500 x 0.0800 OBLONG    -----       4 Flashes
D46:  0.0850 x 0.0650 OBLONG    -----       6 Flashes
D47:  0.0850 x 0.0650 RECTANGLE -----       2 Flashes
D52:  0.0300 ROUND  --      80 Draws,       0 Flashes
D53:  0.0100 ROUND  --     135 Draws,       0 Flashes
D54:  0.0350 ROUND  --    1747 Draws,       0 Flashes
D55:  0.0200 ROUND  --    1159 Draws,       0 Flashes
D57:  0.0500 ROUND  --       0 Draws,      53 Flashes
D58:  0.0150 ROUND  --      26 Draws,       0 Flashes
D59:  0.0250 ROUND  --      76 Draws,       0 Flashes
D60:  0.0500 ROUND  --       8 Draws,       0 Flashes
D61:  0.0787 ROUND  --       0 Draws,      16 Flashes
D62:  0.0400 ROUND  --       3 Draws,       0 Flashes
D63:  0.0065 ROUND  --     116 Draws,       0 Flashes
D64:  0.0060 ROUND  --      36 Draws,       0 Flashes
D65:  0.0070 ROUND  --     110 Draws,       0 Flashes
D66:  0.0080 ROUND  --      54 Draws,       0 Flashes
---------------------------------------------------------
 46 D-Codes      -----    3550 Draws,     381 Flashes

*********************************************************

Output file: D:\SOUND LEVEL METER PROJECT\MO PHONG_SOUND LEVEL METER_V3\SOUND LEVEL METER_OK\BOARD_NOISE LEVEL METER\GERBER\NOISE LEVEL METER-18.GND

Aperture totals for D:\SOUND LEVEL METER PROJECT\MO PHONG_SOUND LEVEL METER_V3\SOUND LEVEL METER_OK\BOARD_NOISE LEVEL METER\GERBER\NOISE LEVEL METER-18.GND:
---------------------------------------------------------
D10:  0.0600 ROUND  --       0 Draws,      11 Flashes
D11:  0.0600 SQUARE --       0 Draws,      11 Flashes
D12:  0.0800 ROUND  --       0 Draws,     121 Flashes
D13:  0.0800 SQUARE --       0 Draws,       9 Flashes
D14:  0.1000 SQUARE --       0 Draws,       1 Flashes
D15:  0.1000 ROUND  --       0 Draws,      11 Flashes
D16:  0.0950 x 0.0650 OBLONG    -----      19 Flashes
D17:  0.0950 x 0.0650 RECTANGLE -----       7 Flashes
D18:  0.0800 x 0.0600 OBLONG    -----      42 Flashes
D19:  0.0800 x 0.0600 RECTANGLE -----       2 Flashes
D20:  0.1400 x 0.1900 RECTANGLE -----       2 Flashes
D23:  0.1575 ROUND  --       0 Draws,       4 Flashes
D24:  0.0750 x 0.0900 OBLONG    -----      15 Flashes
D25:  0.0750 x 0.0900 RECTANGLE -----       1 Flashes
D26:  0.0900 x 0.0800 OBLONG    -----       1 Flashes
D27:  0.0800 x 0.0900 OBLONG    -----       1 Flashes
D28:  0.0900 x 0.0800 RECTANGLE -----       1 Flashes
D29:  0.4000 x 0.3000 OBLONG    -----       1 Flashes
D30:  0.4000 x 0.3000 RECTANGLE -----       1 Flashes
D31:  0.0650 x 0.0950 RECTANGLE -----       7 Flashes
D32:  0.1180 ROUND  --       0 Draws,       6 Flashes
D33:  0.0650 x 0.0950 OBLONG    -----       9 Flashes
D37:  0.1181 x 0.1575 OBLONG    -----       2 Flashes
D38:  0.1181 x 0.1575 RECTANGLE -----       1 Flashes
D39:  0.0700 x 0.0850 OBLONG    -----       2 Flashes
D40:  0.0700 x 0.0850 RECTANGLE -----       1 Flashes
D46:  0.0850 x 0.0650 OBLONG    -----       6 Flashes
D47:  0.0850 x 0.0650 RECTANGLE -----       2 Flashes
D52:  0.0300 ROUND  --       8 Draws,       0 Flashes
D55:  0.0200 ROUND  --      26 Draws,       0 Flashes
D61:  0.0787 ROUND  --       0 Draws,      16 Flashes
D67:  0.0830 ROUND  --       0 Draws,       8 Flashes
D68:  0.0830 SQUARE --       0 Draws,       1 Flashes
D69:  0.0750 ROUND  --       0 Draws,      13 Flashes
D70:  0.0590 x 0.0669 RECTANGLE -----      12 Flashes
D71:  0.1600 x 0.0900 OBLONG    -----       4 Flashes
D72:  0.0750 ROUND  --       0 Draws,      42 Flashes
---------------------------------------------------------
 37 D-Codes      -----      34 Draws,     393 Flashes

*********************************************************

Output file: D:\SOUND LEVEL METER PROJECT\MO PHONG_SOUND LEVEL METER_V3\SOUND LEVEL METER_OK\BOARD_NOISE LEVEL METER\GERBER\NOISE LEVEL METER-18.PWR

Aperture totals for D:\SOUND LEVEL METER PROJECT\MO PHONG_SOUND LEVEL METER_V3\SOUND LEVEL METER_OK\BOARD_NOISE LEVEL METER\GERBER\NOISE LEVEL METER-18.PWR:
---------------------------------------------------------
D10:  0.0600 ROUND  --       0 Draws,      11 Flashes
D11:  0.0600 SQUARE --       0 Draws,      11 Flashes
D12:  0.0800 ROUND  --       0 Draws,     121 Flashes
D13:  0.0800 SQUARE --       0 Draws,       9 Flashes
D14:  0.1000 SQUARE --       0 Draws,       1 Flashes
D15:  0.1000 ROUND  --       0 Draws,      11 Flashes
D16:  0.0950 x 0.0650 OBLONG    -----      19 Flashes
D17:  0.0950 x 0.0650 RECTANGLE -----       7 Flashes
D18:  0.0800 x 0.0600 OBLONG    -----      42 Flashes
D19:  0.0800 x 0.0600 RECTANGLE -----       2 Flashes
D20:  0.1400 x 0.1900 RECTANGLE -----       2 Flashes
D23:  0.1575 ROUND  --       0 Draws,       4 Flashes
D24:  0.0750 x 0.0900 OBLONG    -----      15 Flashes
D25:  0.0750 x 0.0900 RECTANGLE -----       1 Flashes
D26:  0.0900 x 0.0800 OBLONG    -----       1 Flashes
D27:  0.0800 x 0.0900 OBLONG    -----       1 Flashes
D28:  0.0900 x 0.0800 RECTANGLE -----       1 Flashes
D29:  0.4000 x 0.3000 OBLONG    -----       1 Flashes
D30:  0.4000 x 0.3000 RECTANGLE -----       1 Flashes
D31:  0.0650 x 0.0950 RECTANGLE -----       7 Flashes
D32:  0.1180 ROUND  --       0 Draws,       6 Flashes
D33:  0.0650 x 0.0950 OBLONG    -----       9 Flashes
D37:  0.1181 x 0.1575 OBLONG    -----       2 Flashes
D38:  0.1181 x 0.1575 RECTANGLE -----       1 Flashes
D39:  0.0700 x 0.0850 OBLONG    -----       2 Flashes
D40:  0.0700 x 0.0850 RECTANGLE -----       1 Flashes
D46:  0.0850 x 0.0650 OBLONG    -----       6 Flashes
D47:  0.0850 x 0.0650 RECTANGLE -----       2 Flashes
D52:  0.0300 ROUND  --       8 Draws,       0 Flashes
D55:  0.0200 ROUND  --      26 Draws,       0 Flashes
D61:  0.0787 ROUND  --       0 Draws,      16 Flashes
D67:  0.0830 ROUND  --       0 Draws,       8 Flashes
D68:  0.0830 SQUARE --       0 Draws,       1 Flashes
D69:  0.0750 ROUND  --       0 Draws,      13 Flashes
D70:  0.0590 x 0.0669 RECTANGLE -----      12 Flashes
D71:  0.1600 x 0.0900 OBLONG    -----       4 Flashes
D72:  0.0750 ROUND  --       0 Draws,      42 Flashes
---------------------------------------------------------
 37 D-Codes      -----      34 Draws,     393 Flashes

*********************************************************

Output file: D:\SOUND LEVEL METER PROJECT\MO PHONG_SOUND LEVEL METER_V3\SOUND LEVEL METER_OK\BOARD_NOISE LEVEL METER\GERBER\NOISE LEVEL METER-18.SMT

Aperture totals for D:\SOUND LEVEL METER PROJECT\MO PHONG_SOUND LEVEL METER_V3\SOUND LEVEL METER_OK\BOARD_NOISE LEVEL METER\GERBER\NOISE LEVEL METER-18.SMT:
---------------------------------------------------------
D32:  0.1180 ROUND  --       0 Draws,       6 Flashes
D70:  0.0590 x 0.0669 RECTANGLE -----      12 Flashes
D73:  0.0680 ROUND  --       0 Draws,     131 Flashes
D74:  0.0680 SQUARE --       0 Draws,      19 Flashes
D75:  0.0880 ROUND  --       0 Draws,       1 Flashes
D76:  0.0880 SQUARE --       0 Draws,       1 Flashes
D77:  0.1080 SQUARE --       0 Draws,       1 Flashes
D78:  0.1080 ROUND  --       0 Draws,      11 Flashes
D79:  0.1030 x 0.0730 OBLONG    -----      19 Flashes
D80:  0.1030 x 0.0730 RECTANGLE -----       7 Flashes
D81:  0.0880 x 0.0680 OBLONG    -----      42 Flashes
D82:  0.0880 x 0.0680 RECTANGLE -----       2 Flashes
D83:  0.1480 x 0.1980 RECTANGLE -----       2 Flashes
D84:  0.0780 ROUND  --       0 Draws,       8 Flashes
D85:  0.0780 SQUARE --       0 Draws,       1 Flashes
D86:  0.1650 ROUND  --       0 Draws,       4 Flashes
D87:  0.0830 x 0.0980 OBLONG    -----      15 Flashes
D88:  0.0830 x 0.0980 RECTANGLE -----       1 Flashes
D89:  0.0980 x 0.0880 OBLONG    -----       1 Flashes
D90:  0.0880 x 0.0980 OBLONG    -----       1 Flashes
D91:  0.0980 x 0.0880 RECTANGLE -----       1 Flashes
D92:  0.4080 x 0.3080 OBLONG    -----       1 Flashes
D93:  0.4080 x 0.3080 RECTANGLE -----       1 Flashes
D94:  0.0730 x 0.1030 RECTANGLE -----       7 Flashes
D95:  0.0730 x 0.1030 OBLONG    -----       9 Flashes
D96:  0.0680 x 0.0480 RECTANGLE -----      12 Flashes
D97:  0.0480 x 0.0680 RECTANGLE -----      34 Flashes
D98:  0.0870 ROUND  --       0 Draws,      16 Flashes
D99:  0.1260 x 0.1650 OBLONG    -----       2 Flashes
D100: 0.1260 x 0.1650 RECTANGLE -----       1 Flashes
D101: 0.0780 x 0.0950 OBLONG    -----       2 Flashes
D102: 0.0780 x 0.0930 RECTANGLE -----       1 Flashes
D103: 0.0550 ROUND  --       0 Draws,      13 Flashes
D104: 0.0580 SQUARE --       0 Draws,      20 Flashes
D105: 0.0560 x 0.0820 RECTANGLE -----       4 Flashes
D106: 0.1580 x 0.0880 OBLONG    -----       4 Flashes
D107: 0.0930 x 0.0730 OBLONG    -----       6 Flashes
D108: 0.0930 x 0.0730 RECTANGLE -----       2 Flashes
D109: 0.0230 x 0.0670 OBLONG    -----      56 Flashes
D110: 0.0870 x 0.0240 OBLONG    -----      64 Flashes
D111: 0.0240 x 0.0870 OBLONG    -----      62 Flashes
D112: 0.0240 x 0.0870 RECTANGLE -----       2 Flashes
D113: 0.0550 ROUND  --       0 Draws,      42 Flashes
---------------------------------------------------------
 43 D-Codes      -----       0 Draws,     647 Flashes

*********************************************************

Output file: D:\SOUND LEVEL METER PROJECT\MO PHONG_SOUND LEVEL METER_V3\SOUND LEVEL METER_OK\BOARD_NOISE LEVEL METER\GERBER\NOISE LEVEL METER-18.SMB

Aperture totals for D:\SOUND LEVEL METER PROJECT\MO PHONG_SOUND LEVEL METER_V3\SOUND LEVEL METER_OK\BOARD_NOISE LEVEL METER\GERBER\NOISE LEVEL METER-18.SMB:
---------------------------------------------------------
D32:  0.1180 ROUND  --       0 Draws,       6 Flashes
D73:  0.0680 ROUND  --       0 Draws,      11 Flashes
D74:  0.0680 SQUARE --       0 Draws,      11 Flashes
D75:  0.0880 ROUND  --       0 Draws,     121 Flashes
D76:  0.0880 SQUARE --       0 Draws,       9 Flashes
D77:  0.1080 SQUARE --       0 Draws,       1 Flashes
D78:  0.1080 ROUND  --       0 Draws,      11 Flashes
D79:  0.1030 x 0.0730 OBLONG    -----      19 Flashes
D80:  0.1030 x 0.0730 RECTANGLE -----       7 Flashes
D81:  0.0880 x 0.0680 OBLONG    -----      42 Flashes
D82:  0.0880 x 0.0680 RECTANGLE -----       2 Flashes
D83:  0.1480 x 0.1980 RECTANGLE -----       2 Flashes
D84:  0.0780 ROUND  --       0 Draws,       8 Flashes
D85:  0.0780 SQUARE --       0 Draws,       1 Flashes
D86:  0.1650 ROUND  --       0 Draws,       4 Flashes
D87:  0.0830 x 0.0980 OBLONG    -----      15 Flashes
D88:  0.0830 x 0.0980 RECTANGLE -----       1 Flashes
D89:  0.0980 x 0.0880 OBLONG    -----       1 Flashes
D90:  0.0880 x 0.0980 OBLONG    -----       1 Flashes
D91:  0.0980 x 0.0880 RECTANGLE -----       1 Flashes
D92:  0.4080 x 0.3080 OBLONG    -----       1 Flashes
D93:  0.4080 x 0.3080 RECTANGLE -----       1 Flashes
D94:  0.0730 x 0.1030 RECTANGLE -----       7 Flashes
D95:  0.0730 x 0.1030 OBLONG    -----       9 Flashes
D98:  0.0870 ROUND  --       0 Draws,      16 Flashes
D99:  0.1260 x 0.1650 OBLONG    -----       2 Flashes
D100: 0.1260 x 0.1650 RECTANGLE -----       1 Flashes
D101: 0.0780 x 0.0950 OBLONG    -----       2 Flashes
D102: 0.0780 x 0.0930 RECTANGLE -----       1 Flashes
D103: 0.0550 ROUND  --       0 Draws,      13 Flashes
D106: 0.1580 x 0.0880 OBLONG    -----       4 Flashes
D107: 0.0930 x 0.0730 OBLONG    -----       6 Flashes
D108: 0.0930 x 0.0730 RECTANGLE -----       2 Flashes
D113: 0.0550 ROUND  --       0 Draws,      42 Flashes
---------------------------------------------------------
 34 D-Codes      -----       0 Draws,     381 Flashes

*********************************************************

Output file: D:\SOUND LEVEL METER PROJECT\MO PHONG_SOUND LEVEL METER_V3\SOUND LEVEL METER_OK\BOARD_NOISE LEVEL METER\GERBER\NOISE LEVEL METER-18.SST

Aperture totals for D:\SOUND LEVEL METER PROJECT\MO PHONG_SOUND LEVEL METER_V3\SOUND LEVEL METER_OK\BOARD_NOISE LEVEL METER\GERBER\NOISE LEVEL METER-18.SST:
---------------------------------------------------------
D53:  0.0100 ROUND  --     827 Draws,       0 Flashes
D64:  0.0060 ROUND  --    1381 Draws,       0 Flashes
D66:  0.0080 ROUND  --    1076 Draws,       0 Flashes
D114: 0.0004 ROUND  --       0 Draws,       6 Flashes
D115: 0.0050 ROUND  --      29 Draws,       0 Flashes
D116: 0.0020 ROUND  --     569 Draws,       0 Flashes
D117: 0.0079 ROUND  --     728 Draws,       0 Flashes
D118: 0.0118 ROUND  --     965 Draws,       0 Flashes
D119: 0.0039 ROUND  --      87 Draws,       0 Flashes
D120: 0.0010 ROUND  --      18 Draws,       0 Flashes
D121: 0.0012 ROUND  --      30 Draws,       0 Flashes
D122: 0.0394 ROUND  --      16 Draws,       0 Flashes
D123: 0.0030 ROUND  --      32 Draws,       0 Flashes
D124: 0.0090 ROUND  --     594 Draws,       0 Flashes
---------------------------------------------------------
 14 D-Codes      -----    6352 Draws,       6 Flashes

*********************************************************

Output file: D:\SOUND LEVEL METER PROJECT\MO PHONG_SOUND LEVEL METER_V3\SOUND LEVEL METER_OK\BOARD_NOISE LEVEL METER\GERBER\NOISE LEVEL METER-18.AST

Aperture totals for D:\SOUND LEVEL METER PROJECT\MO PHONG_SOUND LEVEL METER_V3\SOUND LEVEL METER_OK\BOARD_NOISE LEVEL METER\GERBER\NOISE LEVEL METER-18.AST:
---------------------------------------------------------
D10:  0.0600 ROUND  --       0 Draws,       8 Flashes
D14:  0.1000 SQUARE --       0 Draws,       1 Flashes
D15:  0.1000 ROUND  --       0 Draws,       1 Flashes
D34:  0.0590 x 0.0394 RECTANGLE -----      12 Flashes
D35:  0.0394 x 0.0590 RECTANGLE -----      34 Flashes
D42:  0.0500 SQUARE --       0 Draws,      20 Flashes
D43:  0.0480 x 0.0740 RECTANGLE -----       4 Flashes
D48:  0.0149 x 0.0590 OBLONG    -----      56 Flashes
D49:  0.0787 x 0.0157 OBLONG    -----      64 Flashes
D50:  0.0157 x 0.0787 OBLONG    -----      62 Flashes
D51:  0.0157 x 0.0787 RECTANGLE -----       2 Flashes
D52:  0.0300 ROUND  --       8 Draws,       0 Flashes
D53:  0.0100 ROUND  --     175 Draws,       0 Flashes
D55:  0.0200 ROUND  --      26 Draws,       0 Flashes
D61:  0.0787 ROUND  --       0 Draws,      16 Flashes
D64:  0.0060 ROUND  --      48 Draws,       0 Flashes
D66:  0.0080 ROUND  --     271 Draws,       0 Flashes
D103: 0.0550 ROUND  --       0 Draws,       4 Flashes
D104: 0.0580 SQUARE --       0 Draws,       8 Flashes
D125: 0.1200 SQUARE --       0 Draws,       1 Flashes
D126: 0.1200 ROUND  --       0 Draws,       5 Flashes
D127: 0.0990 x 0.0670 OBLONG    -----      19 Flashes
D128: 0.0800 x 0.0580 OBLONG    -----      42 Flashes
D129: 0.0800 x 0.0580 RECTANGLE -----       2 Flashes
D130: 0.0630 ROUND  --       0 Draws,       8 Flashes
D131: 0.0630 SQUARE --       0 Draws,       1 Flashes
D132: 0.0670 x 0.0990 OBLONG    -----      10 Flashes
D133: 0.0710 ROUND  --       0 Draws,       2 Flashes
D134: 0.0710 SQUARE --       0 Draws,       1 Flashes
D135: 0.0580 ROUND  --       0 Draws,     120 Flashes
---------------------------------------------------------
 30 D-Codes      -----     528 Draws,     503 Flashes

*********************************************************

Output file: D:\SOUND LEVEL METER PROJECT\MO PHONG_SOUND LEVEL METER_V3\SOUND LEVEL METER_OK\BOARD_NOISE LEVEL METER\GERBER\NOISE LEVEL METER-18.DRD

Aperture totals for D:\SOUND LEVEL METER PROJECT\MO PHONG_SOUND LEVEL METER_V3\SOUND LEVEL METER_OK\BOARD_NOISE LEVEL METER\GERBER\NOISE LEVEL METER-18.DRD:
---------------------------------------------------------
D52:  0.0300 ROUND  --       8 Draws,       0 Flashes
D53:  0.0100 ROUND  --    1978 Draws,       0 Flashes
D55:  0.0200 ROUND  --      26 Draws,       0 Flashes
D136: 0.0800 x 0.0320 OBLONG    -----       4 Flashes
---------------------------------------------------------
  4 D-Codes      -----    2012 Draws,       4 Flashes

*********************************************************

Output file: D:\SOUND LEVEL METER PROJECT\MO PHONG_SOUND LEVEL METER_V3\SOUND LEVEL METER_OK\BOARD_NOISE LEVEL METER\GERBER\NOISE LEVEL METER-18.FAB

Aperture totals for D:\SOUND LEVEL METER PROJECT\MO PHONG_SOUND LEVEL METER_V3\SOUND LEVEL METER_OK\BOARD_NOISE LEVEL METER\GERBER\NOISE LEVEL METER-18.FAB:
---------------------------------------------------------
D52:  0.0300 ROUND  --       8 Draws,       0 Flashes
D55:  0.0200 ROUND  --      26 Draws,       0 Flashes
D137: 0.0280 ROUND  --       0 Draws,      13 Flashes
D138: 0.0280 ROUND  --       0 Draws,      42 Flashes
---------------------------------------------------------
  4 D-Codes      -----      34 Draws,      55 Flashes


*********************************************************

Aperture totals for entire project:
---------------------------------------------------------
D10:  0.0600 ROUND  --       0 Draws,     172 Flashes
D11:  0.0600 SQUARE --       0 Draws,      52 Flashes
D12:  0.0800 ROUND  --       0 Draws,     364 Flashes
D13:  0.0800 SQUARE --       0 Draws,      28 Flashes
D14:  0.1000 SQUARE --       0 Draws,       5 Flashes
D15:  0.1000 ROUND  --       0 Draws,      45 Flashes
D16:  0.0950 x 0.0650 OBLONG    -----      76 Flashes
D17:  0.0950 x 0.0650 RECTANGLE -----      28 Flashes
D18:  0.0800 x 0.0600 OBLONG    -----     168 Flashes
D19:  0.0800 x 0.0600 RECTANGLE -----       8 Flashes
D20:  0.1400 x 0.1900 RECTANGLE -----       8 Flashes
D21:  0.0700 ROUND  --       0 Draws,      16 Flashes
D22:  0.0700 SQUARE --       0 Draws,       2 Flashes
D23:  0.1575 ROUND  --       0 Draws,      16 Flashes
D24:  0.0750 x 0.0900 OBLONG    -----      60 Flashes
D25:  0.0750 x 0.0900 RECTANGLE -----       4 Flashes
D26:  0.0900 x 0.0800 OBLONG    -----       4 Flashes
D27:  0.0800 x 0.0900 OBLONG    -----       4 Flashes
D28:  0.0900 x 0.0800 RECTANGLE -----       4 Flashes
D29:  0.4000 x 0.3000 OBLONG    -----       4 Flashes
D30:  0.4000 x 0.3000 RECTANGLE -----       4 Flashes
D31:  0.0650 x 0.0950 RECTANGLE -----      28 Flashes
D32:  0.1180 ROUND  --       0 Draws,      36 Flashes
D33:  0.0650 x 0.0950 OBLONG    -----      36 Flashes
D34:  0.0590 x 0.0394 RECTANGLE -----      24 Flashes
D35:  0.0394 x 0.0590 RECTANGLE -----      68 Flashes
D36:  0.0790 ROUND  --       0 Draws,      16 Flashes
D37:  0.1181 x 0.1575 OBLONG    -----       8 Flashes
D38:  0.1181 x 0.1575 RECTANGLE -----       4 Flashes
D39:  0.0700 x 0.0850 OBLONG    -----       8 Flashes
D40:  0.0700 x 0.0850 RECTANGLE -----       4 Flashes
D41:  0.0500 ROUND  --       0 Draws,       3 Flashes
D42:  0.0500 SQUARE --       0 Draws,      40 Flashes
D43:  0.0480 x 0.0740 RECTANGLE -----       8 Flashes
D44:  0.0512 x 0.0590 RECTANGLE -----      12 Flashes
D45:  0.1500 x 0.0800 OBLONG    -----       8 Flashes
D46:  0.0850 x 0.0650 OBLONG    -----      24 Flashes
D47:  0.0850 x 0.0650 RECTANGLE -----       8 Flashes
D48:  0.0149 x 0.0590 OBLONG    -----     112 Flashes
D49:  0.0787 x 0.0157 OBLONG    -----     128 Flashes
D50:  0.0157 x 0.0787 OBLONG    -----     124 Flashes
D51:  0.0157 x 0.0787 RECTANGLE -----       4 Flashes
D52:  0.0300 ROUND  --     219 Draws,       0 Flashes
D53:  0.0100 ROUND  --    3435 Draws,       0 Flashes
D54:  0.0350 ROUND  --    4005 Draws,       0 Flashes
D55:  0.0200 ROUND  --    2076 Draws,       0 Flashes
D57:  0.0500 ROUND  --       0 Draws,     107 Flashes
D58:  0.0150 ROUND  --     731 Draws,       0 Flashes
D59:  0.0250 ROUND  --     210 Draws,       0 Flashes
D60:  0.0500 ROUND  --      17 Draws,       0 Flashes
D61:  0.0787 ROUND  --       0 Draws,      64 Flashes
D62:  0.0400 ROUND  --       3 Draws,       0 Flashes
D63:  0.0065 ROUND  --     116 Draws,       0 Flashes
D64:  0.0060 ROUND  --    1465 Draws,       0 Flashes
D65:  0.0070 ROUND  --     110 Draws,       0 Flashes
D66:  0.0080 ROUND  --    1401 Draws,       0 Flashes
D67:  0.0830 ROUND  --       0 Draws,      16 Flashes
D68:  0.0830 SQUARE --       0 Draws,       2 Flashes
D69:  0.0750 ROUND  --       0 Draws,      26 Flashes
D70:  0.0590 x 0.0669 RECTANGLE -----      36 Flashes
D71:  0.1600 x 0.0900 OBLONG    -----       8 Flashes
D72:  0.0750 ROUND  --       0 Draws,      84 Flashes
D73:  0.0680 ROUND  --       0 Draws,     142 Flashes
D74:  0.0680 SQUARE --       0 Draws,      30 Flashes
D75:  0.0880 ROUND  --       0 Draws,     122 Flashes
D76:  0.0880 SQUARE --       0 Draws,      10 Flashes
D77:  0.1080 SQUARE --       0 Draws,       2 Flashes
D78:  0.1080 ROUND  --       0 Draws,      22 Flashes
D79:  0.1030 x 0.0730 OBLONG    -----      38 Flashes
D80:  0.1030 x 0.0730 RECTANGLE -----      14 Flashes
D81:  0.0880 x 0.0680 OBLONG    -----      84 Flashes
D82:  0.0880 x 0.0680 RECTANGLE -----       4 Flashes
D83:  0.1480 x 0.1980 RECTANGLE -----       4 Flashes
D84:  0.0780 ROUND  --       0 Draws,      16 Flashes
D85:  0.0780 SQUARE --       0 Draws,       2 Flashes
D86:  0.1650 ROUND  --       0 Draws,       8 Flashes
D87:  0.0830 x 0.0980 OBLONG    -----      30 Flashes
D88:  0.0830 x 0.0980 RECTANGLE -----       2 Flashes
D89:  0.0980 x 0.0880 OBLONG    -----       2 Flashes
D90:  0.0880 x 0.0980 OBLONG    -----       2 Flashes
D91:  0.0980 x 0.0880 RECTANGLE -----       2 Flashes
D92:  0.4080 x 0.3080 OBLONG    -----       2 Flashes
D93:  0.4080 x 0.3080 RECTANGLE -----       2 Flashes
D94:  0.0730 x 0.1030 RECTANGLE -----      14 Flashes
D95:  0.0730 x 0.1030 OBLONG    -----      18 Flashes
D96:  0.0680 x 0.0480 RECTANGLE -----      12 Flashes
D97:  0.0480 x 0.0680 RECTANGLE -----      34 Flashes
D98:  0.0870 ROUND  --       0 Draws,      32 Flashes
D99:  0.1260 x 0.1650 OBLONG    -----       4 Flashes
D100: 0.1260 x 0.1650 RECTANGLE -----       2 Flashes
D101: 0.0780 x 0.0950 OBLONG    -----       4 Flashes
D102: 0.0780 x 0.0930 RECTANGLE -----       2 Flashes
D103: 0.0550 ROUND  --       0 Draws,      30 Flashes
D104: 0.0580 SQUARE --       0 Draws,      28 Flashes
D105: 0.0560 x 0.0820 RECTANGLE -----       4 Flashes
D106: 0.1580 x 0.0880 OBLONG    -----       8 Flashes
D107: 0.0930 x 0.0730 OBLONG    -----      12 Flashes
D108: 0.0930 x 0.0730 RECTANGLE -----       4 Flashes
D109: 0.0230 x 0.0670 OBLONG    -----      56 Flashes
D110: 0.0870 x 0.0240 OBLONG    -----      64 Flashes
D111: 0.0240 x 0.0870 OBLONG    -----      62 Flashes
D112: 0.0240 x 0.0870 RECTANGLE -----       2 Flashes
D113: 0.0550 ROUND  --       0 Draws,      84 Flashes
D114: 0.0004 ROUND  --       0 Draws,       6 Flashes
D115: 0.0050 ROUND  --      29 Draws,       0 Flashes
D116: 0.0020 ROUND  --     569 Draws,       0 Flashes
D117: 0.0079 ROUND  --     728 Draws,       0 Flashes
D118: 0.0118 ROUND  --     965 Draws,       0 Flashes
D119: 0.0039 ROUND  --      87 Draws,       0 Flashes
D120: 0.0010 ROUND  --      18 Draws,       0 Flashes
D121: 0.0012 ROUND  --      30 Draws,       0 Flashes
D122: 0.0394 ROUND  --      16 Draws,       0 Flashes
D123: 0.0030 ROUND  --      32 Draws,       0 Flashes
D124: 0.0090 ROUND  --     594 Draws,       0 Flashes
D125: 0.1200 SQUARE --       0 Draws,       1 Flashes
D126: 0.1200 ROUND  --       0 Draws,       5 Flashes
D127: 0.0990 x 0.0670 OBLONG    -----      19 Flashes
D128: 0.0800 x 0.0580 OBLONG    -----      42 Flashes
D129: 0.0800 x 0.0580 RECTANGLE -----       2 Flashes
D130: 0.0630 ROUND  --       0 Draws,       8 Flashes
D131: 0.0630 SQUARE --       0 Draws,       1 Flashes
D132: 0.0670 x 0.0990 OBLONG    -----      10 Flashes
D133: 0.0710 ROUND  --       0 Draws,       2 Flashes
D134: 0.0710 SQUARE --       0 Draws,       1 Flashes
D135: 0.0580 ROUND  --       0 Draws,     120 Flashes
D136: 0.0800 x 0.0320 OBLONG    -----       4 Flashes
D137: 0.0280 ROUND  --       0 Draws,      13 Flashes
D138: 0.0280 ROUND  --       0 Draws,      42 Flashes
---------------------------------------------------------
128 D-Codes      -----   16856 Draws,    3410 Flashes


No warnings or errors.
