Wed Apr 30 18:44:21 Log file reset
Wed Apr 30 18:44:21 Loaded file BACKUP0.MAX
Wed Apr 30 18:44:25 Loaded file C:\ORCAD\ORCAD_10.5\TOOLS\LAYOUT_PLUS\data\template.imp
Wed Apr 30 18:44:25 Loaded file C:\ORCAD\ORCAD_10.5\TOOLS\LAYOUT_PLUS\data\template.imp
Wed Apr 30 18:44:25 Loaded file C:\ORCAD\ORCAD_10.5\TOOLS\LAYOUT_PLUS\data\template.imp
Wed Apr 30 18:44:25 Loaded file C:\ORCAD\ORCAD_10.5\TOOLS\LAYOUT_PLUS\data\template.imp
Wed Apr 30 18:44:27 Loaded file D:\MN_THU VIEN ORCARD\1.MN_LIBRARY ORCAD 9.2.LLB
Wed Apr 30 18:44:30 Loaded file C:\ORCAD\ORCAD_10.5\TOOLS\LAYOUT_PLUS\data\template.imp
Wed Apr 30 18:44:35 Saved as file ~undo.max
Wed Apr 30 18:44:35 Error code 5226.074 (10)
Wed Apr 30 18:44:35 Saved as file Backup0.max
Wed Apr 30 18:44:35 Windows which were open at time of error:
Wed Apr 30 18:44:35 	ActiveWindow: &Design
Wed Apr 30 18:44:35 	Icon: &Components
Wed Apr 30 18:44:35 	Icon: &Nets
Wed Apr 30 18:44:35 	Icon: Post Proces&s
Wed Apr 30 18:44:35 End-of-list
Wed Apr 30 18:44:35 Loaded file BACKUP0.MAX
Wed Apr 30 18:44:43 Saved as file ~undo.max
Wed Apr 30 18:44:48 Loaded file C:\ORCAD\ORCAD_10.5\TOOLS\LAYOUT_PLUS\data\template.imp
Wed Apr 30 18:44:48 Loaded file C:\ORCAD\ORCAD_10.5\TOOLS\LAYOUT_PLUS\data\template.imp
Wed Apr 30 18:44:48 Loaded file C:\ORCAD\ORCAD_10.5\TOOLS\LAYOUT_PLUS\data\template.imp
Wed Apr 30 18:44:48 Loaded file C:\ORCAD\ORCAD_10.5\TOOLS\LAYOUT_PLUS\data\template.imp
Wed Apr 30 18:44:51 Loaded file C:\ORCAD\ORCAD_10.5\TOOLS\LAYOUT_PLUS\data\template.imp
Wed Apr 30 18:44:57 Saved as file ~undo.max
Wed Apr 30 18:44:57 Error code 5226.074 (10)
Wed Apr 30 18:44:57 Saved as file Backup0.max
Wed Apr 30 18:44:57 Windows which were open at time of error:
Wed Apr 30 18:44:57 	ActiveWindow: &Design
Wed Apr 30 18:44:57 	Icon: &Components
Wed Apr 30 18:44:57 	Icon: &Nets
Wed Apr 30 18:44:57 	Icon: Post Proces&s
Wed Apr 30 18:44:57 End-of-list
Wed Apr 30 18:44:57 Loaded file BACKUP0.MAX
Wed Apr 30 18:45:01 Saved as file ~undo.max
Wed Apr 30 18:45:25 Saved as file D:\SOUND LEVEL METER PROJECT\MO PHONG_SOUND LEVEL METER_V3\SOUND LEVEL METER_OK\BOARD_NOISE LEVEL METER\NOISE LEVEL METER-4.MAX
Wed Apr 30 18:45:31 Loaded file C:\ORCAD\ORCAD_10.5\TOOLS\LAYOUT_PLUS\data\template.imp
Wed Apr 30 18:45:31 Loaded file C:\ORCAD\ORCAD_10.5\TOOLS\LAYOUT_PLUS\data\template.imp
Wed Apr 30 18:45:31 Loaded file C:\ORCAD\ORCAD_10.5\TOOLS\LAYOUT_PLUS\data\template.imp
Wed Apr 30 18:45:31 Loaded file C:\ORCAD\ORCAD_10.5\TOOLS\LAYOUT_PLUS\data\template.imp
Wed Apr 30 18:45:33 Loaded file D:\MN_THU VIEN ORCARD\1.MN_LIBRARY ORCAD 9.2.LLB
Wed Apr 30 18:45:34 Loaded file C:\ORCAD\ORCAD_10.5\TOOLS\LAYOUT_PLUS\data\template.imp
Wed Apr 30 18:45:36 Loaded file C:\ORCAD\ORCAD_10.5\TOOLS\LAYOUT_PLUS\data\template.imp
Wed Apr 30 18:45:45 Saved as file ~undo.max
Wed Apr 30 18:45:45 Error code 5226.074 (10)
Wed Apr 30 18:45:45 Saved as file Backup0.max
Wed Apr 30 18:45:45 Windows which were open at time of error:
Wed Apr 30 18:45:45 	ActiveWindow: &Design
Wed Apr 30 18:45:45 	Icon: &Components
Wed Apr 30 18:45:45 	Icon: &Nets
Wed Apr 30 18:45:45 	Icon: Post Proces&s
Wed Apr 30 18:45:45 End-of-list
Wed Apr 30 18:45:45 Loaded file BACKUP0.MAX
Wed Apr 30 18:46:06 Loaded file C:\OrCAD\OrCAD_10.5\tools\Layout_Plus\data\template.imp
Wed Apr 30 18:46:06 Loaded file C:\OrCAD\OrCAD_10.5\tools\Layout_Plus\data\template.imp
Wed Apr 30 18:46:06 Loaded file C:\OrCAD\OrCAD_10.5\tools\Layout_Plus\data\template.imp
Wed Apr 30 18:46:06 Loaded file C:\OrCAD\OrCAD_10.5\tools\Layout_Plus\data\template.imp
Wed Apr 30 18:46:09 Loaded file C:\OrCAD\OrCAD_10.5\tools\Layout_Plus\data\template.imp
Wed Apr 30 18:46:12 Loaded file D:\MN_THU VIEN ORCARD\1.MN_LIBRARY ORCAD 9.2.LLB
Wed Apr 30 18:46:17 Loaded file C:\OrCAD\OrCAD_10.5\tools\Layout_Plus\data\template.imp
Wed Apr 30 18:46:18 Loaded file C:\OrCAD\OrCAD_10.5\tools\Layout_Plus\data\template.imp
Wed Apr 30 18:46:20 Loaded file C:\OrCAD\OrCAD_10.5\tools\Layout_Plus\data\template.imp
Wed Apr 30 18:46:21 Loaded file C:\OrCAD\OrCAD_10.5\tools\Layout_Plus\data\template.imp
Wed Apr 30 18:46:25 Saved as file ~undo.max
Wed Apr 30 18:46:31 Loaded file C:\OrCAD\OrCAD_10.5\tools\Layout_Plus\data\template.imp
Wed Apr 30 18:46:31 Loaded file C:\OrCAD\OrCAD_10.5\tools\Layout_Plus\data\template.imp
Wed Apr 30 18:46:31 Loaded file C:\OrCAD\OrCAD_10.5\tools\Layout_Plus\data\template.imp
Wed Apr 30 18:46:31 Loaded file C:\OrCAD\OrCAD_10.5\tools\Layout_Plus\data\template.imp
Wed Apr 30 18:46:32 Loaded file D:\MN_THU VIEN ORCARD\1.MN_LIBRARY ORCAD 9.2.LLB
Wed Apr 30 18:46:35 Loaded file C:\OrCAD\OrCAD_10.5\tools\Layout_Plus\data\template.imp
Wed Apr 30 18:46:40 Saved as file ~undo.max
Wed Apr 30 18:46:40 Error code 5226.074 (10)
Wed Apr 30 18:46:40 Saved as file Backup0.max
Wed Apr 30 18:46:40 Windows which were open at time of error:
Wed Apr 30 18:46:40 	ActiveWindow: &Design
Wed Apr 30 18:46:40 	Icon: &Components
Wed Apr 30 18:46:40 	Icon: &Nets
Wed Apr 30 18:46:40 	Icon: Post Proces&s
Wed Apr 30 18:46:40 End-of-list
Wed Apr 30 18:46:40 Loaded file BACKUP0.MAX
Wed Apr 30 18:46:55 Saved as file ~undo.max
Wed Apr 30 18:47:03 Saved as file D:\SOUND LEVEL METER PROJECT\MO PHONG_SOUND LEVEL METER_V3\SOUND LEVEL METER_OK\BOARD_NOISE LEVEL METER\NOISE LEVEL METER-5.MAX
Wed Apr 30 18:47:08 Loaded file D:\SOUND LEVEL METER PROJECT\MO PHONG_SOUND LEVEL METER_V3\SOUND LEVEL METER_OK\BOARD_NOISE LEVEL METER\NOISE LEVEL METER-3.MAX
Wed Apr 30 18:47:21 Saved as file ~undo.max
Wed Apr 30 18:47:23 Saved as file ~undo.max
Wed Apr 30 18:47:25 Saved as file ~undo.max
Wed Apr 30 18:47:29 Saved as file ~undo.max
Wed Apr 30 18:50:42 Loaded file C:\ORCAD\ORCAD_10.5\TOOLS\LAYOUT_PLUS\data\template.imp
Wed Apr 30 18:50:42 Loaded file C:\ORCAD\ORCAD_10.5\TOOLS\LAYOUT_PLUS\data\template.imp
Wed Apr 30 18:50:42 Loaded file C:\ORCAD\ORCAD_10.5\TOOLS\LAYOUT_PLUS\data\template.imp
Wed Apr 30 18:50:42 Loaded file C:\ORCAD\ORCAD_10.5\TOOLS\LAYOUT_PLUS\data\template.imp
Wed Apr 30 18:50:44 Loaded file C:\USERS\MINHNAMDTKN\DESKTOP\THUVIEN OR1.LLB
Wed Apr 30 18:50:44 Loaded file C:\USERS\MINHNAMDTKN\DESKTOP\THUVIEN OR2.LLB
Wed Apr 30 18:50:44 Loaded file D:\MN_THU VIEN ORCARD\1.MN_LIBRARY ORCAD 9.2.LLB
Wed Apr 30 18:50:44 Loaded file D:\MN_THU VIEN ORCARD\LAYOUT.CAOVANHUONG.LLB
Wed Apr 30 18:50:44 Loaded file D:\MN_THU VIEN ORCARD\THU VIEN MACH DO AN GSM_GPRS_MINHNAM.LLB
Wed Apr 30 18:50:44 Loaded file D:\MN_THU VIEN ORCARD\THU VIEN ORCAD 9.2_B +T_MINHNAMDTKN09SPKT.LLB
Wed Apr 30 18:50:44 Loaded file D:\MN_THU VIEN ORCARD\THU VIEN ORCAD 9.2_BOTTOM_MINHNAMDTKN09SPKT.LLB
Wed Apr 30 18:50:44 Loaded file D:\MN_THU VIEN ORCARD\THU VIEN ORCAD 9.2_SMD_MINHNAMDTKN09SPKT.LLB
Wed Apr 30 18:50:44 Loaded file C:\OrCAD\OrCAD_10.5\tools\Layout_Plus\library\BCON100T.llb
Wed Apr 30 18:50:44 Loaded file C:\OrCAD\OrCAD_10.5\tools\Layout_Plus\library\BCON156T.llb
Wed Apr 30 18:50:44 Loaded file C:\OrCAD\OrCAD_10.5\tools\Layout_Plus\library\BGA.llb
Wed Apr 30 18:50:44 Loaded file C:\OrCAD\OrCAD_10.5\tools\Layout_Plus\library\CLCC.llb
Wed Apr 30 18:50:44 Loaded file C:\OrCAD\OrCAD_10.5\tools\Layout_Plus\library\DCON050T.llb
Wed Apr 30 18:50:44 Loaded file C:\OrCAD\OrCAD_10.5\tools\Layout_Plus\library\DCON085T.llb
Wed Apr 30 18:50:44 Loaded file C:\OrCAD\OrCAD_10.5\tools\Layout_Plus\library\DIMM050F.llb
Wed Apr 30 18:50:44 Loaded file C:\OrCAD\OrCAD_10.5\tools\Layout_Plus\library\DIMM050T.llb
Wed Apr 30 18:50:44 Loaded file C:\OrCAD\OrCAD_10.5\tools\Layout_Plus\library\DIN.llb
Wed Apr 30 18:50:44 Loaded file C:\OrCAD\OrCAD_10.5\tools\Layout_Plus\library\DIP100B.llb
Wed Apr 30 18:50:44 Loaded file C:\OrCAD\OrCAD_10.5\tools\Layout_Plus\library\DIP100T.llb
Wed Apr 30 18:50:44 Loaded file C:\OrCAD\OrCAD_10.5\tools\Layout_Plus\library\DSUBT.llb
Wed Apr 30 18:50:44 Loaded file C:\OrCAD\OrCAD_10.5\tools\Layout_Plus\library\DSUBT_HD.LLB
Wed Apr 30 18:50:44 Loaded file C:\OrCAD\OrCAD_10.5\tools\Layout_Plus\library\ECON100T.llb
Wed Apr 30 18:50:44 Loaded file C:\OrCAD\OrCAD_10.5\tools\Layout_Plus\library\FBUS.llb
Wed Apr 30 18:50:44 Loaded file C:\OrCAD\OrCAD_10.5\tools\Layout_Plus\library\ISA.llb
Wed Apr 30 18:50:44 Loaded file C:\OrCAD\OrCAD_10.5\tools\Layout_Plus\library\JUMPER.LLB
Wed Apr 30 18:50:44 Loaded file C:\OrCAD\OrCAD_10.5\tools\Layout_Plus\library\LAYOUT.llb
Wed Apr 30 18:50:44 Loaded file C:\OrCAD\OrCAD_10.5\tools\Layout_Plus\library\LCON100T.llb
Wed Apr 30 18:50:44 Loaded file C:\OrCAD\OrCAD_10.5\tools\Layout_Plus\library\PC104.llb
Wed Apr 30 18:50:44 Loaded file C:\OrCAD\OrCAD_10.5\tools\Layout_Plus\library\PCI.llb
Wed Apr 30 18:50:44 Loaded file C:\OrCAD\OrCAD_10.5\tools\Layout_Plus\library\PCON100T.llb
Wed Apr 30 18:50:44 Loaded file C:\OrCAD\OrCAD_10.5\tools\Layout_Plus\library\PCON156T.llb
Wed Apr 30 18:50:44 Loaded file C:\OrCAD\OrCAD_10.5\tools\Layout_Plus\library\PGA.llb
Wed Apr 30 18:50:44 Loaded file C:\OrCAD\OrCAD_10.5\tools\Layout_Plus\library\PLCC.llb
Wed Apr 30 18:50:44 Loaded file C:\OrCAD\OrCAD_10.5\tools\Layout_Plus\library\QUAD.llb
Wed Apr 30 18:50:44 Loaded file C:\OrCAD\OrCAD_10.5\tools\Layout_Plus\library\QUADB.llb
Wed Apr 30 18:50:44 Loaded file C:\OrCAD\OrCAD_10.5\tools\Layout_Plus\library\RELAY.llb
Wed Apr 30 18:50:44 Loaded file C:\OrCAD\OrCAD_10.5\tools\Layout_Plus\library\RF.llb
Wed Apr 30 18:50:44 Loaded file C:\OrCAD\OrCAD_10.5\tools\Layout_Plus\library\SBUS.llb
Wed Apr 30 18:50:44 Loaded file C:\OrCAD\OrCAD_10.5\tools\Layout_Plus\library\SIMM050F.llb
Wed Apr 30 18:50:44 Loaded file C:\OrCAD\OrCAD_10.5\tools\Layout_Plus\library\SIMM050T.llb
Wed Apr 30 18:50:44 Loaded file C:\OrCAD\OrCAD_10.5\tools\Layout_Plus\library\SIMM100F.llb
Wed Apr 30 18:50:44 Loaded file C:\OrCAD\OrCAD_10.5\tools\Layout_Plus\library\SIMM100T.llb
Wed Apr 30 18:50:44 Loaded file C:\OrCAD\OrCAD_10.5\tools\Layout_Plus\library\SIP.llb
Wed Apr 30 18:50:44 Loaded file C:\OrCAD\OrCAD_10.5\tools\Layout_Plus\library\SM.llb
Wed Apr 30 18:50:44 Loaded file C:\OrCAD\OrCAD_10.5\tools\Layout_Plus\library\SOG.llb
Wed Apr 30 18:50:44 Loaded file C:\OrCAD\OrCAD_10.5\tools\Layout_Plus\library\SOJ.llb
Wed Apr 30 18:50:44 Loaded file C:\OrCAD\OrCAD_10.5\tools\Layout_Plus\library\STIFF.llb
Wed Apr 30 18:50:44 Loaded file C:\OrCAD\OrCAD_10.5\tools\Layout_Plus\library\TELE.llb
Wed Apr 30 18:50:44 Loaded file C:\OrCAD\OrCAD_10.5\tools\Layout_Plus\library\TM_AXIAL.llb
Wed Apr 30 18:50:44 Loaded file C:\OrCAD\OrCAD_10.5\tools\Layout_Plus\library\TM_CAP_P.llb
Wed Apr 30 18:50:44 Loaded file C:\OrCAD\OrCAD_10.5\tools\Layout_Plus\library\TM_CYLND.llb
Wed Apr 30 18:50:44 Loaded file C:\OrCAD\OrCAD_10.5\tools\Layout_Plus\library\TM_DIODE.llb
Wed Apr 30 18:50:44 Loaded file C:\OrCAD\OrCAD_10.5\tools\Layout_Plus\library\TM_DISC.llb
Wed Apr 30 18:50:44 Loaded file C:\OrCAD\OrCAD_10.5\tools\Layout_Plus\library\TM_RAD.llb
Wed Apr 30 18:50:44 Loaded file C:\OrCAD\OrCAD_10.5\tools\Layout_Plus\library\TO.llb
Wed Apr 30 18:50:44 Loaded file C:\OrCAD\OrCAD_10.5\tools\Layout_Plus\library\TRAINING.LLB
Wed Apr 30 18:50:44 Loaded file C:\OrCAD\OrCAD_10.5\tools\Layout_Plus\library\VRES.llb
Wed Apr 30 18:50:44 Loaded file C:\OrCAD\OrCAD_10.5\tools\Layout_Plus\library\WCON100T.llb
Wed Apr 30 18:50:44 Loaded file C:\OrCAD\OrCAD_10.5\tools\Layout_Plus\library\XT.llb
Wed Apr 30 18:50:44 Loaded file C:\OrCAD\OrCAD_10.5\tools\Layout_Plus\library\ZIGZAG.llb
Wed Apr 30 18:51:02 Saved as file ~undo.max
Wed Apr 30 18:55:47 Loaded file C:\ORCAD\ORCAD_10.5\TOOLS\LAYOUT_PLUS\data\template.imp
Wed Apr 30 18:55:47 Loaded file C:\ORCAD\ORCAD_10.5\TOOLS\LAYOUT_PLUS\data\template.imp
Wed Apr 30 18:55:47 Loaded file C:\ORCAD\ORCAD_10.5\TOOLS\LAYOUT_PLUS\data\template.imp
Wed Apr 30 18:55:47 Loaded file C:\ORCAD\ORCAD_10.5\TOOLS\LAYOUT_PLUS\data\template.imp
Wed Apr 30 18:55:48 Loaded file D:\MN_THU VIEN ORCARD\1.MN_LIBRARY ORCAD 9.2.LLB
Wed Apr 30 18:55:49 Loaded file C:\ORCAD\ORCAD_10.5\TOOLS\LAYOUT_PLUS\data\template.imp
Wed Apr 30 18:55:50 Saved as file ~undo.max
Wed Apr 30 18:55:53 Saved as file D:\SOUND LEVEL METER PROJECT\MO PHONG_SOUND LEVEL METER_V3\SOUND LEVEL METER_OK\BOARD_NOISE LEVEL METER\NOISE LEVEL METER-3.MAX
Wed Apr 30 18:56:28 Loaded file C:\ORCAD\ORCAD_10.5\TOOLS\LAYOUT_PLUS\data\template.imp
Wed Apr 30 18:56:28 Loaded file C:\ORCAD\ORCAD_10.5\TOOLS\LAYOUT_PLUS\data\template.imp
Wed Apr 30 18:56:28 Loaded file C:\ORCAD\ORCAD_10.5\TOOLS\LAYOUT_PLUS\data\template.imp
Wed Apr 30 18:56:28 Loaded file C:\ORCAD\ORCAD_10.5\TOOLS\LAYOUT_PLUS\data\template.imp
Wed Apr 30 18:56:29 Loaded file D:\MN_THU VIEN ORCARD\1.MN_LIBRARY ORCAD 9.2.LLB
Wed Apr 30 18:56:31 Loaded file C:\ORCAD\ORCAD_10.5\TOOLS\LAYOUT_PLUS\data\template.imp
Wed Apr 30 18:56:34 Saved as file ~undo.max
Wed Apr 30 18:56:35 Saved as file D:\SOUND LEVEL METER PROJECT\MO PHONG_SOUND LEVEL METER_V3\SOUND LEVEL METER_OK\BOARD_NOISE LEVEL METER\NOISE LEVEL METER-3.MAX
Wed Apr 30 18:56:37 Saved as file ~undo.max
Wed Apr 30 18:56:48 Saved as file ~undo.max
Wed Apr 30 18:56:51 Saved as file ~undo.max
Wed Apr 30 18:56:59 Saved as file ~undo.max
Wed Apr 30 18:57:03 Saved as file ~undo.max
Wed Apr 30 18:57:06 Saved as file ~undo.max
Wed Apr 30 18:57:10 Saved as file BACKUP1.MAX
Wed Apr 30 18:57:13 Saved as file ~undo.max
Wed Apr 30 18:57:16 Loaded file C:\ORCAD\ORCAD_10.5\TOOLS\LAYOUT_PLUS\data\template.imp
Wed Apr 30 18:57:16 Loaded file C:\ORCAD\ORCAD_10.5\TOOLS\LAYOUT_PLUS\data\template.imp
Wed Apr 30 18:57:16 Loaded file C:\ORCAD\ORCAD_10.5\TOOLS\LAYOUT_PLUS\data\template.imp
Wed Apr 30 18:57:16 Loaded file C:\ORCAD\ORCAD_10.5\TOOLS\LAYOUT_PLUS\data\template.imp
Wed Apr 30 18:57:17 Loaded file D:\MN_THU VIEN ORCARD\1.MN_LIBRARY ORCAD 9.2.LLB
Wed Apr 30 18:57:20 Loaded file C:\ORCAD\ORCAD_10.5\TOOLS\LAYOUT_PLUS\data\template.imp
Wed Apr 30 18:57:21 Loaded file C:\ORCAD\ORCAD_10.5\TOOLS\LAYOUT_PLUS\data\template.imp
Wed Apr 30 18:57:24 Saved as file ~undo.max
Wed Apr 30 18:58:54 Loaded file C:\ORCAD\ORCAD_10.5\TOOLS\LAYOUT_PLUS\data\template.imp
Wed Apr 30 18:58:54 Loaded file C:\ORCAD\ORCAD_10.5\TOOLS\LAYOUT_PLUS\data\template.imp
Wed Apr 30 18:58:54 Loaded file C:\ORCAD\ORCAD_10.5\TOOLS\LAYOUT_PLUS\data\template.imp
Wed Apr 30 18:58:54 Loaded file C:\ORCAD\ORCAD_10.5\TOOLS\LAYOUT_PLUS\data\template.imp
Wed Apr 30 18:58:55 Loaded file D:\MN_THU VIEN ORCARD\1.MN_LIBRARY ORCAD 9.2.LLB
Wed Apr 30 18:58:58 Loaded file C:\ORCAD\ORCAD_10.5\TOOLS\LAYOUT_PLUS\data\template.imp
Wed Apr 30 18:59:01 Loaded file C:\ORCAD\ORCAD_10.5\TOOLS\LAYOUT_PLUS\data\template.imp
Wed Apr 30 18:59:04 Saved as file ~undo.max
Wed Apr 30 18:59:14 Saved as file ~undo.max
Wed Apr 30 19:00:20 Loaded file C:\ORCAD\ORCAD_10.5\TOOLS\LAYOUT_PLUS\data\template.imp
Wed Apr 30 19:00:20 Loaded file C:\ORCAD\ORCAD_10.5\TOOLS\LAYOUT_PLUS\data\template.imp
Wed Apr 30 19:00:20 Loaded file C:\ORCAD\ORCAD_10.5\TOOLS\LAYOUT_PLUS\data\template.imp
Wed Apr 30 19:00:20 Loaded file C:\ORCAD\ORCAD_10.5\TOOLS\LAYOUT_PLUS\data\template.imp
Wed Apr 30 19:00:22 Loaded file C:\ORCAD\ORCAD_10.5\TOOLS\LAYOUT_PLUS\data\template.imp
Wed Apr 30 19:00:23 Loaded file C:\ORCAD\ORCAD_10.5\TOOLS\LAYOUT_PLUS\data\template.imp
Wed Apr 30 19:00:26 Saved as file ~undo.max
Wed Apr 30 19:00:48 Saved as file ~undo.max
Wed Apr 30 19:00:57 Loaded file C:\ORCAD\ORCAD_10.5\TOOLS\LAYOUT_PLUS\data\template.imp
Wed Apr 30 19:00:57 Loaded file C:\ORCAD\ORCAD_10.5\TOOLS\LAYOUT_PLUS\data\template.imp
Wed Apr 30 19:00:57 Loaded file C:\ORCAD\ORCAD_10.5\TOOLS\LAYOUT_PLUS\data\template.imp
Wed Apr 30 19:00:57 Loaded file C:\ORCAD\ORCAD_10.5\TOOLS\LAYOUT_PLUS\data\template.imp
Wed Apr 30 19:00:59 Loaded file D:\MN_THU VIEN ORCARD\1.MN_LIBRARY ORCAD 9.2.LLB
Wed Apr 30 19:01:00 Loaded file C:\ORCAD\ORCAD_10.5\TOOLS\LAYOUT_PLUS\data\template.imp
Wed Apr 30 19:01:02 Loaded file C:\ORCAD\ORCAD_10.5\TOOLS\LAYOUT_PLUS\data\template.imp
Wed Apr 30 19:01:09 Loaded file C:\ORCAD\ORCAD_10.5\TOOLS\LAYOUT_PLUS\data\template.imp
Wed Apr 30 19:01:21 Loaded file C:\ORCAD\ORCAD_10.5\TOOLS\LAYOUT_PLUS\data\template.imp
Wed Apr 30 19:01:21 Loaded file C:\ORCAD\ORCAD_10.5\TOOLS\LAYOUT_PLUS\data\template.imp
Wed Apr 30 19:01:25 Saved as file ~undo.max
Wed Apr 30 19:02:04 Loaded file C:\ORCAD\ORCAD_10.5\TOOLS\LAYOUT_PLUS\data\template.imp
Wed Apr 30 19:02:04 Loaded file C:\ORCAD\ORCAD_10.5\TOOLS\LAYOUT_PLUS\data\template.imp
Wed Apr 30 19:02:04 Loaded file C:\ORCAD\ORCAD_10.5\TOOLS\LAYOUT_PLUS\data\template.imp
Wed Apr 30 19:02:04 Loaded file C:\ORCAD\ORCAD_10.5\TOOLS\LAYOUT_PLUS\data\template.imp
Wed Apr 30 19:02:05 Loaded file C:\ORCAD\ORCAD_10.5\TOOLS\LAYOUT_PLUS\data\template.imp
Wed Apr 30 19:02:06 Loaded file D:\MN_THU VIEN ORCARD\1.MN_LIBRARY ORCAD 9.2.LLB
Wed Apr 30 19:02:08 Loaded file C:\ORCAD\ORCAD_10.5\TOOLS\LAYOUT_PLUS\data\template.imp
Wed Apr 30 19:02:10 Loaded file C:\ORCAD\ORCAD_10.5\TOOLS\LAYOUT_PLUS\data\template.imp
Wed Apr 30 19:02:18 Saved as file ~undo.max
Wed Apr 30 19:02:31 Saved as file ~undo.max
Wed Apr 30 19:02:54 Saved as file D:\SOUND LEVEL METER PROJECT\MO PHONG_SOUND LEVEL METER_V3\SOUND LEVEL METER_OK\BOARD_NOISE LEVEL METER\NOISE LEVEL METER-3.MAX
Wed Apr 30 19:04:15 Saved as file ~undo.max
Wed Apr 30 19:05:02 Saved as file D:\SOUND LEVEL METER PROJECT\MO PHONG_SOUND LEVEL METER_V3\SOUND LEVEL METER_OK\BOARD_NOISE LEVEL METER\NOISE LEVEL METER-3.MAX
Wed Apr 30 19:05:17 Saved as file D:\SOUND LEVEL METER PROJECT\MO PHONG_SOUND LEVEL METER_V3\SOUND LEVEL METER_OK\BOARD_NOISE LEVEL METER\NOISE LEVEL METER-3.MAX
Wed Apr 30 19:05:33 Saved as file D:\SOUND LEVEL METER PROJECT\MO PHONG_SOUND LEVEL METER_V3\SOUND LEVEL METER_OK\BOARD_NOISE LEVEL METER\NOISE LEVEL METER-4.MAX
Wed Apr 30 19:05:38 Saved as file ~undo.max
Wed Apr 30 19:05:49 Saved as file ~undo.max
Wed Apr 30 19:05:53 Saved as file ~undo.max
Wed Apr 30 19:05:55 Saved as file ~undo.max
Wed Apr 30 19:06:04 Saved as file ~undo.max
Wed Apr 30 19:06:05 Saved as file D:\SOUND LEVEL METER PROJECT\MO PHONG_SOUND LEVEL METER_V3\SOUND LEVEL METER_OK\BOARD_NOISE LEVEL METER\NOISE LEVEL METER-4.MAX
Wed Apr 30 19:06:21 Saved as file ~undo.max
Wed Apr 30 19:06:22 Saved as file D:\SOUND LEVEL METER PROJECT\MO PHONG_SOUND LEVEL METER_V3\SOUND LEVEL METER_OK\BOARD_NOISE LEVEL METER\NOISE LEVEL METER-4.MAX
Wed Apr 30 19:07:03 Saved as file ~undo.max
Wed Apr 30 19:07:11 Saved as file ~undo.max
Wed Apr 30 19:07:13 Saved as file D:\SOUND LEVEL METER PROJECT\MO PHONG_SOUND LEVEL METER_V3\SOUND LEVEL METER_OK\BOARD_NOISE LEVEL METER\NOISE LEVEL METER-4.MAX
Wed Apr 30 19:07:30 Saved as file ~undo.max
Wed Apr 30 19:07:39 Saved as file ~undo.max
Wed Apr 30 19:07:41 Saved as file ~undo.max
Wed Apr 30 19:07:45 Saved as file ~undo.max
Wed Apr 30 19:07:52 Saved as file ~undo.max
Wed Apr 30 19:08:03 Saved as file ~undo.max
Wed Apr 30 19:08:06 Saved as file ~undo.max
Wed Apr 30 19:08:11 Saved as file ~undo.max
Wed Apr 30 19:08:24 Saved as file ~undo.max
Wed Apr 30 19:08:26 Saved as file D:\SOUND LEVEL METER PROJECT\MO PHONG_SOUND LEVEL METER_V3\SOUND LEVEL METER_OK\BOARD_NOISE LEVEL METER\NOISE LEVEL METER-4.MAX
Wed Apr 30 19:08:35 Saved as file ~undo.max
Wed Apr 30 19:08:52 Saved as file ~undo.max
Wed Apr 30 19:08:57 Saved as file ~undo.max
Wed Apr 30 19:08:59 Saved as file D:\SOUND LEVEL METER PROJECT\MO PHONG_SOUND LEVEL METER_V3\SOUND LEVEL METER_OK\BOARD_NOISE LEVEL METER\NOISE LEVEL METER-4.MAX
Wed Apr 30 19:09:11 Saved as file ~undo.max
Wed Apr 30 19:09:12 Saved as file D:\SOUND LEVEL METER PROJECT\MO PHONG_SOUND LEVEL METER_V3\SOUND LEVEL METER_OK\BOARD_NOISE LEVEL METER\NOISE LEVEL METER-4.MAX
Wed Apr 30 19:09:16 Saved as file ~undo.max
Wed Apr 30 19:09:18 Saved as file ~undo.max
Wed Apr 30 19:09:36 Saved as file ~undo.max
Wed Apr 30 19:09:41 Saved as file BACKUP1.MAX
Wed Apr 30 19:09:43 Saved as file ~undo.max
Wed Apr 30 19:09:44 Saved as file D:\SOUND LEVEL METER PROJECT\MO PHONG_SOUND LEVEL METER_V3\SOUND LEVEL METER_OK\BOARD_NOISE LEVEL METER\NOISE LEVEL METER-4.MAX
Wed Apr 30 19:10:01 Saved as file ~undo.max
Wed Apr 30 19:11:06 Saved as file ~undo.max
Wed Apr 30 19:11:11 Saved as file ~undo.max
Wed Apr 30 19:11:20 Saved as file ~undo.max
Wed Apr 30 19:11:23 Saved as file ~undo.max
Wed Apr 30 19:11:24 Saved as file ~undo.max
Wed Apr 30 19:11:26 Saved as file ~undo.max
Wed Apr 30 19:11:31 Saved as file ~undo.max
Wed Apr 30 19:11:36 Saved as file ~undo.max
Wed Apr 30 19:11:41 Saved as file ~undo.max
Wed Apr 30 19:11:51 Saved as file ~undo.max
Wed Apr 30 19:11:56 Saved as file ~undo.max
Wed Apr 30 19:12:22 Saved as file ~undo.max
Wed Apr 30 19:12:28 Saved as file ~undo.max
Wed Apr 30 19:12:50 Saved as file ~undo.max
Wed Apr 30 19:12:52 Saved as file D:\SOUND LEVEL METER PROJECT\MO PHONG_SOUND LEVEL METER_V3\SOUND LEVEL METER_OK\BOARD_NOISE LEVEL METER\NOISE LEVEL METER-4.MAX
Wed Apr 30 19:12:56 Saved as file ~undo.max
Wed Apr 30 19:12:57 Saved as file ~undo.max
Wed Apr 30 19:12:59 Saved as file ~undo.max
Wed Apr 30 19:13:00 Saved as file ~undo.max
Wed Apr 30 19:13:10 Saved as file ~undo.max
Wed Apr 30 19:13:20 Saved as file D:\SOUND LEVEL METER PROJECT\MO PHONG_SOUND LEVEL METER_V3\SOUND LEVEL METER_OK\BOARD_NOISE LEVEL METER\NOISE LEVEL METER-4.MAX
Wed Apr 30 19:19:41 Saved as file BACKUP1.MAX
Wed Apr 30 19:20:27 Loaded file C:\ORCAD\ORCAD_10.5\TOOLS\LAYOUT_PLUS\data\template.imp
Wed Apr 30 19:20:27 Loaded file C:\ORCAD\ORCAD_10.5\TOOLS\LAYOUT_PLUS\data\template.imp
Wed Apr 30 19:20:27 Loaded file C:\ORCAD\ORCAD_10.5\TOOLS\LAYOUT_PLUS\data\template.imp
Wed Apr 30 19:20:27 Loaded file C:\ORCAD\ORCAD_10.5\TOOLS\LAYOUT_PLUS\data\template.imp
Wed Apr 30 19:20:28 Loaded file D:\MN_THU VIEN ORCARD\1.MN_LIBRARY ORCAD 9.2.LLB
Wed Apr 30 19:20:29 Loaded file C:\ORCAD\ORCAD_10.5\TOOLS\LAYOUT_PLUS\data\template.imp
Wed Apr 30 19:20:32 Saved as file ~undo.max
Wed Apr 30 19:20:45 Saved as file ~undo.max
Wed Apr 30 19:20:54 Saved as file D:\SOUND LEVEL METER PROJECT\MO PHONG_SOUND LEVEL METER_V3\SOUND LEVEL METER_OK\BOARD_NOISE LEVEL METER\NOISE LEVEL METER-4.MAX
Wed Apr 30 19:22:50 Saved as file D:\SOUND LEVEL METER PROJECT\MO PHONG_SOUND LEVEL METER_V3\SOUND LEVEL METER_OK\BOARD_NOISE LEVEL METER\NOISE LEVEL METER-4.MAX
Wed Apr 30 19:24:18 Saved as file D:\SOUND LEVEL METER PROJECT\MO PHONG_SOUND LEVEL METER_V3\SOUND LEVEL METER_OK\BOARD_NOISE LEVEL METER\NOISE LEVEL METER-4.MAX
Wed Apr 30 19:27:51 Saved as file ~undo.max
Wed Apr 30 19:28:00 Saved as file D:\SOUND LEVEL METER PROJECT\MO PHONG_SOUND LEVEL METER_V3\SOUND LEVEL METER_OK\BOARD_NOISE LEVEL METER\NOISE LEVEL METER-4.MAX
Wed Apr 30 19:28:13 Saved as file ~undo.max
Wed Apr 30 19:28:51 Saved as file ~undo.max
Wed Apr 30 19:28:52 Saved as file D:\SOUND LEVEL METER PROJECT\MO PHONG_SOUND LEVEL METER_V3\SOUND LEVEL METER_OK\BOARD_NOISE LEVEL METER\NOISE LEVEL METER-4.MAX
Wed Apr 30 19:29:30 Saved as file D:\SOUND LEVEL METER PROJECT\MO PHONG_SOUND LEVEL METER_V3\SOUND LEVEL METER_OK\BOARD_NOISE LEVEL METER\NOISE LEVEL METER-4.MAX
Wed Apr 30 19:30:58 Saved as file D:\SOUND LEVEL METER PROJECT\MO PHONG_SOUND LEVEL METER_V3\SOUND LEVEL METER_OK\BOARD_NOISE LEVEL METER\NOISE LEVEL METER-4.MAX
Wed Apr 30 19:31:11 Saved as file BACKUP1.MAX
Wed Apr 30 19:31:16 Saved as file ~undo.max
Wed Apr 30 19:31:25 Saved as file D:\SOUND LEVEL METER PROJECT\MO PHONG_SOUND LEVEL METER_V3\SOUND LEVEL METER_OK\BOARD_NOISE LEVEL METER\NOISE LEVEL METER-4.MAX
Wed Apr 30 19:31:38 Saved as file D:\SOUND LEVEL METER PROJECT\MO PHONG_SOUND LEVEL METER_V3\SOUND LEVEL METER_OK\BOARD_NOISE LEVEL METER\NOISE LEVEL METER-4.MAX
Wed Apr 30 19:32:10 Saved as file ~undo.max
Wed Apr 30 19:33:09 Saved as file D:\SOUND LEVEL METER PROJECT\MO PHONG_SOUND LEVEL METER_V3\SOUND LEVEL METER_OK\BOARD_NOISE LEVEL METER\NOISE LEVEL METER-4.MAX
Wed Apr 30 19:33:15 Saved as file ~undo.max
Wed Apr 30 19:33:24 Saved as file ~undo.max
Wed Apr 30 19:33:25 Saved as file D:\SOUND LEVEL METER PROJECT\MO PHONG_SOUND LEVEL METER_V3\SOUND LEVEL METER_OK\BOARD_NOISE LEVEL METER\NOISE LEVEL METER-4.MAX
Wed Apr 30 19:33:33 Saved as file ~undo.max
Wed Apr 30 19:33:36 Saved as file ~undo.max
Wed Apr 30 19:33:41 Saved as file D:\SOUND LEVEL METER PROJECT\MO PHONG_SOUND LEVEL METER_V3\SOUND LEVEL METER_OK\BOARD_NOISE LEVEL METER\NOISE LEVEL METER-4.MAX
Wed Apr 30 19:33:52 Saved as file ~undo.max
Wed Apr 30 19:33:58 Saved as file ~undo.max
Wed Apr 30 19:34:01 Saved as file ~undo.max
Wed Apr 30 19:34:56 Saved as file ~undo.max
Wed Apr 30 19:35:00 Saved as file ~undo.max
Wed Apr 30 19:35:07 Saved as file ~undo.max
Wed Apr 30 19:35:11 Saved as file ~undo.max
Wed Apr 30 19:35:16 Saved as file ~undo.max
Wed Apr 30 19:35:18 Saved as file ~undo.max
Wed Apr 30 19:35:24 Saved as file ~undo.max
Wed Apr 30 19:35:33 Saved as file ~undo.max
Wed Apr 30 19:35:44 Saved as file ~undo.max
Wed Apr 30 19:36:04 Saved as file ~undo.max
Wed Apr 30 19:36:21 Saved as file ~undo.max
Wed Apr 30 19:36:35 Saved as file ~undo.max
Wed Apr 30 19:36:44 Saved as file ~undo.max
Wed Apr 30 19:36:45 Saved as file D:\SOUND LEVEL METER PROJECT\MO PHONG_SOUND LEVEL METER_V3\SOUND LEVEL METER_OK\BOARD_NOISE LEVEL METER\NOISE LEVEL METER-4.MAX
Wed Apr 30 19:36:54 Saved as file ~undo.max
Wed Apr 30 19:37:02 Saved as file ~undo.max
Wed Apr 30 19:37:05 Saved as file ~undo.max
Wed Apr 30 19:37:08 Saved as file ~undo.max
Wed Apr 30 19:37:09 Saved as file ~undo.max
Wed Apr 30 19:37:11 Saved as file ~undo.max
Wed Apr 30 19:37:12 Saved as file ~undo.max
Wed Apr 30 19:37:15 Saved as file ~undo.max
Wed Apr 30 19:37:17 Saved as file ~undo.max
Wed Apr 30 19:37:19 Saved as file ~undo.max
Wed Apr 30 19:37:20 Saved as file D:\SOUND LEVEL METER PROJECT\MO PHONG_SOUND LEVEL METER_V3\SOUND LEVEL METER_OK\BOARD_NOISE LEVEL METER\NOISE LEVEL METER-4.MAX
Wed Apr 30 19:37:29 Saved as file ~undo.max
Wed Apr 30 19:37:31 Saved as file ~undo.max
Wed Apr 30 19:37:32 Saved as file ~undo.max
Wed Apr 30 19:37:34 Saved as file ~undo.max
Wed Apr 30 19:37:42 Saved as file ~undo.max
Wed Apr 30 19:37:44 Saved as file ~undo.max
Wed Apr 30 19:37:54 Saved as file ~undo.max
Wed Apr 30 19:38:05 Saved as file ~undo.max
Wed Apr 30 19:38:08 Saved as file ~undo.max
Wed Apr 30 19:38:15 Saved as file ~undo.max
Wed Apr 30 19:38:16 Saved as file ~undo.max
Wed Apr 30 19:38:18 Saved as file ~undo.max
Wed Apr 30 19:38:28 Saved as file ~undo.max
Wed Apr 30 19:38:31 Saved as file ~undo.max
Wed Apr 30 19:38:48 Saved as file ~undo.max
Wed Apr 30 19:38:51 Saved as file ~undo.max
Wed Apr 30 19:38:53 Saved as file ~undo.max
Wed Apr 30 19:38:54 Saved as file ~undo.max
Wed Apr 30 19:38:56 Saved as file ~undo.max
Wed Apr 30 19:39:04 Saved as file ~undo.max
Wed Apr 30 19:39:16 Saved as file ~undo.max
Wed Apr 30 19:39:21 Saved as file D:\SOUND LEVEL METER PROJECT\MO PHONG_SOUND LEVEL METER_V3\SOUND LEVEL METER_OK\BOARD_NOISE LEVEL METER\NOISE LEVEL METER-4.MAX
Wed Apr 30 19:39:27 Saved as file ~undo.max
Wed Apr 30 19:39:31 Saved as file ~undo.max
Wed Apr 30 19:39:33 Saved as file ~undo.max
Wed Apr 30 19:39:45 Saved as file ~undo.max
Wed Apr 30 19:39:47 Saved as file ~undo.max
Wed Apr 30 19:39:59 Saved as file ~undo.max
Wed Apr 30 19:40:07 Saved as file ~undo.max
Wed Apr 30 19:40:17 Saved as file ~undo.max
Wed Apr 30 19:40:18 Saved as file ~undo.max
Wed Apr 30 19:40:21 Saved as file ~undo.max
Wed Apr 30 19:40:35 Saved as file ~undo.max
Wed Apr 30 19:40:49 Saved as file ~undo.max
Wed Apr 30 19:40:51 Saved as file D:\SOUND LEVEL METER PROJECT\MO PHONG_SOUND LEVEL METER_V3\SOUND LEVEL METER_OK\BOARD_NOISE LEVEL METER\NOISE LEVEL METER-4.MAX
Wed Apr 30 19:41:12 Saved as file BACKUP1.MAX
Wed Apr 30 19:43:19 Saved as file ~undo.max
Wed Apr 30 19:43:21 Saved as file ~undo.max
Wed Apr 30 19:43:22 Saved as file ~undo.max
Wed Apr 30 19:43:27 Saved as file ~undo.max
Wed Apr 30 19:43:44 Saved as file ~undo.max
Wed Apr 30 19:44:03 Saved as file ~undo.max
Wed Apr 30 19:44:05 Saved as file ~undo.max
Wed Apr 30 19:44:11 Saved as file ~undo.max
Wed Apr 30 19:44:13 Saved as file D:\SOUND LEVEL METER PROJECT\MO PHONG_SOUND LEVEL METER_V3\SOUND LEVEL METER_OK\BOARD_NOISE LEVEL METER\NOISE LEVEL METER-4.MAX
Wed Apr 30 19:44:21 Saved as file ~undo.max
Wed Apr 30 19:44:34 Saved as file ~undo.max
Wed Apr 30 19:44:44 Saved as file ~undo.max
Wed Apr 30 19:45:05 Saved as file ~undo.max
Wed Apr 30 19:45:06 Saved as file ~undo.max
Wed Apr 30 19:45:19 Saved as file ~undo.max
Wed Apr 30 19:45:21 Saved as file ~undo.max
Wed Apr 30 19:45:26 Saved as file ~undo.max
Wed Apr 30 19:45:28 Saved as file ~undo.max
Wed Apr 30 19:45:40 Saved as file ~undo.max
Wed Apr 30 19:46:11 Saved as file ~undo.max
Wed Apr 30 19:46:20 Saved as file ~undo.max
Wed Apr 30 19:46:24 Saved as file ~undo.max
Wed Apr 30 19:46:28 Saved as file ~undo.max
Wed Apr 30 19:46:30 Saved as file ~undo.max
Wed Apr 30 19:46:33 Saved as file ~undo.max
Wed Apr 30 19:46:36 Saved as file ~undo.max
Wed Apr 30 19:46:39 Saved as file ~undo.max
Wed Apr 30 19:47:02 Saved as file ~undo.max
Wed Apr 30 19:47:03 Saved as file D:\SOUND LEVEL METER PROJECT\MO PHONG_SOUND LEVEL METER_V3\SOUND LEVEL METER_OK\BOARD_NOISE LEVEL METER\NOISE LEVEL METER-4.MAX
Wed Apr 30 19:47:51 Saved as file ~undo.max
Wed Apr 30 19:47:52 Saved as file ~undo.max
Wed Apr 30 19:48:01 Saved as file ~undo.max
Wed Apr 30 19:48:02 Saved as file ~undo.max
Wed Apr 30 19:48:08 Saved as file ~undo.max
Wed Apr 30 19:48:09 Saved as file ~undo.max
Wed Apr 30 19:48:12 Saved as file ~undo.max
Wed Apr 30 19:48:16 Saved as file ~undo.max
Wed Apr 30 19:48:19 Saved as file ~undo.max
Wed Apr 30 19:48:20 Saved as file ~undo.max
Wed Apr 30 19:48:23 Saved as file D:\SOUND LEVEL METER PROJECT\MO PHONG_SOUND LEVEL METER_V3\SOUND LEVEL METER_OK\BOARD_NOISE LEVEL METER\NOISE LEVEL METER-4.MAX
Wed Apr 30 19:48:26 Saved as file ~undo.max
Wed Apr 30 19:48:31 Saved as file D:\SOUND LEVEL METER PROJECT\MO PHONG_SOUND LEVEL METER_V3\SOUND LEVEL METER_OK\BOARD_NOISE LEVEL METER\NOISE LEVEL METER-4.MAX
Wed Apr 30 19:48:50 Saved as file ~undo.max
Wed Apr 30 19:48:51 Saved as file ~undo.max
Wed Apr 30 19:48:53 Saved as file D:\SOUND LEVEL METER PROJECT\MO PHONG_SOUND LEVEL METER_V3\SOUND LEVEL METER_OK\BOARD_NOISE LEVEL METER\NOISE LEVEL METER-4.MAX
Wed Apr 30 19:49:53 Saved as file ~undo.max
Wed Apr 30 19:49:55 Saved as file D:\SOUND LEVEL METER PROJECT\MO PHONG_SOUND LEVEL METER_V3\SOUND LEVEL METER_OK\BOARD_NOISE LEVEL METER\NOISE LEVEL METER-4.MAX
Wed Apr 30 19:50:25 Saved as file ~undo.max
Wed Apr 30 19:50:28 Saved as file ~undo.max
Wed Apr 30 19:50:37 Saved as file ~undo.max
Wed Apr 30 19:50:47 Saved as file ~undo.max
Wed Apr 30 19:51:06 Saved as file ~undo.max
Wed Apr 30 19:51:07 Saved as file D:\SOUND LEVEL METER PROJECT\MO PHONG_SOUND LEVEL METER_V3\SOUND LEVEL METER_OK\BOARD_NOISE LEVEL METER\NOISE LEVEL METER-4.MAX
Wed Apr 30 19:51:08 Saved as file ~undo.max
Wed Apr 30 19:51:21 Saved as file ~undo.max
Wed Apr 30 19:51:28 Saved as file D:\SOUND LEVEL METER PROJECT\MO PHONG_SOUND LEVEL METER_V3\SOUND LEVEL METER_OK\BOARD_NOISE LEVEL METER\NOISE LEVEL METER-4.MAX
Wed Apr 30 19:51:42 Saved as file BACKUP1.MAX
Wed Apr 30 19:51:51 Saved as file ~undo.max
Wed Apr 30 19:52:22 Loaded file C:\ORCAD\ORCAD_10.5\TOOLS\LAYOUT_PLUS\data\template.imp
Wed Apr 30 19:52:22 Loaded file C:\ORCAD\ORCAD_10.5\TOOLS\LAYOUT_PLUS\data\template.imp
Wed Apr 30 19:52:22 Loaded file C:\ORCAD\ORCAD_10.5\TOOLS\LAYOUT_PLUS\data\template.imp
Wed Apr 30 19:52:22 Loaded file C:\ORCAD\ORCAD_10.5\TOOLS\LAYOUT_PLUS\data\template.imp
Wed Apr 30 19:52:24 Loaded file D:\MN_THU VIEN ORCARD\1.MN_LIBRARY ORCAD 9.2.LLB
Wed Apr 30 19:52:27 Loaded file D:\MN_THU VIEN ORCARD\THU VIEN ORCAD 9.2_SMD_MINHNAMDTKN09SPKT.LLB
Wed Apr 30 19:52:45 Loaded file C:\ORCAD\ORCAD_10.5\TOOLS\LAYOUT_PLUS\data\template.imp
Wed Apr 30 19:52:47 Saved as file ~undo.max
Wed Apr 30 19:52:57 Saved as file ~undo.max
Wed Apr 30 19:54:17 Loaded file C:\ORCAD\ORCAD_10.5\TOOLS\LAYOUT_PLUS\data\template.imp
Wed Apr 30 19:54:17 Loaded file C:\ORCAD\ORCAD_10.5\TOOLS\LAYOUT_PLUS\data\template.imp
Wed Apr 30 19:54:17 Loaded file C:\ORCAD\ORCAD_10.5\TOOLS\LAYOUT_PLUS\data\template.imp
Wed Apr 30 19:54:17 Loaded file C:\ORCAD\ORCAD_10.5\TOOLS\LAYOUT_PLUS\data\template.imp
Wed Apr 30 19:54:21 Loaded file D:\MN_THU VIEN ORCARD\THU VIEN ORCAD 9.2_SMD_MINHNAMDTKN09SPKT.LLB
Wed Apr 30 19:54:28 Loaded file C:\ORCAD\ORCAD_10.5\TOOLS\LAYOUT_PLUS\data\template.imp
Wed Apr 30 19:54:35 Loaded file D:\MN_THU VIEN ORCARD\THU VIEN MACH DO AN GSM_GPRS_MINHNAM.LLB
Wed Apr 30 19:54:40 Loaded file C:\ORCAD\ORCAD_10.5\TOOLS\LAYOUT_PLUS\data\template.imp
Wed Apr 30 19:54:47 Loaded file C:\ORCAD\ORCAD_10.5\TOOLS\LAYOUT_PLUS\data\template.imp
Wed Apr 30 19:54:58 Loaded file C:\ORCAD\ORCAD_10.5\TOOLS\LAYOUT_PLUS\data\template.imp
Wed Apr 30 19:55:01 Saved as file ~undo.max
Wed Apr 30 19:55:06 Saved as file D:\SOUND LEVEL METER PROJECT\MO PHONG_SOUND LEVEL METER_V3\SOUND LEVEL METER_OK\BOARD_NOISE LEVEL METER\NOISE LEVEL METER-4.MAX
Wed Apr 30 19:55:18 Saved as file ~undo.max
Wed Apr 30 19:55:19 Saved as file ~undo.max
Wed Apr 30 19:55:27 Saved as file ~undo.max
Wed Apr 30 19:55:31 Saved as file ~undo.max
Wed Apr 30 19:55:39 Saved as file ~undo.max
Wed Apr 30 19:55:41 Saved as file ~undo.max
Wed Apr 30 19:55:50 Saved as file ~undo.max
Wed Apr 30 19:55:51 Saved as file ~undo.max
Wed Apr 30 19:55:55 Saved as file ~undo.max
Wed Apr 30 19:55:56 Saved as file ~undo.max
Wed Apr 30 19:56:04 Saved as file ~undo.max
Wed Apr 30 19:56:06 Saved as file ~undo.max
Wed Apr 30 19:56:09 Saved as file ~undo.max
Wed Apr 30 19:56:10 Saved as file ~undo.max
Wed Apr 30 19:56:17 Saved as file ~undo.max
Wed Apr 30 19:56:18 Saved as file ~undo.max
Wed Apr 30 19:56:24 Saved as file ~undo.max
Wed Apr 30 19:56:27 Saved as file ~undo.max
Wed Apr 30 19:56:29 Saved as file ~undo.max
Wed Apr 30 19:56:30 Saved as file D:\SOUND LEVEL METER PROJECT\MO PHONG_SOUND LEVEL METER_V3\SOUND LEVEL METER_OK\BOARD_NOISE LEVEL METER\NOISE LEVEL METER-4.MAX
Wed Apr 30 19:56:36 Saved as file ~undo.max
Wed Apr 30 19:56:37 Saved as file ~undo.max
Wed Apr 30 19:56:51 Saved as file ~undo.max
Wed Apr 30 19:56:52 Saved as file ~undo.max
Wed Apr 30 19:56:55 Saved as file ~undo.max
Wed Apr 30 19:57:01 Saved as file ~undo.max
Wed Apr 30 19:57:02 Saved as file ~undo.max
Wed Apr 30 19:57:04 Saved as file ~undo.max
Wed Apr 30 19:57:14 Saved as file ~undo.max
Wed Apr 30 19:57:21 Saved as file ~undo.max
Wed Apr 30 19:57:22 Saved as file ~undo.max
Wed Apr 30 19:57:36 Saved as file ~undo.max
Wed Apr 30 19:57:37 Saved as file ~undo.max
Wed Apr 30 19:57:39 Saved as file D:\SOUND LEVEL METER PROJECT\MO PHONG_SOUND LEVEL METER_V3\SOUND LEVEL METER_OK\BOARD_NOISE LEVEL METER\NOISE LEVEL METER-4.MAX
Wed Apr 30 19:57:49 Saved as file ~undo.max
Wed Apr 30 19:58:05 Saved as file ~undo.max
Wed Apr 30 19:58:06 Saved as file ~undo.max
Wed Apr 30 19:58:10 Saved as file ~undo.max
Wed Apr 30 19:58:12 Saved as file ~undo.max
Wed Apr 30 19:58:18 Saved as file ~undo.max
Wed Apr 30 19:58:19 Saved as file ~undo.max
Wed Apr 30 19:58:30 Saved as file ~undo.max
Wed Apr 30 19:58:31 Saved as file D:\SOUND LEVEL METER PROJECT\MO PHONG_SOUND LEVEL METER_V3\SOUND LEVEL METER_OK\BOARD_NOISE LEVEL METER\NOISE LEVEL METER-4.MAX
Wed Apr 30 19:58:34 Saved as file ~undo.max
Wed Apr 30 19:58:36 Saved as file ~undo.max
Wed Apr 30 19:58:40 Saved as file ~undo.max
Wed Apr 30 19:58:41 Saved as file ~undo.max
Wed Apr 30 19:59:01 Saved as file ~undo.max
Wed Apr 30 19:59:03 Saved as file ~undo.max
Wed Apr 30 19:59:11 Saved as file ~undo.max
Wed Apr 30 19:59:12 Saved as file ~undo.max
Wed Apr 30 19:59:21 Saved as file ~undo.max
Wed Apr 30 19:59:22 Saved as file ~undo.max
Wed Apr 30 19:59:30 Saved as file ~undo.max
Wed Apr 30 19:59:31 Saved as file ~undo.max
Wed Apr 30 19:59:36 Saved as file ~undo.max
Wed Apr 30 19:59:38 Saved as file ~undo.max
Wed Apr 30 19:59:44 Saved as file ~undo.max
Wed Apr 30 19:59:45 Saved as file ~undo.max
Wed Apr 30 19:59:52 Saved as file ~undo.max
Wed Apr 30 19:59:54 Saved as file ~undo.max
Wed Apr 30 20:00:03 Saved as file ~undo.max
Wed Apr 30 20:00:04 Saved as file ~undo.max
Wed Apr 30 20:00:08 Saved as file ~undo.max
Wed Apr 30 20:00:09 Saved as file ~undo.max
Wed Apr 30 20:00:11 Saved as file D:\SOUND LEVEL METER PROJECT\MO PHONG_SOUND LEVEL METER_V3\SOUND LEVEL METER_OK\BOARD_NOISE LEVEL METER\NOISE LEVEL METER-4.MAX
Wed Apr 30 20:00:16 Saved as file ~undo.max
Wed Apr 30 20:00:22 Saved as file ~undo.max
Wed Apr 30 20:00:27 Saved as file ~undo.max
Wed Apr 30 20:00:28 Saved as file D:\SOUND LEVEL METER PROJECT\MO PHONG_SOUND LEVEL METER_V3\SOUND LEVEL METER_OK\BOARD_NOISE LEVEL METER\NOISE LEVEL METER-4.MAX
Wed Apr 30 20:00:58 Saved as file ~undo.max
Wed Apr 30 20:01:10 Saved as file ~undo.max
Wed Apr 30 20:01:22 Saved as file ~undo.max
Wed Apr 30 20:01:24 Saved as file ~undo.max
Wed Apr 30 20:01:29 Saved as file ~undo.max
Wed Apr 30 20:01:30 Saved as file ~undo.max
Wed Apr 30 20:01:37 Saved as file ~undo.max
Wed Apr 30 20:01:39 Saved as file ~undo.max
Wed Apr 30 20:01:47 Saved as file ~undo.max
Wed Apr 30 20:02:04 Saved as file ~undo.max
Wed Apr 30 20:02:05 Saved as file D:\SOUND LEVEL METER PROJECT\MO PHONG_SOUND LEVEL METER_V3\SOUND LEVEL METER_OK\BOARD_NOISE LEVEL METER\NOISE LEVEL METER-4.MAX
Wed Apr 30 20:02:20 Saved as file ~undo.max
Wed Apr 30 20:02:27 Saved as file ~undo.max
Wed Apr 30 20:02:28 Saved as file D:\SOUND LEVEL METER PROJECT\MO PHONG_SOUND LEVEL METER_V3\SOUND LEVEL METER_OK\BOARD_NOISE LEVEL METER\NOISE LEVEL METER-4.MAX
Wed Apr 30 20:02:40 Saved as file ~undo.max
Wed Apr 30 20:02:42 Saved as file BACKUP1.MAX
Wed Apr 30 20:02:43 Saved as file D:\SOUND LEVEL METER PROJECT\MO PHONG_SOUND LEVEL METER_V3\SOUND LEVEL METER_OK\BOARD_NOISE LEVEL METER\NOISE LEVEL METER-4.MAX
Wed Apr 30 20:03:00 Saved as file ~undo.max
Wed Apr 30 20:03:02 Saved as file ~undo.max
Wed Apr 30 20:03:03 Saved as file D:\SOUND LEVEL METER PROJECT\MO PHONG_SOUND LEVEL METER_V3\SOUND LEVEL METER_OK\BOARD_NOISE LEVEL METER\NOISE LEVEL METER-4.MAX
Wed Apr 30 20:03:19 Saved as file D:\SOUND LEVEL METER PROJECT\MO PHONG_SOUND LEVEL METER_V3\SOUND LEVEL METER_OK\BOARD_NOISE LEVEL METER\NOISE LEVEL METER-4.MAX
Wed Apr 30 20:03:26 Saved as file ~undo.max
Wed Apr 30 20:03:28 Saved as file ~undo.max
Wed Apr 30 20:03:30 Saved as file D:\SOUND LEVEL METER PROJECT\MO PHONG_SOUND LEVEL METER_V3\SOUND LEVEL METER_OK\BOARD_NOISE LEVEL METER\NOISE LEVEL METER-4.MAX
Wed Apr 30 20:03:48 Saved as file D:\SOUND LEVEL METER PROJECT\MO PHONG_SOUND LEVEL METER_V3\SOUND LEVEL METER_OK\BOARD_NOISE LEVEL METER\NOISE LEVEL METER-4.MAX
Wed Apr 30 20:03:54 Saved as file D:\SOUND LEVEL METER PROJECT\MO PHONG_SOUND LEVEL METER_V3\SOUND LEVEL METER_OK\BOARD_NOISE LEVEL METER\NOISE LEVEL METER-5.MAX
Wed Apr 30 20:05:27 Saved as file ~undo.max
Wed Apr 30 20:05:32 Saved as file D:\SOUND LEVEL METER PROJECT\MO PHONG_SOUND LEVEL METER_V3\SOUND LEVEL METER_OK\BOARD_NOISE LEVEL METER\NOISE LEVEL METER-5.MAX
Wed Apr 30 20:06:53 Saved as file D:\SOUND LEVEL METER PROJECT\MO PHONG_SOUND LEVEL METER_V3\SOUND LEVEL METER_OK\BOARD_NOISE LEVEL METER\NOISE LEVEL METER-5.MAX
Wed Apr 30 20:06:58 Saved as file ~undo.max
Wed Apr 30 20:07:13 Saved as file ~undo.max
Wed Apr 30 20:07:16 Saved as file ~undo.max
Wed Apr 30 20:07:34 Saved as file D:\SOUND LEVEL METER PROJECT\MO PHONG_SOUND LEVEL METER_V3\SOUND LEVEL METER_OK\BOARD_NOISE LEVEL METER\NOISE LEVEL METER-5.MAX
Wed Apr 30 20:12:43 Saved as file BACKUP1.MAX
Wed Apr 30 20:22:43 Saved as file BACKUP1.MAX
Wed Apr 30 20:32:43 Saved as file BACKUP1.MAX
Wed Apr 30 20:42:43 Saved as file BACKUP1.MAX
Wed Apr 30 20:47:56 Saved as file ~undo.max
Wed Apr 30 20:48:01 Saved as file ~undo.max
Wed Apr 30 20:48:03 Saved as file ~undo.max
Wed Apr 30 20:48:04 Saved as file ~undo.max
Wed Apr 30 20:48:07 Saved as file ~undo.max
Wed Apr 30 20:48:10 Saved as file D:\SOUND LEVEL METER PROJECT\MO PHONG_SOUND LEVEL METER_V3\SOUND LEVEL METER_OK\BOARD_NOISE LEVEL METER\NOISE LEVEL METER-5.MAX
Wed Apr 30 20:48:26 Saved as file ~undo.max
Wed Apr 30 20:52:44 Saved as file BACKUP1.MAX
Wed Apr 30 21:02:44 Saved as file BACKUP1.MAX
Wed Apr 30 21:12:44 Saved as file BACKUP1.MAX
Wed Apr 30 21:22:45 Saved as file BACKUP1.MAX
Wed Apr 30 21:32:45 Saved as file BACKUP1.MAX
Wed Apr 30 21:42:45 Saved as file BACKUP1.MAX
Wed Apr 30 21:52:45 Saved as file BACKUP1.MAX
Wed Apr 30 22:02:46 Saved as file BACKUP1.MAX
Wed Apr 30 22:12:46 Saved as file BACKUP1.MAX
Wed Apr 30 22:15:58 Saved as file ~undo.max
Wed Apr 30 22:16:07 Saved as file ~undo.max
Wed Apr 30 22:16:13 Saved as file D:\SOUND LEVEL METER PROJECT\MO PHONG_SOUND LEVEL METER_V3\SOUND LEVEL METER_OK\BOARD_NOISE LEVEL METER\NOISE LEVEL METER-6.MAX
Wed Apr 30 22:17:45 Saved as file ~undo.max
Wed Apr 30 22:17:52 Saved as file ~undo.max
Wed Apr 30 22:17:54 Saved as file ~undo.max
Wed Apr 30 22:17:55 Saved as file ~undo.max
Wed Apr 30 22:17:57 Saved as file ~undo.max
Wed Apr 30 22:17:58 Saved as file ~undo.max
Wed Apr 30 22:18:00 Saved as file D:\SOUND LEVEL METER PROJECT\MO PHONG_SOUND LEVEL METER_V3\SOUND LEVEL METER_OK\BOARD_NOISE LEVEL METER\NOISE LEVEL METER-6.MAX
Wed Apr 30 22:18:19 Saved as file D:\SOUND LEVEL METER PROJECT\MO PHONG_SOUND LEVEL METER_V3\SOUND LEVEL METER_OK\BOARD_NOISE LEVEL METER\NOISE LEVEL METER-6.MAX
Wed Apr 30 22:20:16 Saved as file BACKUP1.MAX
Wed Apr 30 22:20:16 Saved as file BACKUP1.MAX
Wed Apr 30 22:20:17 Saved as file BACKUP1.MAX
Wed Apr 30 22:20:17 Saved as file BACKUP1.MAX
Wed Apr 30 22:20:17 Saved as file BACKUP1.MAX
Wed Apr 30 22:20:17 Saved as file BACKUP1.MAX
Wed Apr 30 22:20:17 Saved as file BACKUP1.MAX
Wed Apr 30 22:20:18 Saved as file BACKUP1.MAX
Wed Apr 30 22:20:18 Saved as file BACKUP1.MAX
Wed Apr 30 22:20:18 Routed 4 connections in 1 seconds.
Wed Apr 30 22:20:18 Total is now 4 out of 100 (4%).
Wed Apr 30 22:20:18 Saved as file SWEEP1.MAX
Wed Apr 30 22:20:20 Saved as file BACKUP1.MAX
Wed Apr 30 22:20:20 Saved as file BACKUP1.MAX
Wed Apr 30 22:20:21 Saved as file BACKUP1.MAX
Wed Apr 30 22:20:21 Saved as file BACKUP1.MAX
Wed Apr 30 22:20:21 Saved as file BACKUP1.MAX
Wed Apr 30 22:20:22 Saved as file BACKUP1.MAX
Wed Apr 30 22:20:22 Saved as file BACKUP1.MAX
Wed Apr 30 22:20:22 Saved as file BACKUP1.MAX
Wed Apr 30 22:20:22 Saved as file BACKUP1.MAX
Wed Apr 30 22:20:22 Routed 110 connections in 4 seconds.
Wed Apr 30 22:20:22 Total is now 99 out of 100 (99%).
Wed Apr 30 22:20:22 Saved as file SWEEP2.MAX
Wed Apr 30 22:20:23 No new connections routed.
Wed Apr 30 22:20:23 Total is now 99 out of 100 (99%).
Wed Apr 30 22:20:23 Saved as file SWEEP3.MAX
Wed Apr 30 22:20:24 No new connections routed.
Wed Apr 30 22:20:24 Total is now 99 out of 100 (99%).
Wed Apr 30 22:20:24 Saved as file SWEEP4.MAX
Wed Apr 30 22:20:25 No new connections routed.
Wed Apr 30 22:20:25 Total is now 99 out of 100 (99%).
Wed Apr 30 22:20:25 Saved as file SWEEP5.MAX
Wed Apr 30 22:21:25 Saved as file D:\SOUND LEVEL METER PROJECT\MO PHONG_SOUND LEVEL METER_V3\SOUND LEVEL METER_OK\BOARD_NOISE LEVEL METER\NOISE LEVEL METER-6.MAX
Wed Apr 30 22:21:33 Saved as file D:\SOUND LEVEL METER PROJECT\MO PHONG_SOUND LEVEL METER_V3\SOUND LEVEL METER_OK\BOARD_NOISE LEVEL METER\NOISE LEVEL METER-6.MAX
Wed Apr 30 22:21:38 Saved as file D:\SOUND LEVEL METER PROJECT\MO PHONG_SOUND LEVEL METER_V3\SOUND LEVEL METER_OK\BOARD_NOISE LEVEL METER\NOISE LEVEL METER-7.MAX
Wed Apr 30 22:22:14 Saved as file BACKUP1.MAX
Wed Apr 30 22:22:14 Saved as file BACKUP1.MAX
Wed Apr 30 22:22:14 Saved as file BACKUP1.MAX
Wed Apr 30 22:22:15 Saved as file BACKUP1.MAX
Wed Apr 30 22:22:15 Saved as file BACKUP1.MAX
Wed Apr 30 22:22:15 Saved as file BACKUP1.MAX
Wed Apr 30 22:22:15 Saved as file BACKUP1.MAX
Wed Apr 30 22:22:15 Saved as file BACKUP1.MAX
Wed Apr 30 22:22:15 Saved as file BACKUP1.MAX
Wed Apr 30 22:22:15 Routed 6 connections in 1 seconds.
Wed Apr 30 22:22:15 Total is now 6 out of 100 (6%).
Wed Apr 30 22:22:15 Saved as file SWEEP1.MAX
Wed Apr 30 22:22:18 Saved as file BACKUP1.MAX
Wed Apr 30 22:22:20 Saved as file BACKUP1.MAX
Wed Apr 30 22:22:21 Saved as file BACKUP1.MAX
Wed Apr 30 22:22:21 Saved as file BACKUP1.MAX
Wed Apr 30 22:22:21 Saved as file BACKUP1.MAX
Wed Apr 30 22:22:21 Saved as file BACKUP1.MAX
Wed Apr 30 22:22:21 Saved as file BACKUP1.MAX
Wed Apr 30 22:22:22 Saved as file BACKUP1.MAX
Wed Apr 30 22:22:22 Saved as file BACKUP1.MAX
Wed Apr 30 22:22:22 Routed 112 connections in 6 seconds.
Wed Apr 30 22:22:22 Total is now 97 out of 100 (97%).
Wed Apr 30 22:22:22 Saved as file SWEEP2.MAX
Wed Apr 30 22:22:24 Routed 1 connections in 2 seconds.
Wed Apr 30 22:22:24 Total is now 98 out of 100 (98%).
Wed Apr 30 22:22:24 Saved as file SWEEP3.MAX
Wed Apr 30 22:22:26 Routed 1 connections in 1 seconds.
Wed Apr 30 22:22:26 Total is now 99 out of 100 (99%).
Wed Apr 30 22:22:26 Saved as file SWEEP4.MAX
Wed Apr 30 22:22:27 No new connections routed.
Wed Apr 30 22:22:27 Total is now 99 out of 100 (99%).
Wed Apr 30 22:22:27 Saved as file SWEEP5.MAX
Wed Apr 30 22:23:16 Saved as file BACKUP1.MAX
Wed Apr 30 22:23:21 Saved as file D:\SOUND LEVEL METER PROJECT\MO PHONG_SOUND LEVEL METER_V3\SOUND LEVEL METER_OK\BOARD_NOISE LEVEL METER\NOISE LEVEL METER-8.MAX
Wed Apr 30 22:24:40 Saved as file D:\SOUND LEVEL METER PROJECT\MO PHONG_SOUND LEVEL METER_V3\SOUND LEVEL METER_OK\BOARD_NOISE LEVEL METER\NOISE LEVEL METER-8.MAX
Wed Apr 30 22:25:57 Saved as file D:\SOUND LEVEL METER PROJECT\MO PHONG_SOUND LEVEL METER_V3\SOUND LEVEL METER_OK\BOARD_NOISE LEVEL METER\NOISE LEVEL METER-8.MAX
Wed Apr 30 22:28:20 Saved as file D:\SOUND LEVEL METER PROJECT\MO PHONG_SOUND LEVEL METER_V3\SOUND LEVEL METER_OK\BOARD_NOISE LEVEL METER\NOISE LEVEL METER-8.MAX
Wed Apr 30 22:28:43 Saved as file D:\SOUND LEVEL METER PROJECT\MO PHONG_SOUND LEVEL METER_V3\SOUND LEVEL METER_OK\BOARD_NOISE LEVEL METER\NOISE LEVEL METER-8.MAX
Wed Apr 30 22:28:55 Saved as file D:\SOUND LEVEL METER PROJECT\MO PHONG_SOUND LEVEL METER_V3\SOUND LEVEL METER_OK\BOARD_NOISE LEVEL METER\NOISE LEVEL METER-8.MAX
Wed Apr 30 22:30:12 Saved as file ~undo.max
Wed Apr 30 22:30:33 Saved as file D:\SOUND LEVEL METER PROJECT\MO PHONG_SOUND LEVEL METER_V3\SOUND LEVEL METER_OK\BOARD_NOISE LEVEL METER\NOISE LEVEL METER-8.MAX
Wed Apr 30 22:31:42 Saved as file ~undo.max
Wed Apr 30 22:32:08 Saved as file ~undo.max
Wed Apr 30 22:32:13 Saved as file D:\SOUND LEVEL METER PROJECT\MO PHONG_SOUND LEVEL METER_V3\SOUND LEVEL METER_OK\BOARD_NOISE LEVEL METER\NOISE LEVEL METER-8.MAX
Wed Apr 30 22:33:13 Saved as file D:\SOUND LEVEL METER PROJECT\MO PHONG_SOUND LEVEL METER_V3\SOUND LEVEL METER_OK\BOARD_NOISE LEVEL METER\NOISE LEVEL METER-8.MAX
Thu May 01 07:09:22 Saved as file D:\SOUND LEVEL METER PROJECT\MO PHONG_SOUND LEVEL METER_V3\SOUND LEVEL METER_OK\BOARD_NOISE LEVEL METER\NOISE LEVEL METER-8.MAX
Thu May 01 07:09:31 Saved as file BACKUP1.MAX
Thu May 01 07:09:46 Saved as file ~undo.max
Thu May 01 07:10:41 Saved as file ~undo.max
Thu May 01 07:16:16 Saved as file D:\SOUND LEVEL METER PROJECT\MO PHONG_SOUND LEVEL METER_V3\SOUND LEVEL METER_OK\BOARD_NOISE LEVEL METER\NOISE LEVEL METER-8.MAX
Thu May 01 07:17:50 Saved as file ~undo.max
Thu May 01 07:19:14 Saved as file ~undo.max
Thu May 01 07:19:32 Saved as file BACKUP1.MAX
Thu May 01 07:20:35 Saved as file D:\SOUND LEVEL METER PROJECT\MO PHONG_SOUND LEVEL METER_V3\SOUND LEVEL METER_OK\BOARD_NOISE LEVEL METER\NOISE LEVEL METER-8.MAX
Thu May 01 07:21:05 Saved as file D:\SOUND LEVEL METER PROJECT\MO PHONG_SOUND LEVEL METER_V3\SOUND LEVEL METER_OK\BOARD_NOISE LEVEL METER\NOISE LEVEL METER-8.MAX
Thu May 01 07:22:47 Saved as file ~undo.max
Thu May 01 07:23:31 Saved as file ~undo.max
Thu May 01 07:24:43 Saved as file ~undo.max
Thu May 01 07:24:49 Saved as file D:\SOUND LEVEL METER PROJECT\MO PHONG_SOUND LEVEL METER_V3\SOUND LEVEL METER_OK\BOARD_NOISE LEVEL METER\NOISE LEVEL METER-8.MAX
Thu May 01 07:26:43 Saved as file D:\SOUND LEVEL METER PROJECT\MO PHONG_SOUND LEVEL METER_V3\SOUND LEVEL METER_OK\BOARD_NOISE LEVEL METER\NOISE LEVEL METER-8.MAX
Thu May 01 07:29:22 Saved as file D:\SOUND LEVEL METER PROJECT\MO PHONG_SOUND LEVEL METER_V3\SOUND LEVEL METER_OK\BOARD_NOISE LEVEL METER\NOISE LEVEL METER-8.MAX
Thu May 01 07:29:32 Saved as file BACKUP1.MAX
Thu May 01 07:30:41 Saved as file ~undo.max
Thu May 01 07:31:13 Saved as file D:\SOUND LEVEL METER PROJECT\MO PHONG_SOUND LEVEL METER_V3\SOUND LEVEL METER_OK\BOARD_NOISE LEVEL METER\NOISE LEVEL METER-8.MAX
Thu May 01 07:31:31 Saved as file ~undo.max
Thu May 01 07:31:33 Saved as file D:\SOUND LEVEL METER PROJECT\MO PHONG_SOUND LEVEL METER_V3\SOUND LEVEL METER_OK\BOARD_NOISE LEVEL METER\NOISE LEVEL METER-8.MAX
Thu May 01 07:33:11 Saved as file D:\SOUND LEVEL METER PROJECT\MO PHONG_SOUND LEVEL METER_V3\SOUND LEVEL METER_OK\BOARD_NOISE LEVEL METER\NOISE LEVEL METER-8.MAX
Thu May 01 07:34:20 Saved as file ~undo.max
Thu May 01 07:34:22 Saved as file D:\SOUND LEVEL METER PROJECT\MO PHONG_SOUND LEVEL METER_V3\SOUND LEVEL METER_OK\BOARD_NOISE LEVEL METER\NOISE LEVEL METER-8.MAX
Thu May 01 07:34:34 Saved as file D:\SOUND LEVEL METER PROJECT\MO PHONG_SOUND LEVEL METER_V3\SOUND LEVEL METER_OK\BOARD_NOISE LEVEL METER\NOISE LEVEL METER-8.MAX
Thu May 01 07:34:42 Saved as file D:\SOUND LEVEL METER PROJECT\MO PHONG_SOUND LEVEL METER_V3\SOUND LEVEL METER_OK\BOARD_NOISE LEVEL METER\NOISE LEVEL METER-8.MAX
Thu May 01 07:35:04 Saved as file D:\SOUND LEVEL METER PROJECT\MO PHONG_SOUND LEVEL METER_V3\SOUND LEVEL METER_OK\BOARD_NOISE LEVEL METER\NOISE LEVEL METER-8.MAX
Thu May 01 07:35:40 Saved as file D:\SOUND LEVEL METER PROJECT\MO PHONG_SOUND LEVEL METER_V3\SOUND LEVEL METER_OK\BOARD_NOISE LEVEL METER\NOISE LEVEL METER-8.MAX
Thu May 01 07:35:54 Saved as file D:\SOUND LEVEL METER PROJECT\MO PHONG_SOUND LEVEL METER_V3\SOUND LEVEL METER_OK\BOARD_NOISE LEVEL METER\NOISE LEVEL METER-8.MAX
Thu May 01 07:37:42 Saved as file D:\SOUND LEVEL METER PROJECT\MO PHONG_SOUND LEVEL METER_V3\SOUND LEVEL METER_OK\BOARD_NOISE LEVEL METER\NOISE LEVEL METER-8.MAX
Thu May 01 07:39:32 Saved as file BACKUP1.MAX
Thu May 01 07:39:46 Saved as file D:\SOUND LEVEL METER PROJECT\MO PHONG_SOUND LEVEL METER_V3\SOUND LEVEL METER_OK\BOARD_NOISE LEVEL METER\NOISE LEVEL METER-8.MAX
Thu May 01 07:40:38 Saved as file D:\SOUND LEVEL METER PROJECT\MO PHONG_SOUND LEVEL METER_V3\SOUND LEVEL METER_OK\BOARD_NOISE LEVEL METER\NOISE LEVEL METER-8.MAX
Thu May 01 07:41:26 Saved as file D:\SOUND LEVEL METER PROJECT\MO PHONG_SOUND LEVEL METER_V3\SOUND LEVEL METER_OK\BOARD_NOISE LEVEL METER\NOISE LEVEL METER-8.MAX
Thu May 01 07:43:37 Saved as file D:\SOUND LEVEL METER PROJECT\MO PHONG_SOUND LEVEL METER_V3\SOUND LEVEL METER_OK\BOARD_NOISE LEVEL METER\NOISE LEVEL METER-8.MAX
Thu May 01 07:43:50 Saved as file D:\SOUND LEVEL METER PROJECT\MO PHONG_SOUND LEVEL METER_V3\SOUND LEVEL METER_OK\BOARD_NOISE LEVEL METER\NOISE LEVEL METER-8.MAX
Thu May 01 07:44:27 Saved as file ~undo.max
Thu May 01 07:45:10 Saved as file D:\SOUND LEVEL METER PROJECT\MO PHONG_SOUND LEVEL METER_V3\SOUND LEVEL METER_OK\BOARD_NOISE LEVEL METER\NOISE LEVEL METER-8.MAX
Thu May 01 07:46:01 Saved as file D:\SOUND LEVEL METER PROJECT\MO PHONG_SOUND LEVEL METER_V3\SOUND LEVEL METER_OK\BOARD_NOISE LEVEL METER\NOISE LEVEL METER-8.MAX
Thu May 01 07:46:24 Saved as file D:\SOUND LEVEL METER PROJECT\MO PHONG_SOUND LEVEL METER_V3\SOUND LEVEL METER_OK\BOARD_NOISE LEVEL METER\NOISE LEVEL METER-8.MAX
Thu May 01 07:47:39 Saved as file D:\SOUND LEVEL METER PROJECT\MO PHONG_SOUND LEVEL METER_V3\SOUND LEVEL METER_OK\BOARD_NOISE LEVEL METER\NOISE LEVEL METER-8.MAX
Thu May 01 07:47:56 Saved as file D:\SOUND LEVEL METER PROJECT\MO PHONG_SOUND LEVEL METER_V3\SOUND LEVEL METER_OK\BOARD_NOISE LEVEL METER\NOISE LEVEL METER-8.MAX
Thu May 01 07:48:52 Saved as file D:\SOUND LEVEL METER PROJECT\MO PHONG_SOUND LEVEL METER_V3\SOUND LEVEL METER_OK\BOARD_NOISE LEVEL METER\NOISE LEVEL METER-8.MAX
Thu May 01 07:49:32 Saved as file BACKUP1.MAX
Thu May 01 07:57:21 Saved as file D:\SOUND LEVEL METER PROJECT\MO PHONG_SOUND LEVEL METER_V3\SOUND LEVEL METER_OK\BOARD_NOISE LEVEL METER\NOISE LEVEL METER-8.MAX
Thu May 01 07:59:33 Saved as file BACKUP1.MAX
Thu May 01 08:00:36 Saved as file D:\SOUND LEVEL METER PROJECT\MO PHONG_SOUND LEVEL METER_V3\SOUND LEVEL METER_OK\BOARD_NOISE LEVEL METER\NOISE LEVEL METER-8.MAX
Thu May 01 08:01:04 Saved as file D:\SOUND LEVEL METER PROJECT\MO PHONG_SOUND LEVEL METER_V3\SOUND LEVEL METER_OK\BOARD_NOISE LEVEL METER\NOISE LEVEL METER-8.MAX
Thu May 01 08:01:44 Saved as file ~undo.max
Thu May 01 08:02:24 Saved as file ~undo.max
Thu May 01 08:02:50 Saved as file D:\SOUND LEVEL METER PROJECT\MO PHONG_SOUND LEVEL METER_V3\SOUND LEVEL METER_OK\BOARD_NOISE LEVEL METER\NOISE LEVEL METER-8.MAX
Thu May 01 08:03:28 Saved as file D:\SOUND LEVEL METER PROJECT\MO PHONG_SOUND LEVEL METER_V3\SOUND LEVEL METER_OK\BOARD_NOISE LEVEL METER\NOISE LEVEL METER-8.MAX
Thu May 01 08:03:40 Saved as file D:\SOUND LEVEL METER PROJECT\MO PHONG_SOUND LEVEL METER_V3\SOUND LEVEL METER_OK\BOARD_NOISE LEVEL METER\NOISE LEVEL METER-8.MAX
Thu May 01 08:04:14 Saved as file D:\SOUND LEVEL METER PROJECT\MO PHONG_SOUND LEVEL METER_V3\SOUND LEVEL METER_OK\BOARD_NOISE LEVEL METER\NOISE LEVEL METER-8.MAX
Thu May 01 08:05:02 Saved as file D:\SOUND LEVEL METER PROJECT\MO PHONG_SOUND LEVEL METER_V3\SOUND LEVEL METER_OK\BOARD_NOISE LEVEL METER\NOISE LEVEL METER-8.MAX
Thu May 01 08:05:49 Saved as file D:\SOUND LEVEL METER PROJECT\MO PHONG_SOUND LEVEL METER_V3\SOUND LEVEL METER_OK\BOARD_NOISE LEVEL METER\NOISE LEVEL METER-8.MAX
Thu May 01 08:09:33 Saved as file BACKUP1.MAX
Thu May 01 08:11:03 Saved as file ~undo.max
Thu May 01 08:11:04 Saved as file D:\SOUND LEVEL METER PROJECT\MO PHONG_SOUND LEVEL METER_V3\SOUND LEVEL METER_OK\BOARD_NOISE LEVEL METER\NOISE LEVEL METER-8.MAX
Thu May 01 08:11:27 Saved as file ~undo.max
Thu May 01 08:11:28 Saved as file D:\SOUND LEVEL METER PROJECT\MO PHONG_SOUND LEVEL METER_V3\SOUND LEVEL METER_OK\BOARD_NOISE LEVEL METER\NOISE LEVEL METER-8.MAX
Thu May 01 08:12:11 Saved as file D:\SOUND LEVEL METER PROJECT\MO PHONG_SOUND LEVEL METER_V3\SOUND LEVEL METER_OK\BOARD_NOISE LEVEL METER\NOISE LEVEL METER-8.MAX
Thu May 01 08:14:12 Saved as file D:\SOUND LEVEL METER PROJECT\MO PHONG_SOUND LEVEL METER_V3\SOUND LEVEL METER_OK\BOARD_NOISE LEVEL METER\NOISE LEVEL METER-8.MAX
Thu May 01 08:19:33 Saved as file BACKUP1.MAX
Thu May 01 08:29:34 Saved as file BACKUP1.MAX
Thu May 01 08:30:07 Saved as file D:\SOUND LEVEL METER PROJECT\MO PHONG_SOUND LEVEL METER_V3\SOUND LEVEL METER_OK\BOARD_NOISE LEVEL METER\NOISE LEVEL METER-8.MAX
Thu May 01 08:31:08 Saved as file D:\SOUND LEVEL METER PROJECT\MO PHONG_SOUND LEVEL METER_V3\SOUND LEVEL METER_OK\BOARD_NOISE LEVEL METER\NOISE LEVEL METER-8.MAX
Thu May 01 08:32:02 Saved as file D:\SOUND LEVEL METER PROJECT\MO PHONG_SOUND LEVEL METER_V3\SOUND LEVEL METER_OK\BOARD_NOISE LEVEL METER\NOISE LEVEL METER-8.MAX
Thu May 01 08:32:38 Saved as file D:\SOUND LEVEL METER PROJECT\MO PHONG_SOUND LEVEL METER_V3\SOUND LEVEL METER_OK\BOARD_NOISE LEVEL METER\NOISE LEVEL METER-8.MAX
Thu May 01 08:33:14 Saved as file D:\SOUND LEVEL METER PROJECT\MO PHONG_SOUND LEVEL METER_V3\SOUND LEVEL METER_OK\BOARD_NOISE LEVEL METER\NOISE LEVEL METER-8.MAX
Thu May 01 08:33:28 Saved as file D:\SOUND LEVEL METER PROJECT\MO PHONG_SOUND LEVEL METER_V3\SOUND LEVEL METER_OK\BOARD_NOISE LEVEL METER\NOISE LEVEL METER-8.MAX
Thu May 01 08:34:00 Saved as file D:\SOUND LEVEL METER PROJECT\MO PHONG_SOUND LEVEL METER_V3\SOUND LEVEL METER_OK\BOARD_NOISE LEVEL METER\NOISE LEVEL METER-8.MAX
Thu May 01 08:34:44 Saved as file D:\SOUND LEVEL METER PROJECT\MO PHONG_SOUND LEVEL METER_V3\SOUND LEVEL METER_OK\BOARD_NOISE LEVEL METER\NOISE LEVEL METER-8.MAX
Thu May 01 08:35:15 Saved as file D:\SOUND LEVEL METER PROJECT\MO PHONG_SOUND LEVEL METER_V3\SOUND LEVEL METER_OK\BOARD_NOISE LEVEL METER\NOISE LEVEL METER-8.MAX
Thu May 01 08:40:04 Saved as file BACKUP1.MAX
Thu May 01 08:40:58 Saved as file ~undo.max
Thu May 01 08:41:12 Saved as file ~undo.max
Thu May 01 08:41:17 Saved as file ~undo.max
Thu May 01 08:41:33 Saved as file ~undo.max
Thu May 01 08:41:34 Saved as file D:\SOUND LEVEL METER PROJECT\MO PHONG_SOUND LEVEL METER_V3\SOUND LEVEL METER_OK\BOARD_NOISE LEVEL METER\NOISE LEVEL METER-8.MAX
Thu May 01 08:43:54 Saved as file D:\SOUND LEVEL METER PROJECT\MO PHONG_SOUND LEVEL METER_V3\SOUND LEVEL METER_OK\BOARD_NOISE LEVEL METER\NOISE LEVEL METER-8.MAX
Thu May 01 08:45:52 Saved as file D:\SOUND LEVEL METER PROJECT\MO PHONG_SOUND LEVEL METER_V3\SOUND LEVEL METER_OK\BOARD_NOISE LEVEL METER\NOISE LEVEL METER-8.MAX
Thu May 01 08:47:37 Saved as file D:\SOUND LEVEL METER PROJECT\MO PHONG_SOUND LEVEL METER_V3\SOUND LEVEL METER_OK\BOARD_NOISE LEVEL METER\NOISE LEVEL METER-8.MAX
Thu May 01 08:47:46 Saved as file D:\SOUND LEVEL METER PROJECT\MO PHONG_SOUND LEVEL METER_V3\SOUND LEVEL METER_OK\BOARD_NOISE LEVEL METER\NOISE LEVEL METER-8.MAX
Thu May 01 08:47:52 Saved as file D:\SOUND LEVEL METER PROJECT\MO PHONG_SOUND LEVEL METER_V3\SOUND LEVEL METER_OK\BOARD_NOISE LEVEL METER\NOISE LEVEL METER-9.MAX
Thu May 01 08:48:28 Saved as file D:\SOUND LEVEL METER PROJECT\MO PHONG_SOUND LEVEL METER_V3\SOUND LEVEL METER_OK\BOARD_NOISE LEVEL METER\NOISE LEVEL METER-9.MAX
Thu May 01 08:49:15 Saved as file D:\SOUND LEVEL METER PROJECT\MO PHONG_SOUND LEVEL METER_V3\SOUND LEVEL METER_OK\BOARD_NOISE LEVEL METER\NOISE LEVEL METER-9.MAX
Thu May 01 08:50:04 Saved as file BACKUP1.MAX
Thu May 01 08:51:11 Saved as file D:\SOUND LEVEL METER PROJECT\MO PHONG_SOUND LEVEL METER_V3\SOUND LEVEL METER_OK\BOARD_NOISE LEVEL METER\NOISE LEVEL METER-9.MAX
Thu May 01 08:51:47 Saved as file D:\SOUND LEVEL METER PROJECT\MO PHONG_SOUND LEVEL METER_V3\SOUND LEVEL METER_OK\BOARD_NOISE LEVEL METER\NOISE LEVEL METER-9.MAX
Thu May 01 08:52:30 Saved as file D:\SOUND LEVEL METER PROJECT\MO PHONG_SOUND LEVEL METER_V3\SOUND LEVEL METER_OK\BOARD_NOISE LEVEL METER\NOISE LEVEL METER-9.MAX
Thu May 01 08:52:42 Saved as file D:\SOUND LEVEL METER PROJECT\MO PHONG_SOUND LEVEL METER_V3\SOUND LEVEL METER_OK\BOARD_NOISE LEVEL METER\NOISE LEVEL METER-9.MAX
Thu May 01 09:00:05 Saved as file BACKUP1.MAX
Thu May 01 09:03:57 Saved as file ~undo.max
Thu May 01 09:04:14 Saved as file ~undo.max
Thu May 01 09:04:26 Saved as file D:\SOUND LEVEL METER PROJECT\MO PHONG_SOUND LEVEL METER_V3\SOUND LEVEL METER_OK\BOARD_NOISE LEVEL METER\NOISE LEVEL METER-9.MAX
Thu May 01 09:05:25 Saved as file D:\SOUND LEVEL METER PROJECT\MO PHONG_SOUND LEVEL METER_V3\SOUND LEVEL METER_OK\BOARD_NOISE LEVEL METER\NOISE LEVEL METER-9.MAX
Thu May 01 09:06:10 Saved as file ~undo.max
Thu May 01 09:06:17 Saved as file D:\SOUND LEVEL METER PROJECT\MO PHONG_SOUND LEVEL METER_V3\SOUND LEVEL METER_OK\BOARD_NOISE LEVEL METER\NOISE LEVEL METER-9.MAX
Thu May 01 09:06:28 Saved as file ~undo.max
Thu May 01 09:06:29 Saved as file D:\SOUND LEVEL METER PROJECT\MO PHONG_SOUND LEVEL METER_V3\SOUND LEVEL METER_OK\BOARD_NOISE LEVEL METER\NOISE LEVEL METER-9.MAX
Thu May 01 09:06:44 Saved as file D:\SOUND LEVEL METER PROJECT\MO PHONG_SOUND LEVEL METER_V3\SOUND LEVEL METER_OK\BOARD_NOISE LEVEL METER\NOISE LEVEL METER-9.MAX
Thu May 01 09:07:01 Saved as file D:\SOUND LEVEL METER PROJECT\MO PHONG_SOUND LEVEL METER_V3\SOUND LEVEL METER_OK\BOARD_NOISE LEVEL METER\NOISE LEVEL METER-9.MAX
Thu May 01 09:07:14 Saved as file ~undo.max
Thu May 01 09:09:25 Saved as file ~undo.max
Thu May 01 09:09:50 Saved as file D:\SOUND LEVEL METER PROJECT\MO PHONG_SOUND LEVEL METER_V3\SOUND LEVEL METER_OK\BOARD_NOISE LEVEL METER\NOISE LEVEL METER-9.MAX
Thu May 01 09:10:05 Saved as file BACKUP1.MAX
Thu May 01 09:10:27 Saved as file D:\SOUND LEVEL METER PROJECT\MO PHONG_SOUND LEVEL METER_V3\SOUND LEVEL METER_OK\BOARD_NOISE LEVEL METER\NOISE LEVEL METER-9.MAX
Thu May 01 09:13:08 Saved as file ~undo.max
Thu May 01 09:13:08 Saved as file ~undo.max
Thu May 01 09:13:12 Saved as file D:\SOUND LEVEL METER PROJECT\MO PHONG_SOUND LEVEL METER_V3\SOUND LEVEL METER_OK\BOARD_NOISE LEVEL METER\NOISE LEVEL METER-9.MAX
Thu May 01 09:15:19 Saved as file D:\SOUND LEVEL METER PROJECT\MO PHONG_SOUND LEVEL METER_V3\SOUND LEVEL METER_OK\BOARD_NOISE LEVEL METER\NOISE LEVEL METER-9.MAX
Thu May 01 09:15:58 Saved as file D:\SOUND LEVEL METER PROJECT\MO PHONG_SOUND LEVEL METER_V3\SOUND LEVEL METER_OK\BOARD_NOISE LEVEL METER\NOISE LEVEL METER-9.MAX
Thu May 01 09:16:12 Saved as file D:\SOUND LEVEL METER PROJECT\MO PHONG_SOUND LEVEL METER_V3\SOUND LEVEL METER_OK\BOARD_NOISE LEVEL METER\NOISE LEVEL METER-9.MAX
Thu May 01 09:17:05 Saved as file D:\SOUND LEVEL METER PROJECT\MO PHONG_SOUND LEVEL METER_V3\SOUND LEVEL METER_OK\BOARD_NOISE LEVEL METER\NOISE LEVEL METER-9.MAX
Thu May 01 09:17:17 Saved as file D:\SOUND LEVEL METER PROJECT\MO PHONG_SOUND LEVEL METER_V3\SOUND LEVEL METER_OK\BOARD_NOISE LEVEL METER\NOISE LEVEL METER-9.MAX
Thu May 01 09:19:01 Saved as file ~undo.max
Thu May 01 09:19:10 Saved as file ~undo.max
Thu May 01 09:19:27 Saved as file ~undo.max
Thu May 01 09:19:32 Saved as file D:\SOUND LEVEL METER PROJECT\MO PHONG_SOUND LEVEL METER_V3\SOUND LEVEL METER_OK\BOARD_NOISE LEVEL METER\NOISE LEVEL METER-9.MAX
Thu May 01 09:20:05 Saved as file BACKUP1.MAX
Thu May 01 09:20:25 Saved as file D:\SOUND LEVEL METER PROJECT\MO PHONG_SOUND LEVEL METER_V3\SOUND LEVEL METER_OK\BOARD_NOISE LEVEL METER\NOISE LEVEL METER-9.MAX
Thu May 01 09:22:00 Saved as file D:\SOUND LEVEL METER PROJECT\MO PHONG_SOUND LEVEL METER_V3\SOUND LEVEL METER_OK\BOARD_NOISE LEVEL METER\NOISE LEVEL METER-9.MAX
Thu May 01 09:22:08 Saved as file D:\SOUND LEVEL METER PROJECT\MO PHONG_SOUND LEVEL METER_V3\SOUND LEVEL METER_OK\BOARD_NOISE LEVEL METER\NOISE LEVEL METER-9.MAX
Thu May 01 09:22:09 Saved as file D:\SOUND LEVEL METER PROJECT\MO PHONG_SOUND LEVEL METER_V3\SOUND LEVEL METER_OK\BOARD_NOISE LEVEL METER\NOISE LEVEL METER-9.MAX
Thu May 01 09:22:19 Saved as file D:\SOUND LEVEL METER PROJECT\MO PHONG_SOUND LEVEL METER_V3\SOUND LEVEL METER_OK\BOARD_NOISE LEVEL METER\NOISE LEVEL METER-10.MAX
Thu May 01 09:22:21 Saved as file D:\SOUND LEVEL METER PROJECT\MO PHONG_SOUND LEVEL METER_V3\SOUND LEVEL METER_OK\BOARD_NOISE LEVEL METER\NOISE LEVEL METER-10.MAX
Thu May 01 09:23:13 Saved as file ~undo.max
Thu May 01 09:23:34 Saved as file D:\SOUND LEVEL METER PROJECT\MO PHONG_SOUND LEVEL METER_V3\SOUND LEVEL METER_OK\BOARD_NOISE LEVEL METER\NOISE LEVEL METER-10.MAX
Thu May 01 09:24:41 Saved as file D:\SOUND LEVEL METER PROJECT\MO PHONG_SOUND LEVEL METER_V3\SOUND LEVEL METER_OK\BOARD_NOISE LEVEL METER\NOISE LEVEL METER-10.MAX
Thu May 01 09:25:42 Saved as file D:\SOUND LEVEL METER PROJECT\MO PHONG_SOUND LEVEL METER_V3\SOUND LEVEL METER_OK\BOARD_NOISE LEVEL METER\NOISE LEVEL METER-10.MAX
Thu May 01 09:26:46 Saved as file D:\SOUND LEVEL METER PROJECT\MO PHONG_SOUND LEVEL METER_V3\SOUND LEVEL METER_OK\BOARD_NOISE LEVEL METER\NOISE LEVEL METER-10.MAX
Thu May 01 09:27:57 Saved as file D:\SOUND LEVEL METER PROJECT\MO PHONG_SOUND LEVEL METER_V3\SOUND LEVEL METER_OK\BOARD_NOISE LEVEL METER\NOISE LEVEL METER-10.MAX
Thu May 01 09:28:19 Saved as file D:\SOUND LEVEL METER PROJECT\MO PHONG_SOUND LEVEL METER_V3\SOUND LEVEL METER_OK\BOARD_NOISE LEVEL METER\NOISE LEVEL METER-10.MAX
Thu May 01 09:29:10 Saved as file D:\SOUND LEVEL METER PROJECT\MO PHONG_SOUND LEVEL METER_V3\SOUND LEVEL METER_OK\BOARD_NOISE LEVEL METER\NOISE LEVEL METER-10.MAX
Thu May 01 09:29:35 Saved as file D:\SOUND LEVEL METER PROJECT\MO PHONG_SOUND LEVEL METER_V3\SOUND LEVEL METER_OK\BOARD_NOISE LEVEL METER\NOISE LEVEL METER-10.MAX
Thu May 01 09:30:26 Saved as file D:\SOUND LEVEL METER PROJECT\MO PHONG_SOUND LEVEL METER_V3\SOUND LEVEL METER_OK\BOARD_NOISE LEVEL METER\NOISE LEVEL METER-10.MAX
Thu May 01 09:31:05 Saved as file BACKUP1.MAX
Thu May 01 09:41:06 Saved as file BACKUP1.MAX
Thu May 01 09:51:06 Saved as file BACKUP1.MAX
Thu May 01 09:53:02 Saved as file ~undo.max
Thu May 01 09:53:36 Saved as file ~undo.max
Thu May 01 09:53:38 Saved as file D:\SOUND LEVEL METER PROJECT\MO PHONG_SOUND LEVEL METER_V3\SOUND LEVEL METER_OK\BOARD_NOISE LEVEL METER\NOISE LEVEL METER-10.MAX
Thu May 01 09:54:28 Saved as file ~undo.max
Thu May 01 09:54:46 Saved as file ~undo.max
Thu May 01 09:54:48 Saved as file D:\SOUND LEVEL METER PROJECT\MO PHONG_SOUND LEVEL METER_V3\SOUND LEVEL METER_OK\BOARD_NOISE LEVEL METER\NOISE LEVEL METER-10.MAX
Thu May 01 09:55:05 Saved as file ~undo.max
Thu May 01 09:55:15 Saved as file D:\SOUND LEVEL METER PROJECT\MO PHONG_SOUND LEVEL METER_V3\SOUND LEVEL METER_OK\BOARD_NOISE LEVEL METER\NOISE LEVEL METER-10.MAX
Thu May 01 09:55:46 Saved as file D:\SOUND LEVEL METER PROJECT\MO PHONG_SOUND LEVEL METER_V3\SOUND LEVEL METER_OK\BOARD_NOISE LEVEL METER\NOISE LEVEL METER-10.MAX
Thu May 01 09:57:44 Saved as file ~undo.max
Thu May 01 09:58:13 Saved as file ~undo.max
Thu May 01 09:58:27 Saved as file ~undo.max
Thu May 01 09:58:51 Saved as file ~undo.max
Thu May 01 10:00:01 Saved as file ~undo.max
Thu May 01 10:00:49 Saved as file ~undo.max
Thu May 01 10:01:06 Saved as file ~undo.max
Thu May 01 10:01:07 Saved as file D:\SOUND LEVEL METER PROJECT\MO PHONG_SOUND LEVEL METER_V3\SOUND LEVEL METER_OK\BOARD_NOISE LEVEL METER\NOISE LEVEL METER-10.MAX
Thu May 01 10:01:36 Saved as file BACKUP1.MAX
Thu May 01 10:02:47 Saved as file ~undo.max
Thu May 01 10:10:36 Saved as file ~undo.max
Thu May 01 10:10:38 Saved as file D:\SOUND LEVEL METER PROJECT\MO PHONG_SOUND LEVEL METER_V3\SOUND LEVEL METER_OK\BOARD_NOISE LEVEL METER\NOISE LEVEL METER-10.MAX
Thu May 01 10:11:08 Saved as file D:\SOUND LEVEL METER PROJECT\MO PHONG_SOUND LEVEL METER_V3\SOUND LEVEL METER_OK\BOARD_NOISE LEVEL METER\NOISE LEVEL METER-10.MAX
Thu May 01 10:11:36 Saved as file D:\SOUND LEVEL METER PROJECT\MO PHONG_SOUND LEVEL METER_V3\SOUND LEVEL METER_OK\BOARD_NOISE LEVEL METER\NOISE LEVEL METER-10.MAX
Thu May 01 10:11:37 Saved as file BACKUP1.MAX
Thu May 01 10:14:58 Saved as file D:\SOUND LEVEL METER PROJECT\MO PHONG_SOUND LEVEL METER_V3\SOUND LEVEL METER_OK\BOARD_NOISE LEVEL METER\NOISE LEVEL METER-10.MAX
Thu May 01 10:21:37 Saved as file BACKUP1.MAX
Thu May 01 10:23:55 Saved as file D:\SOUND LEVEL METER PROJECT\MO PHONG_SOUND LEVEL METER_V3\SOUND LEVEL METER_OK\BOARD_NOISE LEVEL METER\NOISE LEVEL METER-10.MAX
Thu May 01 10:27:28 Saved as file D:\SOUND LEVEL METER PROJECT\MO PHONG_SOUND LEVEL METER_V3\SOUND LEVEL METER_OK\BOARD_NOISE LEVEL METER\NOISE LEVEL METER-10.MAX
Thu May 01 10:32:06 Saved as file ~undo.max
Thu May 01 10:32:36 Saved as file ~undo.max
Thu May 01 10:32:43 Saved as file D:\SOUND LEVEL METER PROJECT\MO PHONG_SOUND LEVEL METER_V3\SOUND LEVEL METER_OK\BOARD_NOISE LEVEL METER\NOISE LEVEL METER-11.MAX
Thu May 01 10:32:44 Saved as file D:\SOUND LEVEL METER PROJECT\MO PHONG_SOUND LEVEL METER_V3\SOUND LEVEL METER_OK\BOARD_NOISE LEVEL METER\NOISE LEVEL METER-11.MAX
Thu May 01 10:33:07 Saved as file BACKUP1.MAX
Thu May 01 10:33:38 Saved as file ~undo.max
Thu May 01 10:34:40 Saved as file D:\SOUND LEVEL METER PROJECT\MO PHONG_SOUND LEVEL METER_V3\SOUND LEVEL METER_OK\BOARD_NOISE LEVEL METER\NOISE LEVEL METER-11.MAX
Thu May 01 10:35:07 Saved as file D:\SOUND LEVEL METER PROJECT\MO PHONG_SOUND LEVEL METER_V3\SOUND LEVEL METER_OK\BOARD_NOISE LEVEL METER\NOISE LEVEL METER-11.MAX
Thu May 01 10:46:59 Loaded file D:\SOUND LEVEL METER PROJECT\MO PHONG_SOUND LEVEL METER_V3\SOUND LEVEL METER_OK\BOARD_NOISE LEVEL METER\NOISE LEVEL METER-9.MAX
Fri May 02 11:14:08 Saved as file BACKUP1.MAX
Fri May 02 11:24:08 Saved as file BACKUP1.MAX
Fri May 02 11:34:08 Saved as file BACKUP1.MAX
Fri May 02 11:44:09 Saved as file BACKUP1.MAX
Fri May 02 11:54:09 Saved as file BACKUP1.MAX
Fri May 02 12:04:09 Saved as file BACKUP1.MAX
Fri May 02 12:04:55 Loaded file C:\OrCAD\OrCAD_10.5\tools\Layout_Plus\data\template.imp
Fri May 02 12:04:55 Loaded file C:\OrCAD\OrCAD_10.5\tools\Layout_Plus\data\template.imp
Fri May 02 12:04:55 Loaded file C:\OrCAD\OrCAD_10.5\tools\Layout_Plus\data\template.imp
Fri May 02 12:04:55 Loaded file C:\OrCAD\OrCAD_10.5\tools\Layout_Plus\data\template.imp
Fri May 02 12:04:56 Loaded file D:\MN_THU VIEN ORCARD\1.MN_LIBRARY ORCAD 9.2.LLB
Fri May 02 12:04:57 Loaded file C:\OrCAD\OrCAD_10.5\tools\Layout_Plus\data\template.imp
Fri May 02 12:04:59 Loaded file C:\OrCAD\OrCAD_10.5\tools\Layout_Plus\data\template.imp
Fri May 02 12:05:01 Saved as file ~undo.max
Fri May 02 12:06:07 Saved as file ~undo.max
Fri May 02 12:06:15 Saved as file ~undo.max
Fri May 02 12:07:35 Saved as file ~undo.max
Fri May 02 12:07:51 Saved as file ~undo.max
Fri May 02 12:09:10 Saved as file D:\SOUND LEVEL METER PROJECT\MO PHONG_SOUND LEVEL METER_V3\SOUND LEVEL METER_OK\BOARD_NOISE LEVEL METER\NOISE LEVEL METER-11.MAX
Fri May 02 12:11:25 Saved as file ~undo.max
Fri May 02 12:14:10 Saved as file BACKUP1.MAX
Fri May 02 12:14:29 Saved as file D:\SOUND LEVEL METER PROJECT\MO PHONG_SOUND LEVEL METER_V3\SOUND LEVEL METER_OK\BOARD_NOISE LEVEL METER\NOISE LEVEL METER-11.MAX
Fri May 02 12:15:03 Saved as file ~undo.max
Fri May 02 12:15:26 Saved as file ~undo.max
Fri May 02 12:17:48 Saved as file D:\SOUND LEVEL METER PROJECT\MO PHONG_SOUND LEVEL METER_V3\SOUND LEVEL METER_OK\BOARD_NOISE LEVEL METER\NOISE LEVEL METER-11.MAX
Fri May 02 12:18:14 Saved as file D:\SOUND LEVEL METER PROJECT\MO PHONG_SOUND LEVEL METER_V3\SOUND LEVEL METER_OK\BOARD_NOISE LEVEL METER\NOISE LEVEL METER-11.MAX
Fri May 02 12:24:10 Saved as file BACKUP1.MAX
Fri May 02 12:34:10 Saved as file BACKUP1.MAX
Fri May 02 12:40:37 Saved as file D:\SOUND LEVEL METER PROJECT\MO PHONG_SOUND LEVEL METER_V3\SOUND LEVEL METER_OK\BOARD_NOISE LEVEL METER\NOISE LEVEL METER-11.MAX
Fri May 02 12:40:44 Saved as file D:\SOUND LEVEL METER PROJECT\MO PHONG_SOUND LEVEL METER_V3\SOUND LEVEL METER_OK\BOARD_NOISE LEVEL METER\NOISE LEVEL METER-11.MAX
Fri May 02 12:41:23 Saved as file D:\SOUND LEVEL METER PROJECT\MO PHONG_SOUND LEVEL METER_V3\SOUND LEVEL METER_OK\BOARD_NOISE LEVEL METER\NOISE LEVEL METER-11.MAX
Fri May 02 12:44:10 Saved as file BACKUP1.MAX
Fri May 02 12:54:41 Saved as file BACKUP1.MAX
Fri May 02 13:04:41 Saved as file BACKUP1.MAX
Fri May 02 13:11:02 Saved as file D:\SOUND LEVEL METER PROJECT\MO PHONG_SOUND LEVEL METER_V3\SOUND LEVEL METER_OK\BOARD_NOISE LEVEL METER\NOISE LEVEL METER-11.MAX
Fri May 02 13:14:41 Saved as file BACKUP1.MAX
Fri May 02 13:16:49 Loaded file C:\OrCAD\OrCAD_10.5\tools\Layout_Plus\data\template.imp
Fri May 02 13:16:49 Loaded file C:\OrCAD\OrCAD_10.5\tools\Layout_Plus\data\template.imp
Fri May 02 13:24:42 Saved as file BACKUP1.MAX
Fri May 02 13:38:12 Saved as file BACKUP1.MAX
Fri May 02 13:39:58 Saved as file D:\SOUND LEVEL METER PROJECT\MO PHONG_SOUND LEVEL METER_V3\SOUND LEVEL METER_OK\BOARD_NOISE LEVEL METER\NOISE LEVEL METER-11.MAX
Fri May 02 13:42:30 Saved as file D:\SOUND LEVEL METER PROJECT\MO PHONG_SOUND LEVEL METER_V3\SOUND LEVEL METER_OK\BOARD_NOISE LEVEL METER\NOISE LEVEL METER-11.MAX
Fri May 02 13:42:31 Saved as file D:\SOUND LEVEL METER PROJECT\MO PHONG_SOUND LEVEL METER_V3\SOUND LEVEL METER_OK\BOARD_NOISE LEVEL METER\NOISE LEVEL METER-11.MAX
Fri May 02 13:42:32 Saved as file D:\SOUND LEVEL METER PROJECT\MO PHONG_SOUND LEVEL METER_V3\SOUND LEVEL METER_OK\BOARD_NOISE LEVEL METER\NOISE LEVEL METER-11.MAX
Sat May 03 06:05:57 Saved as file BACKUP1.MAX
Sat May 03 06:15:57 Saved as file BACKUP1.MAX
Sat May 03 06:25:58 Saved as file BACKUP1.MAX
Sat May 03 06:35:58 Saved as file BACKUP1.MAX
Sat May 03 06:45:58 Saved as file BACKUP1.MAX
Sat May 03 06:52:05 Saved as file D:\SOUND LEVEL METER PROJECT\MO PHONG_SOUND LEVEL METER_V3\SOUND LEVEL METER_OK\BOARD_NOISE LEVEL METER\NOISE LEVEL METER-11.MAX
Sat May 03 06:53:24 Saved as file D:\SOUND LEVEL METER PROJECT\MO PHONG_SOUND LEVEL METER_V3\SOUND LEVEL METER_OK\BOARD_NOISE LEVEL METER\NOISE LEVEL METER-11.MAX
Sat May 03 06:55:58 Saved as file BACKUP1.MAX
Sat May 03 07:10:41 Saved as file D:\SOUND LEVEL METER PROJECT\MO PHONG_SOUND LEVEL METER_V3\SOUND LEVEL METER_OK\BOARD_NOISE LEVEL METER\NOISE LEVEL METER-11.MAX
Sat May 03 07:11:16 Saved as file D:\SOUND LEVEL METER PROJECT\MO PHONG_SOUND LEVEL METER_V3\SOUND LEVEL METER_OK\BOARD_NOISE LEVEL METER\NOISE LEVEL METER-11.MAX
Thu Jul 10 11:16:27 Saved as file BACKUP1.MAX
Thu Jul 10 11:26:27 Saved as file BACKUP1.MAX
Thu Jul 10 11:36:27 Saved as file BACKUP1.MAX
Thu Jul 10 11:46:28 Saved as file BACKUP1.MAX
Thu Jul 10 11:56:28 Saved as file BACKUP1.MAX
Thu Jul 10 12:06:28 Saved as file BACKUP1.MAX
Thu Jul 10 12:16:28 Saved as file BACKUP1.MAX
Thu Jul 10 12:26:29 Saved as file BACKUP1.MAX
Thu Jul 10 12:36:29 Saved as file BACKUP1.MAX
Thu Jul 10 12:46:29 Saved as file BACKUP1.MAX
Thu Jul 10 12:56:30 Saved as file BACKUP1.MAX
Thu Jul 10 13:06:30 Saved as file BACKUP1.MAX
Thu Jul 10 13:16:30 Saved as file BACKUP1.MAX
Thu Jul 10 13:26:30 Saved as file BACKUP1.MAX
Thu Jul 10 13:36:31 Saved as file BACKUP1.MAX
Thu Jul 10 13:46:31 Saved as file BACKUP1.MAX
Thu Jul 10 13:56:31 Saved as file BACKUP1.MAX
Thu Jul 10 14:06:32 Saved as file BACKUP1.MAX
Thu Jul 10 14:16:32 Saved as file BACKUP1.MAX
Thu Jul 10 14:26:32 Saved as file BACKUP1.MAX
Thu Jul 10 14:36:32 Saved as file BACKUP1.MAX
Thu Jul 10 14:46:33 Saved as file BACKUP1.MAX
Thu Jul 10 14:56:33 Saved as file BACKUP1.MAX
Thu Jul 10 15:06:33 Saved as file BACKUP1.MAX
Thu Jul 10 15:16:34 Saved as file BACKUP1.MAX
Thu Jul 10 15:27:04 Saved as file BACKUP1.MAX
Thu Jul 10 15:37:04 Saved as file BACKUP1.MAX
Thu Jul 10 15:47:05 Saved as file BACKUP1.MAX
Thu Jul 10 15:57:05 Saved as file BACKUP1.MAX
Thu Jul 10 16:07:05 Saved as file BACKUP1.MAX
Thu Jul 10 16:17:05 Saved as file BACKUP1.MAX
Thu Jul 10 16:27:06 Saved as file BACKUP1.MAX
Thu Jul 10 16:37:06 Saved as file BACKUP1.MAX
Thu Jul 10 16:47:06 Saved as file BACKUP1.MAX
Thu Jul 10 16:57:07 Saved as file BACKUP1.MAX
Thu Jul 10 17:07:07 Saved as file BACKUP1.MAX
Thu Jul 10 17:17:07 Saved as file BACKUP1.MAX
Thu Jul 10 17:27:07 Saved as file BACKUP1.MAX
Thu Jul 10 17:37:08 Saved as file BACKUP1.MAX
Thu Jul 10 17:47:08 Saved as file BACKUP1.MAX
Thu Jul 10 17:57:08 Saved as file BACKUP1.MAX
Thu Jul 10 18:07:09 Saved as file BACKUP1.MAX
Thu Jul 10 18:17:09 Saved as file BACKUP1.MAX
Thu Jul 10 18:27:09 Saved as file BACKUP1.MAX
Thu Jul 10 18:37:10 Saved as file BACKUP1.MAX
Thu Jul 10 18:47:10 Saved as file BACKUP1.MAX
Thu Jul 10 18:57:10 Saved as file BACKUP1.MAX
Thu Jul 10 19:07:11 Saved as file BACKUP1.MAX
Thu Jul 10 19:17:11 Saved as file BACKUP1.MAX
Thu Jul 10 19:27:11 Saved as file BACKUP1.MAX
Thu Jul 10 19:37:11 Saved as file BACKUP1.MAX
Thu Jul 10 19:47:12 Saved as file BACKUP1.MAX
Thu Jul 10 19:57:12 Saved as file BACKUP1.MAX
Thu Jul 10 20:07:12 Saved as file BACKUP1.MAX
Thu Jul 10 20:17:13 Saved as file BACKUP1.MAX
Thu Jul 10 20:27:13 Saved as file BACKUP1.MAX
Thu Jul 10 20:37:13 Saved as file BACKUP1.MAX
Thu Jul 10 20:47:13 Saved as file BACKUP1.MAX
Thu Jul 10 20:57:14 Saved as file BACKUP1.MAX
Thu Jul 10 21:07:14 Saved as file BACKUP1.MAX
Thu Jul 10 21:17:14 Saved as file BACKUP1.MAX
Thu Jul 10 21:27:15 Saved as file BACKUP1.MAX
Thu Jul 10 21:37:15 Saved as file BACKUP1.MAX
Thu Jul 10 21:47:15 Saved as file BACKUP1.MAX
Thu Jul 10 21:57:16 Saved as file BACKUP1.MAX
Thu Jul 10 22:07:16 Saved as file BACKUP1.MAX
Thu Jul 10 22:17:16 Saved as file BACKUP1.MAX
Thu Jul 10 22:27:16 Saved as file BACKUP1.MAX
