Post Processor Report
OrCAD FILE: D:\SOUND LEVEL METER PROJECT\MO PHONG_SOUND LEVEL METER_V3\SOUND LEVEL METER_OK\BOARD_NOISE LEVEL METER\NOISE LEVEL METER-11.MAX
Sat May 03 07:07:26 2014

*********************************************************

Output file: D:\SOUND LEVEL METER PROJECT\MO PHONG_SOUND LEVEL METER_V3\SOUND LEVEL METER_OK\BOARD_NOISE LEVEL METER\NOISE LEVEL METER-11.TOP

Aperture totals for D:\SOUND LEVEL METER PROJECT\MO PHONG_SOUND LEVEL METER_V3\SOUND LEVEL METER_OK\BOARD_NOISE LEVEL METER\NOISE LEVEL METER-11.TOP:
---------------------------------------------------------
D10:  0.0600 ROUND  --       0 Draws,      12 Flashes
D11:  0.0600 SQUARE --       0 Draws,      11 Flashes
D12:  0.0800 ROUND  --       0 Draws,       1 Flashes
D13:  0.0800 SQUARE --       0 Draws,       1 Flashes
D14:  0.1000 SQUARE --       0 Draws,       1 Flashes
D15:  0.1000 ROUND  --       0 Draws,      11 Flashes
D16:  0.0950 x 0.0650 OBLONG    -----      13 Flashes
D17:  0.0950 x 0.0650 RECTANGLE -----       5 Flashes
D18:  0.0800 x 0.0600 OBLONG    -----      42 Flashes
D19:  0.0800 x 0.0600 RECTANGLE -----       2 Flashes
D20:  0.1400 x 0.1900 RECTANGLE -----       2 Flashes
D21:  0.0700 ROUND  --       0 Draws,       8 Flashes
D22:  0.0700 SQUARE --       0 Draws,       1 Flashes
D23:  0.1575 ROUND  --       0 Draws,       4 Flashes
D24:  0.0750 x 0.0900 OBLONG    -----      15 Flashes
D25:  0.0750 x 0.0900 RECTANGLE -----       1 Flashes
D26:  0.0900 x 0.0800 OBLONG    -----       1 Flashes
D27:  0.0800 x 0.0900 OBLONG    -----       1 Flashes
D28:  0.0900 x 0.0800 RECTANGLE -----       1 Flashes
D29:  0.4000 x 0.3000 OBLONG    -----       1 Flashes
D30:  0.4000 x 0.3000 RECTANGLE -----       1 Flashes
D31:  0.0650 x 0.0950 RECTANGLE -----       4 Flashes
D32:  0.1180 ROUND  --       0 Draws,       6 Flashes
D33:  0.0650 x 0.0950 OBLONG    -----       2 Flashes
D34:  0.0590 x 0.0394 RECTANGLE -----      12 Flashes
D35:  0.0394 x 0.0590 RECTANGLE -----       2 Flashes
D36:  0.0790 ROUND  --       0 Draws,      12 Flashes
D37:  0.1181 x 0.1575 OBLONG    -----       2 Flashes
D38:  0.1181 x 0.1575 RECTANGLE -----       1 Flashes
D39:  0.0700 x 0.0850 OBLONG    -----       2 Flashes
D40:  0.0700 x 0.0850 RECTANGLE -----       1 Flashes
D41:  0.0350 ROUND  --    2094 Draws,       0 Flashes
D42:  0.0100 ROUND  --     118 Draws,       0 Flashes
D43:  0.0300 ROUND  --       8 Draws,       0 Flashes
D44:  0.0600 ROUND  --       0 Draws,       1 Flashes
D45:  0.0200 ROUND  --     120 Draws,       0 Flashes
D46:  0.0600 ROUND  --       0 Draws,      28 Flashes
D47:  0.0150 ROUND  --       1 Draws,       0 Flashes
D48:  0.0250 ROUND  --     100 Draws,       0 Flashes
D49:  0.0500 ROUND  --       1 Draws,       0 Flashes
---------------------------------------------------------
 40 D-Codes      -----    2442 Draws,     208 Flashes

*********************************************************

Output file: D:\SOUND LEVEL METER PROJECT\MO PHONG_SOUND LEVEL METER_V3\SOUND LEVEL METER_OK\BOARD_NOISE LEVEL METER\NOISE LEVEL METER-11.BOT

Aperture totals for D:\SOUND LEVEL METER PROJECT\MO PHONG_SOUND LEVEL METER_V3\SOUND LEVEL METER_OK\BOARD_NOISE LEVEL METER\NOISE LEVEL METER-11.BOT:
---------------------------------------------------------
D41:  0.0350 ROUND  --    1839 Draws,       0 Flashes
D42:  0.0100 ROUND  --     110 Draws,       0 Flashes
D43:  0.0300 ROUND  --       8 Draws,       0 Flashes
D45:  0.0200 ROUND  --     262 Draws,       0 Flashes
D46:  0.0600 ROUND  --       0 Draws,      29 Flashes
D48:  0.0250 ROUND  --      65 Draws,       0 Flashes
D50:  0.0600 ROUND  --       0 Draws,      12 Flashes
D51:  0.0600 SQUARE --       0 Draws,      11 Flashes
D52:  0.0800 ROUND  --       0 Draws,       1 Flashes
D53:  0.0800 SQUARE --       0 Draws,       1 Flashes
D54:  0.1000 SQUARE --       0 Draws,       1 Flashes
D55:  0.1000 ROUND  --       0 Draws,      11 Flashes
D56:  0.0950 x 0.0650 OBLONG    -----      13 Flashes
D57:  0.0950 x 0.0650 RECTANGLE -----       5 Flashes
D58:  0.0800 x 0.0600 OBLONG    -----      42 Flashes
D59:  0.0800 x 0.0600 RECTANGLE -----       2 Flashes
D60:  0.1400 x 0.1900 RECTANGLE -----       2 Flashes
D61:  0.0700 ROUND  --       0 Draws,       8 Flashes
D62:  0.0700 SQUARE --       0 Draws,       1 Flashes
D63:  0.1575 ROUND  --       0 Draws,       4 Flashes
D64:  0.0750 x 0.0900 OBLONG    -----      15 Flashes
D65:  0.0750 x 0.0900 RECTANGLE -----       1 Flashes
D66:  0.0900 x 0.0800 OBLONG    -----       1 Flashes
D67:  0.0800 x 0.0900 OBLONG    -----       1 Flashes
D68:  0.0900 x 0.0800 RECTANGLE -----       1 Flashes
D69:  0.4000 x 0.3000 OBLONG    -----       1 Flashes
D70:  0.4000 x 0.3000 RECTANGLE -----       1 Flashes
D71:  0.0650 x 0.0950 RECTANGLE -----       4 Flashes
D72:  0.1180 ROUND  --       0 Draws,       6 Flashes
D73:  0.0650 x 0.0950 OBLONG    -----       2 Flashes
D74:  0.0787 ROUND  --       0 Draws,      12 Flashes
D75:  0.1181 x 0.1575 OBLONG    -----       2 Flashes
D76:  0.1181 x 0.1575 RECTANGLE -----       1 Flashes
D77:  0.0700 x 0.0850 OBLONG    -----       2 Flashes
D78:  0.0700 x 0.0850 RECTANGLE -----       1 Flashes
D79:  0.0400 ROUND  --       3 Draws,       0 Flashes
---------------------------------------------------------
 36 D-Codes      -----    2287 Draws,     194 Flashes

*********************************************************

Output file: D:\SOUND LEVEL METER PROJECT\MO PHONG_SOUND LEVEL METER_V3\SOUND LEVEL METER_OK\BOARD_NOISE LEVEL METER\NOISE LEVEL METER-11.GND

Aperture totals for D:\SOUND LEVEL METER PROJECT\MO PHONG_SOUND LEVEL METER_V3\SOUND LEVEL METER_OK\BOARD_NOISE LEVEL METER\NOISE LEVEL METER-11.GND:
---------------------------------------------------------
D10:  0.0600 ROUND  --       0 Draws,      11 Flashes
D11:  0.0600 SQUARE --       0 Draws,      11 Flashes
D12:  0.0800 ROUND  --       0 Draws,       1 Flashes
D13:  0.0800 SQUARE --       0 Draws,       1 Flashes
D14:  0.1000 SQUARE --       0 Draws,       1 Flashes
D15:  0.1000 ROUND  --       0 Draws,      11 Flashes
D16:  0.0950 x 0.0650 OBLONG    -----      13 Flashes
D17:  0.0950 x 0.0650 RECTANGLE -----       5 Flashes
D18:  0.0800 x 0.0600 OBLONG    -----      42 Flashes
D19:  0.0800 x 0.0600 RECTANGLE -----       2 Flashes
D20:  0.1400 x 0.1900 RECTANGLE -----       2 Flashes
D23:  0.1575 ROUND  --       0 Draws,       4 Flashes
D24:  0.0750 x 0.0900 OBLONG    -----      15 Flashes
D25:  0.0750 x 0.0900 RECTANGLE -----       1 Flashes
D26:  0.0900 x 0.0800 OBLONG    -----       1 Flashes
D27:  0.0800 x 0.0900 OBLONG    -----       1 Flashes
D28:  0.0900 x 0.0800 RECTANGLE -----       1 Flashes
D29:  0.4000 x 0.3000 OBLONG    -----       1 Flashes
D30:  0.4000 x 0.3000 RECTANGLE -----       1 Flashes
D31:  0.0650 x 0.0950 RECTANGLE -----       4 Flashes
D32:  0.1180 ROUND  --       0 Draws,       6 Flashes
D33:  0.0650 x 0.0950 OBLONG    -----       2 Flashes
D37:  0.1181 x 0.1575 OBLONG    -----       2 Flashes
D38:  0.1181 x 0.1575 RECTANGLE -----       1 Flashes
D39:  0.0700 x 0.0850 OBLONG    -----       2 Flashes
D40:  0.0700 x 0.0850 RECTANGLE -----       1 Flashes
D43:  0.0300 ROUND  --       8 Draws,       0 Flashes
D80:  0.0830 ROUND  --       0 Draws,       8 Flashes
D81:  0.0830 SQUARE --       0 Draws,       1 Flashes
D82:  0.0787 ROUND  --       0 Draws,      12 Flashes
D83:  0.0750 ROUND  --       0 Draws,       1 Flashes
D84:  0.0750 ROUND  --       0 Draws,      29 Flashes
---------------------------------------------------------
 32 D-Codes      -----       8 Draws,     194 Flashes

*********************************************************

Output file: D:\SOUND LEVEL METER PROJECT\MO PHONG_SOUND LEVEL METER_V3\SOUND LEVEL METER_OK\BOARD_NOISE LEVEL METER\NOISE LEVEL METER-11.PWR

Aperture totals for D:\SOUND LEVEL METER PROJECT\MO PHONG_SOUND LEVEL METER_V3\SOUND LEVEL METER_OK\BOARD_NOISE LEVEL METER\NOISE LEVEL METER-11.PWR:
---------------------------------------------------------
D10:  0.0600 ROUND  --       0 Draws,      11 Flashes
D11:  0.0600 SQUARE --       0 Draws,      11 Flashes
D12:  0.0800 ROUND  --       0 Draws,       1 Flashes
D13:  0.0800 SQUARE --       0 Draws,       1 Flashes
D14:  0.1000 SQUARE --       0 Draws,       1 Flashes
D15:  0.1000 ROUND  --       0 Draws,      11 Flashes
D16:  0.0950 x 0.0650 OBLONG    -----      13 Flashes
D17:  0.0950 x 0.0650 RECTANGLE -----       5 Flashes
D18:  0.0800 x 0.0600 OBLONG    -----      42 Flashes
D19:  0.0800 x 0.0600 RECTANGLE -----       2 Flashes
D20:  0.1400 x 0.1900 RECTANGLE -----       2 Flashes
D23:  0.1575 ROUND  --       0 Draws,       4 Flashes
D24:  0.0750 x 0.0900 OBLONG    -----      15 Flashes
D25:  0.0750 x 0.0900 RECTANGLE -----       1 Flashes
D26:  0.0900 x 0.0800 OBLONG    -----       1 Flashes
D27:  0.0800 x 0.0900 OBLONG    -----       1 Flashes
D28:  0.0900 x 0.0800 RECTANGLE -----       1 Flashes
D29:  0.4000 x 0.3000 OBLONG    -----       1 Flashes
D30:  0.4000 x 0.3000 RECTANGLE -----       1 Flashes
D31:  0.0650 x 0.0950 RECTANGLE -----       4 Flashes
D32:  0.1180 ROUND  --       0 Draws,       6 Flashes
D33:  0.0650 x 0.0950 OBLONG    -----       2 Flashes
D37:  0.1181 x 0.1575 OBLONG    -----       2 Flashes
D38:  0.1181 x 0.1575 RECTANGLE -----       1 Flashes
D39:  0.0700 x 0.0850 OBLONG    -----       2 Flashes
D40:  0.0700 x 0.0850 RECTANGLE -----       1 Flashes
D43:  0.0300 ROUND  --       8 Draws,       0 Flashes
D80:  0.0830 ROUND  --       0 Draws,       8 Flashes
D81:  0.0830 SQUARE --       0 Draws,       1 Flashes
D82:  0.0787 ROUND  --       0 Draws,      12 Flashes
D83:  0.0750 ROUND  --       0 Draws,       1 Flashes
D84:  0.0750 ROUND  --       0 Draws,      29 Flashes
---------------------------------------------------------
 32 D-Codes      -----       8 Draws,     194 Flashes

*********************************************************

Output file: D:\SOUND LEVEL METER PROJECT\MO PHONG_SOUND LEVEL METER_V3\SOUND LEVEL METER_OK\BOARD_NOISE LEVEL METER\NOISE LEVEL METER-11.SMT

Aperture totals for D:\SOUND LEVEL METER PROJECT\MO PHONG_SOUND LEVEL METER_V3\SOUND LEVEL METER_OK\BOARD_NOISE LEVEL METER\NOISE LEVEL METER-11.SMT:
---------------------------------------------------------
D32:  0.1180 ROUND  --       0 Draws,       6 Flashes
D85:  0.0680 ROUND  --       0 Draws,      12 Flashes
D86:  0.0680 SQUARE --       0 Draws,      11 Flashes
D87:  0.0880 ROUND  --       0 Draws,       1 Flashes
D88:  0.0880 SQUARE --       0 Draws,       1 Flashes
D89:  0.1080 SQUARE --       0 Draws,       1 Flashes
D90:  0.1080 ROUND  --       0 Draws,      11 Flashes
D91:  0.1030 x 0.0730 OBLONG    -----      13 Flashes
D92:  0.1030 x 0.0730 RECTANGLE -----       5 Flashes
D93:  0.0880 x 0.0680 OBLONG    -----      42 Flashes
D94:  0.0880 x 0.0680 RECTANGLE -----       2 Flashes
D95:  0.1480 x 0.1980 RECTANGLE -----       2 Flashes
D96:  0.0780 ROUND  --       0 Draws,       8 Flashes
D97:  0.0780 SQUARE --       0 Draws,       1 Flashes
D98:  0.1650 ROUND  --       0 Draws,       4 Flashes
D99:  0.0830 x 0.0980 OBLONG    -----      15 Flashes
D100: 0.0830 x 0.0980 RECTANGLE -----       1 Flashes
D101: 0.0980 x 0.0880 OBLONG    -----       1 Flashes
D102: 0.0880 x 0.0980 OBLONG    -----       1 Flashes
D103: 0.0980 x 0.0880 RECTANGLE -----       1 Flashes
D104: 0.4080 x 0.3080 OBLONG    -----       1 Flashes
D105: 0.4080 x 0.3080 RECTANGLE -----       1 Flashes
D106: 0.0730 x 0.1030 RECTANGLE -----       4 Flashes
D107: 0.0730 x 0.1030 OBLONG    -----       2 Flashes
D108: 0.0670 x 0.0470 RECTANGLE -----      12 Flashes
D109: 0.0470 x 0.0670 RECTANGLE -----       2 Flashes
D110: 0.0870 ROUND  --       0 Draws,      12 Flashes
D111: 0.1260 x 0.1650 OBLONG    -----       2 Flashes
D112: 0.1260 x 0.1650 RECTANGLE -----       1 Flashes
D113: 0.0780 x 0.0950 OBLONG    -----       2 Flashes
D114: 0.0780 x 0.0930 RECTANGLE -----       1 Flashes
D115: 0.0680 ROUND  --       0 Draws,      29 Flashes
---------------------------------------------------------
 32 D-Codes      -----       0 Draws,     208 Flashes

*********************************************************

Output file: D:\SOUND LEVEL METER PROJECT\MO PHONG_SOUND LEVEL METER_V3\SOUND LEVEL METER_OK\BOARD_NOISE LEVEL METER\NOISE LEVEL METER-11.SMB

Aperture totals for D:\SOUND LEVEL METER PROJECT\MO PHONG_SOUND LEVEL METER_V3\SOUND LEVEL METER_OK\BOARD_NOISE LEVEL METER\NOISE LEVEL METER-11.SMB:
---------------------------------------------------------
D115: 0.0680 ROUND  --       0 Draws,      29 Flashes
D116: 0.0680 ROUND  --       0 Draws,      12 Flashes
D117: 0.0680 SQUARE --       0 Draws,      11 Flashes
D118: 0.0880 ROUND  --       0 Draws,       1 Flashes
D119: 0.0880 SQUARE --       0 Draws,       1 Flashes
D120: 0.1080 SQUARE --       0 Draws,       1 Flashes
D121: 0.1080 ROUND  --       0 Draws,      11 Flashes
D122: 0.1030 x 0.0730 OBLONG    -----      13 Flashes
D123: 0.1030 x 0.0730 RECTANGLE -----       5 Flashes
D124: 0.0880 x 0.0680 OBLONG    -----      42 Flashes
D125: 0.0880 x 0.0680 RECTANGLE -----       2 Flashes
D126: 0.1480 x 0.1980 RECTANGLE -----       2 Flashes
D127: 0.0780 ROUND  --       0 Draws,       8 Flashes
D128: 0.0780 SQUARE --       0 Draws,       1 Flashes
D129: 0.1650 ROUND  --       0 Draws,       4 Flashes
D130: 0.0830 x 0.0980 OBLONG    -----      15 Flashes
D131: 0.0830 x 0.0980 RECTANGLE -----       1 Flashes
D132: 0.0980 x 0.0880 OBLONG    -----       1 Flashes
D133: 0.0880 x 0.0980 OBLONG    -----       1 Flashes
D134: 0.0980 x 0.0880 RECTANGLE -----       1 Flashes
D135: 0.4080 x 0.3080 OBLONG    -----       1 Flashes
D136: 0.4080 x 0.3080 RECTANGLE -----       1 Flashes
D137: 0.0730 x 0.1030 RECTANGLE -----       4 Flashes
D138: 0.1180 ROUND  --       0 Draws,       6 Flashes
D139: 0.0730 x 0.1030 OBLONG    -----       2 Flashes
D140: 0.0870 ROUND  --       0 Draws,      12 Flashes
D141: 0.1260 x 0.1650 OBLONG    -----       2 Flashes
D142: 0.1260 x 0.1650 RECTANGLE -----       1 Flashes
D143: 0.0780 x 0.0950 OBLONG    -----       2 Flashes
D144: 0.0780 x 0.0930 RECTANGLE -----       1 Flashes
---------------------------------------------------------
 30 D-Codes      -----       0 Draws,     194 Flashes

*********************************************************

Output file: D:\SOUND LEVEL METER PROJECT\MO PHONG_SOUND LEVEL METER_V3\SOUND LEVEL METER_OK\BOARD_NOISE LEVEL METER\NOISE LEVEL METER-11.SST

Aperture totals for D:\SOUND LEVEL METER PROJECT\MO PHONG_SOUND LEVEL METER_V3\SOUND LEVEL METER_OK\BOARD_NOISE LEVEL METER\NOISE LEVEL METER-11.SST:
---------------------------------------------------------
D42:  0.0100 ROUND  --     219 Draws,       0 Flashes
D145: 0.0004 ROUND  --       0 Draws,       2 Flashes
D146: 0.0080 ROUND  --     455 Draws,       0 Flashes
D147: 0.0050 ROUND  --      29 Draws,       0 Flashes
D148: 0.0020 ROUND  --     569 Draws,       0 Flashes
D149: 0.0079 ROUND  --     128 Draws,       0 Flashes
D150: 0.0118 ROUND  --     753 Draws,       0 Flashes
D151: 0.0039 ROUND  --      87 Draws,       0 Flashes
D152: 0.0060 ROUND  --     133 Draws,       0 Flashes
---------------------------------------------------------
  9 D-Codes      -----    2373 Draws,       2 Flashes

*********************************************************

Output file: D:\SOUND LEVEL METER PROJECT\MO PHONG_SOUND LEVEL METER_V3\SOUND LEVEL METER_OK\BOARD_NOISE LEVEL METER\NOISE LEVEL METER-11.AST

Aperture totals for D:\SOUND LEVEL METER PROJECT\MO PHONG_SOUND LEVEL METER_V3\SOUND LEVEL METER_OK\BOARD_NOISE LEVEL METER\NOISE LEVEL METER-11.AST:
---------------------------------------------------------
D42:  0.0100 ROUND  --     155 Draws,       0 Flashes
D43:  0.0300 ROUND  --       8 Draws,       0 Flashes
D146: 0.0080 ROUND  --     271 Draws,       0 Flashes
D153: 0.0550 ROUND  --       0 Draws,       4 Flashes
D154: 0.1200 SQUARE --       0 Draws,       1 Flashes
D155: 0.1200 ROUND  --       0 Draws,       5 Flashes
D156: 0.0990 x 0.0670 OBLONG    -----      13 Flashes
D157: 0.0800 x 0.0580 OBLONG    -----      42 Flashes
D158: 0.0800 x 0.0580 RECTANGLE -----       2 Flashes
D159: 0.0630 ROUND  --       0 Draws,       8 Flashes
D160: 0.0630 SQUARE --       0 Draws,       1 Flashes
D161: 0.1000 ROUND  --       0 Draws,       1 Flashes
D162: 0.0600 ROUND  --       0 Draws,       8 Flashes
D163: 0.1000 SQUARE --       0 Draws,       1 Flashes
D164: 0.0670 x 0.0990 OBLONG    -----       3 Flashes
D165: 0.0590 x 0.0394 RECTANGLE -----      12 Flashes
D166: 0.0394 x 0.0590 RECTANGLE -----       2 Flashes
D167: 0.0787 ROUND  --       0 Draws,      12 Flashes
D168: 0.0710 ROUND  --       0 Draws,       2 Flashes
D169: 0.0710 SQUARE --       0 Draws,       1 Flashes
---------------------------------------------------------
 20 D-Codes      -----     434 Draws,     118 Flashes

*********************************************************

Output file: D:\SOUND LEVEL METER PROJECT\MO PHONG_SOUND LEVEL METER_V3\SOUND LEVEL METER_OK\BOARD_NOISE LEVEL METER\NOISE LEVEL METER-11.DRD

Aperture totals for D:\SOUND LEVEL METER PROJECT\MO PHONG_SOUND LEVEL METER_V3\SOUND LEVEL METER_OK\BOARD_NOISE LEVEL METER\NOISE LEVEL METER-11.DRD:
---------------------------------------------------------
D42:  0.0100 ROUND  --    1453 Draws,       0 Flashes
D43:  0.0300 ROUND  --       8 Draws,       0 Flashes
---------------------------------------------------------
  2 D-Codes      -----    1461 Draws,       0 Flashes

*********************************************************

Output file: D:\SOUND LEVEL METER PROJECT\MO PHONG_SOUND LEVEL METER_V3\SOUND LEVEL METER_OK\BOARD_NOISE LEVEL METER\NOISE LEVEL METER-11.FAB

Aperture totals for D:\SOUND LEVEL METER PROJECT\MO PHONG_SOUND LEVEL METER_V3\SOUND LEVEL METER_OK\BOARD_NOISE LEVEL METER\NOISE LEVEL METER-11.FAB:
---------------------------------------------------------
D43:  0.0300 ROUND  --       8 Draws,       0 Flashes
D170: 0.0280 ROUND  --       0 Draws,       1 Flashes
D171: 0.0280 ROUND  --       0 Draws,      29 Flashes
---------------------------------------------------------
  3 D-Codes      -----       8 Draws,      30 Flashes


*********************************************************

Aperture totals for entire project:
---------------------------------------------------------
D10:  0.0600 ROUND  --       0 Draws,      34 Flashes
D11:  0.0600 SQUARE --       0 Draws,      33 Flashes
D12:  0.0800 ROUND  --       0 Draws,       3 Flashes
D13:  0.0800 SQUARE --       0 Draws,       3 Flashes
D14:  0.1000 SQUARE --       0 Draws,       3 Flashes
D15:  0.1000 ROUND  --       0 Draws,      33 Flashes
D16:  0.0950 x 0.0650 OBLONG    -----      39 Flashes
D17:  0.0950 x 0.0650 RECTANGLE -----      15 Flashes
D18:  0.0800 x 0.0600 OBLONG    -----     126 Flashes
D19:  0.0800 x 0.0600 RECTANGLE -----       6 Flashes
D20:  0.1400 x 0.1900 RECTANGLE -----       6 Flashes
D21:  0.0700 ROUND  --       0 Draws,       8 Flashes
D22:  0.0700 SQUARE --       0 Draws,       1 Flashes
D23:  0.1575 ROUND  --       0 Draws,      12 Flashes
D24:  0.0750 x 0.0900 OBLONG    -----      45 Flashes
D25:  0.0750 x 0.0900 RECTANGLE -----       3 Flashes
D26:  0.0900 x 0.0800 OBLONG    -----       3 Flashes
D27:  0.0800 x 0.0900 OBLONG    -----       3 Flashes
D28:  0.0900 x 0.0800 RECTANGLE -----       3 Flashes
D29:  0.4000 x 0.3000 OBLONG    -----       3 Flashes
D30:  0.4000 x 0.3000 RECTANGLE -----       3 Flashes
D31:  0.0650 x 0.0950 RECTANGLE -----      12 Flashes
D32:  0.1180 ROUND  --       0 Draws,      24 Flashes
D33:  0.0650 x 0.0950 OBLONG    -----       6 Flashes
D34:  0.0590 x 0.0394 RECTANGLE -----      12 Flashes
D35:  0.0394 x 0.0590 RECTANGLE -----       2 Flashes
D36:  0.0790 ROUND  --       0 Draws,      12 Flashes
D37:  0.1181 x 0.1575 OBLONG    -----       6 Flashes
D38:  0.1181 x 0.1575 RECTANGLE -----       3 Flashes
D39:  0.0700 x 0.0850 OBLONG    -----       6 Flashes
D40:  0.0700 x 0.0850 RECTANGLE -----       3 Flashes
D41:  0.0350 ROUND  --    3933 Draws,       0 Flashes
D42:  0.0100 ROUND  --    2055 Draws,       0 Flashes
D43:  0.0300 ROUND  --      56 Draws,       0 Flashes
D44:  0.0600 ROUND  --       0 Draws,       1 Flashes
D45:  0.0200 ROUND  --     382 Draws,       0 Flashes
D46:  0.0600 ROUND  --       0 Draws,      57 Flashes
D47:  0.0150 ROUND  --       1 Draws,       0 Flashes
D48:  0.0250 ROUND  --     165 Draws,       0 Flashes
D49:  0.0500 ROUND  --       1 Draws,       0 Flashes
D50:  0.0600 ROUND  --       0 Draws,      12 Flashes
D51:  0.0600 SQUARE --       0 Draws,      11 Flashes
D52:  0.0800 ROUND  --       0 Draws,       1 Flashes
D53:  0.0800 SQUARE --       0 Draws,       1 Flashes
D54:  0.1000 SQUARE --       0 Draws,       1 Flashes
D55:  0.1000 ROUND  --       0 Draws,      11 Flashes
D56:  0.0950 x 0.0650 OBLONG    -----      13 Flashes
D57:  0.0950 x 0.0650 RECTANGLE -----       5 Flashes
D58:  0.0800 x 0.0600 OBLONG    -----      42 Flashes
D59:  0.0800 x 0.0600 RECTANGLE -----       2 Flashes
D60:  0.1400 x 0.1900 RECTANGLE -----       2 Flashes
D61:  0.0700 ROUND  --       0 Draws,       8 Flashes
D62:  0.0700 SQUARE --       0 Draws,       1 Flashes
D63:  0.1575 ROUND  --       0 Draws,       4 Flashes
D64:  0.0750 x 0.0900 OBLONG    -----      15 Flashes
D65:  0.0750 x 0.0900 RECTANGLE -----       1 Flashes
D66:  0.0900 x 0.0800 OBLONG    -----       1 Flashes
D67:  0.0800 x 0.0900 OBLONG    -----       1 Flashes
D68:  0.0900 x 0.0800 RECTANGLE -----       1 Flashes
D69:  0.4000 x 0.3000 OBLONG    -----       1 Flashes
D70:  0.4000 x 0.3000 RECTANGLE -----       1 Flashes
D71:  0.0650 x 0.0950 RECTANGLE -----       4 Flashes
D72:  0.1180 ROUND  --       0 Draws,       6 Flashes
D73:  0.0650 x 0.0950 OBLONG    -----       2 Flashes
D74:  0.0787 ROUND  --       0 Draws,      12 Flashes
D75:  0.1181 x 0.1575 OBLONG    -----       2 Flashes
D76:  0.1181 x 0.1575 RECTANGLE -----       1 Flashes
D77:  0.0700 x 0.0850 OBLONG    -----       2 Flashes
D78:  0.0700 x 0.0850 RECTANGLE -----       1 Flashes
D79:  0.0400 ROUND  --       3 Draws,       0 Flashes
D80:  0.0830 ROUND  --       0 Draws,      16 Flashes
D81:  0.0830 SQUARE --       0 Draws,       2 Flashes
D82:  0.0787 ROUND  --       0 Draws,      24 Flashes
D83:  0.0750 ROUND  --       0 Draws,       2 Flashes
D84:  0.0750 ROUND  --       0 Draws,      58 Flashes
D85:  0.0680 ROUND  --       0 Draws,      12 Flashes
D86:  0.0680 SQUARE --       0 Draws,      11 Flashes
D87:  0.0880 ROUND  --       0 Draws,       1 Flashes
D88:  0.0880 SQUARE --       0 Draws,       1 Flashes
D89:  0.1080 SQUARE --       0 Draws,       1 Flashes
D90:  0.1080 ROUND  --       0 Draws,      11 Flashes
D91:  0.1030 x 0.0730 OBLONG    -----      13 Flashes
D92:  0.1030 x 0.0730 RECTANGLE -----       5 Flashes
D93:  0.0880 x 0.0680 OBLONG    -----      42 Flashes
D94:  0.0880 x 0.0680 RECTANGLE -----       2 Flashes
D95:  0.1480 x 0.1980 RECTANGLE -----       2 Flashes
D96:  0.0780 ROUND  --       0 Draws,       8 Flashes
D97:  0.0780 SQUARE --       0 Draws,       1 Flashes
D98:  0.1650 ROUND  --       0 Draws,       4 Flashes
D99:  0.0830 x 0.0980 OBLONG    -----      15 Flashes
D100: 0.0830 x 0.0980 RECTANGLE -----       1 Flashes
D101: 0.0980 x 0.0880 OBLONG    -----       1 Flashes
D102: 0.0880 x 0.0980 OBLONG    -----       1 Flashes
D103: 0.0980 x 0.0880 RECTANGLE -----       1 Flashes
D104: 0.4080 x 0.3080 OBLONG    -----       1 Flashes
D105: 0.4080 x 0.3080 RECTANGLE -----       1 Flashes
D106: 0.0730 x 0.1030 RECTANGLE -----       4 Flashes
D107: 0.0730 x 0.1030 OBLONG    -----       2 Flashes
D108: 0.0670 x 0.0470 RECTANGLE -----      12 Flashes
D109: 0.0470 x 0.0670 RECTANGLE -----       2 Flashes
D110: 0.0870 ROUND  --       0 Draws,      12 Flashes
D111: 0.1260 x 0.1650 OBLONG    -----       2 Flashes
D112: 0.1260 x 0.1650 RECTANGLE -----       1 Flashes
D113: 0.0780 x 0.0950 OBLONG    -----       2 Flashes
D114: 0.0780 x 0.0930 RECTANGLE -----       1 Flashes
D115: 0.0680 ROUND  --       0 Draws,      58 Flashes
D116: 0.0680 ROUND  --       0 Draws,      12 Flashes
D117: 0.0680 SQUARE --       0 Draws,      11 Flashes
D118: 0.0880 ROUND  --       0 Draws,       1 Flashes
D119: 0.0880 SQUARE --       0 Draws,       1 Flashes
D120: 0.1080 SQUARE --       0 Draws,       1 Flashes
D121: 0.1080 ROUND  --       0 Draws,      11 Flashes
D122: 0.1030 x 0.0730 OBLONG    -----      13 Flashes
D123: 0.1030 x 0.0730 RECTANGLE -----       5 Flashes
D124: 0.0880 x 0.0680 OBLONG    -----      42 Flashes
D125: 0.0880 x 0.0680 RECTANGLE -----       2 Flashes
D126: 0.1480 x 0.1980 RECTANGLE -----       2 Flashes
D127: 0.0780 ROUND  --       0 Draws,       8 Flashes
D128: 0.0780 SQUARE --       0 Draws,       1 Flashes
D129: 0.1650 ROUND  --       0 Draws,       4 Flashes
D130: 0.0830 x 0.0980 OBLONG    -----      15 Flashes
D131: 0.0830 x 0.0980 RECTANGLE -----       1 Flashes
D132: 0.0980 x 0.0880 OBLONG    -----       1 Flashes
D133: 0.0880 x 0.0980 OBLONG    -----       1 Flashes
D134: 0.0980 x 0.0880 RECTANGLE -----       1 Flashes
D135: 0.4080 x 0.3080 OBLONG    -----       1 Flashes
D136: 0.4080 x 0.3080 RECTANGLE -----       1 Flashes
D137: 0.0730 x 0.1030 RECTANGLE -----       4 Flashes
D138: 0.1180 ROUND  --       0 Draws,       6 Flashes
D139: 0.0730 x 0.1030 OBLONG    -----       2 Flashes
D140: 0.0870 ROUND  --       0 Draws,      12 Flashes
D141: 0.1260 x 0.1650 OBLONG    -----       2 Flashes
D142: 0.1260 x 0.1650 RECTANGLE -----       1 Flashes
D143: 0.0780 x 0.0950 OBLONG    -----       2 Flashes
D144: 0.0780 x 0.0930 RECTANGLE -----       1 Flashes
D145: 0.0004 ROUND  --       0 Draws,       2 Flashes
D146: 0.0080 ROUND  --     726 Draws,       0 Flashes
D147: 0.0050 ROUND  --      29 Draws,       0 Flashes
D148: 0.0020 ROUND  --     569 Draws,       0 Flashes
D149: 0.0079 ROUND  --     128 Draws,       0 Flashes
D150: 0.0118 ROUND  --     753 Draws,       0 Flashes
D151: 0.0039 ROUND  --      87 Draws,       0 Flashes
D152: 0.0060 ROUND  --     133 Draws,       0 Flashes
D153: 0.0550 ROUND  --       0 Draws,       4 Flashes
D154: 0.1200 SQUARE --       0 Draws,       1 Flashes
D155: 0.1200 ROUND  --       0 Draws,       5 Flashes
D156: 0.0990 x 0.0670 OBLONG    -----      13 Flashes
D157: 0.0800 x 0.0580 OBLONG    -----      42 Flashes
D158: 0.0800 x 0.0580 RECTANGLE -----       2 Flashes
D159: 0.0630 ROUND  --       0 Draws,       8 Flashes
D160: 0.0630 SQUARE --       0 Draws,       1 Flashes
D161: 0.1000 ROUND  --       0 Draws,       1 Flashes
D162: 0.0600 ROUND  --       0 Draws,       8 Flashes
D163: 0.1000 SQUARE --       0 Draws,       1 Flashes
D164: 0.0670 x 0.0990 OBLONG    -----       3 Flashes
D165: 0.0590 x 0.0394 RECTANGLE -----      12 Flashes
D166: 0.0394 x 0.0590 RECTANGLE -----       2 Flashes
D167: 0.0787 ROUND  --       0 Draws,      12 Flashes
D168: 0.0710 ROUND  --       0 Draws,       2 Flashes
D169: 0.0710 SQUARE --       0 Draws,       1 Flashes
D170: 0.0280 ROUND  --       0 Draws,       1 Flashes
D171: 0.0280 ROUND  --       0 Draws,      29 Flashes
---------------------------------------------------------
162 D-Codes      -----    9021 Draws,    1342 Flashes


No warnings or errors.
